#
# A fatal error has been detected by the Java Runtime Environment:
#
#  SIGSEGV (0xb) at pc=0x000000010d75c0a1, pid=2283, tid=0x0000000000000103
#
# JRE version: OpenJDK Runtime Environment (Zulu 8.58.0.13-CA-macosx) (8.0_312-b07) (build 1.8.0_312-b07)
# Java VM: OpenJDK 64-Bit Server VM (25.312-b07 mixed mode bsd-amd64 compressed oops)
# Problematic frame:
# J 5080 C2 javafx.scene.Node.impl_intersectsBounds(Lcom/sun/javafx/geom/PickRay;)D (1005 bytes) @ 0x000000010d75c0a1 [0x000000010d75be60+0x241]
#
# Failed to write core dump. Core dumps have been disabled. To enable core dumping, try "ulimit -c unlimited" before starting Java again
#
# If you would like to submit a bug report, please visit:
#   http://www.azul.com/support/
# The crash happened outside the Java Virtual Machine in native code.
# See problematic frame for where to report the bug.
#

---------------  T H R E A D  ---------------

Current thread (0x00007f8661957800):  JavaThread "JavaFX Application Thread" [_thread_in_native, id=259, stack(0x00007ff7b54fd000,0x00007ff7b5cfd000)]

siginfo: si_signo: 11 (SIGSEGV), si_code: 1 (SEGV_MAPERR), si_addr: 0x0000000000000008

Registers:
RAX=0x000000074048e8a8, RBX=0x00000007c00bceb0, RCX=0x00000007982ed940, RDX=0x00000007982edbe0
RSP=0x00007ff7b5cf6910, RBP=0x0000000798aa0178, RSI=0x00000007982ed940, RDI=0x0000000740013a18
R8 =0x0000000000000000, R9 =0x0000000000000000, R10=0x0000000798318970, R11=0x00000000f315402f
R12=0x0000000000000000, R13=0x0000000000000000, R14=0x0000000000000000, R15=0x00007f8661957800
RIP=0x000000010d75c0a1, EFLAGS=0x0000000000010246, ERR=0x0000000000000004
  TRAPNO=0x000000000000000e

Top of Stack: (sp=0x00007ff7b5cf6910)
0x00007ff7b5cf6910:   00000007982ed940 0000000798aa0128
0x00007ff7b5cf6920:   00000007f315402a 0000000000000000
0x00007ff7b5cf6930:   c010000000000000 c09107090c412ddd
0x00007ff7b5cf6940:   0000000798aa0150 0000000000000000
0x00007ff7b5cf6950:   00000007982ef630 00000007982ef328
0x00007ff7b5cf6960:   0000000700000000 000000010d92f3f4
0x00007ff7b5cf6970:   00000000f315402f 000000010d75bf70
0x00007ff7b5cf6980:   4010000000000000 402a000000000000
0x00007ff7b5cf6990:   00000007f315402a 4010000000000000
0x00007ff7b5cf69a0:   00000000f315402a 000000010d51e51c
0x00007ff7b5cf69b0:   00000007982ef328 000000074048e880
0x00007ff7b5cf69c0:   0000000000000000 0000000000000000
0x00007ff7b5cf69d0:   0000000000000000 4010000000000000
0x00007ff7b5cf69e0:   402a000000000000 00000007982ef328
0x00007ff7b5cf69f0:   4010000000000000 402a000000000000
0x00007ff7b5cf6a00:   0000000797e25338 0000000000000000
0x00007ff7b5cf6a10:   0000000798aa0128 000000010d75c2e0
0x00007ff7b5cf6a20:   7ff8000000000000 0000000798aa0128
0x00007ff7b5cf6a30:   409107090c412ddd 4010000000000000
0x00007ff7b5cf6a40:   00000007982ed940 0000000798aa01a0
0x00007ff7b5cf6a50:   0000000798aa0128 409107090c412ddd
0x00007ff7b5cf6a60:   4010000000000000 0000000000000000
0x00007ff7b5cf6a70:   00000000f315402a 000000010d8a37b4
0x00007ff7b5cf6a80:   00000007982ef328 00000007982ed940
0x00007ff7b5cf6a90:   0000000000000000 0000000000000000
0x00007ff7b5cf6aa0:   0000000000000000 0000000000000000
0x00007ff7b5cf6ab0:   00000000f315402a 000000010d9d5b00
0x00007ff7b5cf6ac0:   00000007982bfdd8 00000007982c86b0
0x00007ff7b5cf6ad0:   0000000700000000 00000007982c81c0
0x00007ff7b5cf6ae0:   0000000798aa0128 0000000798aa01a0
0x00007ff7b5cf6af0:   00000007982ed940 4010000000000000
0x00007ff7b5cf6b00:   c09107090c412ddd 402a000000000000 

Instructions: (pc=0x000000010d75c0a1)
0x000000010d75c081:   8b 42 14 41 c6 42 0c 01 4b 8d 2c dc 45 85 c0 0f
0x000000010d75c091:   85 ca 04 00 00 45 8b 42 10 4d 8b c8 49 c1 e1 03
0x000000010d75c0a1:   45 8b 51 08 49 c1 e2 03 4d 8b 52 30 49 b8 78 6e
0x000000010d75c0b1:   0f c0 07 00 00 00 4d 3b d0 0f 85 55 08 00 00 c5 

Register to memory mapping:

RAX=0x000000074048e8a8 is an oop
com.sun.javafx.geom.RectBounds 
 - klass: 'com/sun/javafx/geom/RectBounds'
RBX=0x00000007c00bceb0 is pointing into metadata
RCX=0x00000007982ed940 is an oop
com.sun.javafx.scene.control.skin.LabeledText 
 - klass: 'com/sun/javafx/scene/control/skin/LabeledText'
RDX=0x00000007982edbe0 is an oop
com.sun.javafx.geom.RectBounds 
 - klass: 'com/sun/javafx/geom/RectBounds'
RSP=0x00007ff7b5cf6910 is pointing into the stack for thread: 0x00007f8661957800
RBP=0x0000000798aa0178 is an oop
com.sun.javafx.geom.Vec3d 
 - klass: 'com/sun/javafx/geom/Vec3d'
RSI=0x00000007982ed940 is an oop
com.sun.javafx.scene.control.skin.LabeledText 
 - klass: 'com/sun/javafx/scene/control/skin/LabeledText'
RDI=0x0000000740013a18 is an oop
com.sun.javafx.util.TempState$1 
 - klass: 'com/sun/javafx/util/TempState$1'
R8 =0x0000000000000000 is an unknown value
R9 =0x0000000000000000 is an unknown value
R10=0x0000000798318970 is an oop
javafx.scene.Node$MiscProperties$5 
 - klass: 'javafx/scene/Node$MiscProperties$5'
R11=0x00000000f315402f is an unknown value
R12=0x0000000000000000 is an unknown value
R13=0x0000000000000000 is an unknown value
R14=0x0000000000000000 is an unknown value
R15=0x00007f8661957800 is a thread


Stack: [0x00007ff7b54fd000,0x00007ff7b5cfd000],  sp=0x00007ff7b5cf6910,  free space=8166k
Native frames: (J=compiled Java code, j=interpreted, Vv=VM code, C=native code)
J 5080 C2 javafx.scene.Node.impl_intersectsBounds(Lcom/sun/javafx/geom/PickRay;)D (1005 bytes) @ 0x000000010d75c0a1 [0x000000010d75be60+0x241]
J 1956 C1 javafx.scene.Node.impl_intersects(Lcom/sun/javafx/geom/PickRay;Lcom/sun/javafx/scene/input/PickResultChooser;)Z (47 bytes) @ 0x000000010d51e51c [0x000000010d51e400+0x11c]
J 3201 C1 javafx.scene.Node.impl_pickNodeLocal(Lcom/sun/javafx/geom/PickRay;Lcom/sun/javafx/scene/input/PickResultChooser;)V (8 bytes) @ 0x000000010d8a37b4 [0x000000010d8a36c0+0xf4]
J 3522 C2 javafx.scene.layout.Region.impl_pickNodeLocal(Lcom/sun/javafx/geom/PickRay;Lcom/sun/javafx/scene/input/PickResultChooser;)V (74 bytes) @ 0x000000010d9d5b00 [0x000000010d9d58c0+0x240]
J 3522 C2 javafx.scene.layout.Region.impl_pickNodeLocal(Lcom/sun/javafx/geom/PickRay;Lcom/sun/javafx/scene/input/PickResultChooser;)V (74 bytes) @ 0x000000010d9d5b00 [0x000000010d9d58c0+0x240]
J 3395 C2 javafx.scene.Node.impl_pickNode(Lcom/sun/javafx/geom/PickRay;Lcom/sun/javafx/scene/input/PickResultChooser;)V (130 bytes) @ 0x000000010d959f64 [0x000000010d959d60+0x204]
J 3524 C1 javafx.scene.Parent.impl_pickNodeLocal(Lcom/sun/javafx/geom/PickRay;Lcom/sun/javafx/scene/input/PickResultChooser;)V (84 bytes) @ 0x000000010d9ccb74 [0x000000010d9cc640+0x534]
J 3522 C2 javafx.scene.layout.Region.impl_pickNodeLocal(Lcom/sun/javafx/geom/PickRay;Lcom/sun/javafx/scene/input/PickResultChooser;)V (74 bytes) @ 0x000000010d9d5b00 [0x000000010d9d58c0+0x240]
J 3522 C2 javafx.scene.layout.Region.impl_pickNodeLocal(Lcom/sun/javafx/geom/PickRay;Lcom/sun/javafx/scene/input/PickResultChooser;)V (74 bytes) @ 0x000000010d9d5b00 [0x000000010d9d58c0+0x240]
J 3522 C2 javafx.scene.layout.Region.impl_pickNodeLocal(Lcom/sun/javafx/geom/PickRay;Lcom/sun/javafx/scene/input/PickResultChooser;)V (74 bytes) @ 0x000000010d9d5b00 [0x000000010d9d58c0+0x240]
J 3522 C2 javafx.scene.layout.Region.impl_pickNodeLocal(Lcom/sun/javafx/geom/PickRay;Lcom/sun/javafx/scene/input/PickResultChooser;)V (74 bytes) @ 0x000000010d9d5b00 [0x000000010d9d58c0+0x240]
J 3395 C2 javafx.scene.Node.impl_pickNode(Lcom/sun/javafx/geom/PickRay;Lcom/sun/javafx/scene/input/PickResultChooser;)V (130 bytes) @ 0x000000010d959f64 [0x000000010d959d60+0x204]
J 3372 C1 javafx.scene.Scene.pick(Ljavafx/scene/Scene$TargetWrapper;DD)V (149 bytes) @ 0x000000010d93d16c [0x000000010d93c940+0x82c]
J 3386 C1 javafx.scene.Scene$MouseHandler.process(Ljavafx/scene/input/MouseEvent;Z)V (735 bytes) @ 0x000000010d94ab3c [0x000000010d949920+0x121c]
J 4155 C1 javafx.scene.Scene$ScenePeerListener.mouseEvent(Ljavafx/event/EventType;DDDDLjavafx/scene/input/MouseButton;ZZZZZZZZZ)V (50 bytes) @ 0x000000010dbe6a34 [0x000000010dbe6760+0x2d4]
J 3657 C1 com.sun.javafx.tk.quantum.GlassViewEventHandler$MouseEventNotification.run()Ljava/lang/Void; (624 bytes) @ 0x000000010da4ff0c [0x000000010da4ee60+0x10ac]
J 3656 C1 com.sun.javafx.tk.quantum.GlassViewEventHandler$MouseEventNotification.run()Ljava/lang/Object; (5 bytes) @ 0x000000010da4890c [0x000000010da48880+0x8c]
v  ~StubRoutines::call_stub
V  [libjvm.dylib+0x2d7e24]
V  [libjvm.dylib+0x349e5d]
J 1589  java.security.AccessController.doPrivileged(Ljava/security/PrivilegedAction;Ljava/security/AccessControlContext;)Ljava/lang/Object; (0 bytes) @ 0x000000010d43fcd5 [0x000000010d43fc00+0xd5]
J 3505 C1 com.sun.javafx.tk.quantum.GlassViewEventHandler$$Lambda$205.get()Ljava/lang/Object; (8 bytes) @ 0x000000010d9b0de4 [0x000000010d9b0c00+0x1e4]
J 3199 C1 com.sun.javafx.tk.quantum.QuantumToolkit.runWithoutRenderLock(Ljava/util/function/Supplier;)Ljava/lang/Object; (49 bytes) @ 0x000000010d8a2c74 [0x000000010d8a2740+0x534]
J 3502 C1 com.sun.javafx.tk.quantum.GlassViewEventHandler.handleMouseEvent(Lcom/sun/glass/ui/View;JIIIIIIIZZ)V (108 bytes) @ 0x000000010d9ae564 [0x000000010d9ae140+0x424]
J 3362 C1 com.sun.glass.ui.View.notifyMouse(IIIIIIIZZ)V (221 bytes) @ 0x000000010d9312bc [0x000000010d9301e0+0x10dc]
v  ~StubRoutines::call_stub
V  [libjvm.dylib+0x2d7e24]
V  [libjvm.dylib+0x30f3d1]
V  [libjvm.dylib+0x313829]
C  [libglass.dylib+0xf0a9]  -[GlassViewDelegate sendJavaMouseEvent:]+0x9d9
C  [AppKit+0x2d123f]  -[NSTrackingArea mouseMoved:]+0x85
C  [AppKit+0x1b1a59]  -[NSWindow(NSEventRouting) _reallySendEvent:isDelayedEvent:]+0x10df
C  [AppKit+0x1b075a]  -[NSWindow(NSEventRouting) sendEvent:]+0x160
C  [libglass.dylib+0x1a812]  -[GlassWindow_Normal sendEvent:]+0x62
C  [AppKit+0x1af1eb]  -[NSApplication(NSEvent) sendEvent:]+0x823
C  [AppKit+0x4681a7]  -[NSApplication _handleEvent:]+0x41
C  [AppKit+0x2f93e]  -[NSApplication run]+0x26f
C  [libglass.dylib+0xbd2b]  -[GlassApplication runLoop:]+0x76b
C  [Foundation+0x80b03]  __NSThreadPerformPerform+0xb3
C  [CoreFoundation+0x808fd]  __CFRUNLOOP_IS_CALLING_OUT_TO_A_SOURCE0_PERFORM_FUNCTION__+0x11
C  [CoreFoundation+0x80865]  __CFRunLoopDoSource0+0xb4
C  [CoreFoundation+0x805e4]  __CFRunLoopDoSources0+0xf2
C  [CoreFoundation+0x7f01b]  __CFRunLoopRun+0x37d
C  [CoreFoundation+0x7e5dd]  CFRunLoopRunSpecific+0x233
C  [java+0x58d4]  CreateExecutionEnvironment+0x36b
C  [java+0x1e96]  JLI_Launch+0x756
C  [java+0x81f6]  main+0x4c
C  0x000000010cea14fe
C  0x0000000000000000


---------------  P R O C E S S  ---------------

Java Threads: ( => current thread )
  0x00007f866620c800 JavaThread "PulseTimer-CVDisplayLink thread" daemon [_thread_in_native, id=13159, stack(0x000070000945b000,0x00007000094db000)]
  0x00007f86612b0800 JavaThread "mysql-cj-abandoned-connection-cleanup" daemon [_thread_blocked, id=77731, stack(0x000070000a411000,0x000070000a511000)]
  0x00007f8663310000 JavaThread "Prism Font Disposer" daemon [_thread_blocked, id=54791, stack(0x000070000a30e000,0x000070000a40e000)]
  0x00007f866297d000 JavaThread "JavaFX-Launcher" [_thread_blocked, id=50195, stack(0x000070000a188000,0x000070000a288000)]
  0x00007f866291c000 JavaThread "Attach Listener" daemon [_thread_blocked, id=45091, stack(0x000070000a002000,0x000070000a102000)]
=>0x00007f8661957800 JavaThread "JavaFX Application Thread" [_thread_in_native, id=259, stack(0x00007ff7b54fd000,0x00007ff7b5cfd000)]
  0x00007f8661136000 JavaThread "Thread-1" daemon [_thread_blocked, id=40207, stack(0x0000700009cf6000,0x0000700009df6000)]
  0x00007f8662904000 JavaThread "QuantumRenderer-0" daemon [_thread_blocked, id=16899, stack(0x0000700009bf3000,0x0000700009cf3000)]
  0x00007f8661052000 JavaThread "Service Thread" daemon [_thread_blocked, id=18435, stack(0x00007000099ed000,0x0000700009aed000)]
  0x00007f8661010800 JavaThread "C1 CompilerThread2" daemon [_thread_blocked, id=18691, stack(0x00007000098ea000,0x00007000099ea000)]
  0x00007f8662851000 JavaThread "C2 CompilerThread1" daemon [_thread_blocked, id=15619, stack(0x00007000097e7000,0x00007000098e7000)]
  0x00007f866284e800 JavaThread "C2 CompilerThread0" daemon [_thread_blocked, id=19203, stack(0x00007000096e4000,0x00007000097e4000)]
  0x00007f866284b800 JavaThread "Monitor Ctrl-Break" daemon [_thread_in_native, id=19715, stack(0x00007000095e1000,0x00007000096e1000)]
  0x00007f8662838000 JavaThread "Signal Dispatcher" daemon [_thread_blocked, id=15107, stack(0x00007000094de000,0x00007000095de000)]
  0x00007f866281a000 JavaThread "Finalizer" daemon [_thread_blocked, id=21251, stack(0x00007000092d5000,0x00007000093d5000)]
  0x00007f866304f000 JavaThread "Reference Handler" daemon [_thread_blocked, id=21507, stack(0x00007000091d2000,0x00007000092d2000)]
  0x00007f866300a000 JavaThread "main" [_thread_blocked, id=5635, stack(0x0000700008bc0000,0x0000700008cc0000)]

Other Threads:
  0x00007f8661813000 VMThread [stack: 0x00007000090cf000,0x00007000091cf000] [id=12035]
  0x00007f8661053000 WatcherThread [stack: 0x0000700009af0000,0x0000700009bf0000] [id=16387]

VM state:not at safepoint (normal execution)

VM Mutex/Monitor currently owned by a thread: None

heap address: 0x0000000740000000, size: 2048 MB, Compressed Oops mode: Zero based, Oop shift amount: 3
Narrow klass base: 0x0000000000000000, Narrow klass shift: 3
Compressed class space size: 1073741824 Address: 0x00000007c0000000

Heap:
 PSYoungGen      total 71680K, used 55716K [0x0000000795580000, 0x000000079d900000, 0x00000007c0000000)
  eden space 66560K, 83% used [0x0000000795580000,0x0000000798be93b8,0x0000000799680000)
  from space 5120K, 0% used [0x0000000799680000,0x0000000799680000,0x0000000799b80000)
  to   space 13312K, 0% used [0x000000079cc00000,0x000000079cc00000,0x000000079d900000)
 ParOldGen       total 154624K, used 61213K [0x0000000740000000, 0x0000000749700000, 0x0000000795580000)
  object space 154624K, 39% used [0x0000000740000000,0x0000000743bc7600,0x0000000749700000)
 Metaspace       used 28908K, capacity 30300K, committed 30512K, reserved 1075200K
  class space    used 3788K, capacity 4063K, committed 4144K, reserved 1048576K

Card table byte_map: [0x000000010a7e6000,0x000000010abe7000] byte_map_base: 0x0000000106de6000

Marking Bits: (ParMarkBitMap*) 0x000000010b867948
 Begin Bits: [0x000000011bf54000, 0x000000011df54000)
 End Bits:   [0x000000011df54000, 0x000000011ff54000)

Polling page: 0x000000010a33b000

CodeCache: size=245760Kb used=17034Kb max_used=17222Kb free=228725Kb
 bounds [0x000000010cf54000, 0x000000010e074000, 0x000000011bf54000]
 total_blobs=6001 nmethods=5197 adapters=714
 compilation: enabled

Compilation events (10 events):
Event: 205.486 Thread 0x00007f8661010800 nmethod 5861 0x000000010d6e0cd0 code [0x000000010d6e0e20, 0x000000010d6e0f30]
Event: 205.541 Thread 0x00007f8662851000 nmethod 5856 0x000000010e0652d0 code [0x000000010e065d60, 0x000000010e06bb28]
Event: 205.572 Thread 0x00007f8661010800 5862       3       com.sun.javafx.scene.control.skin.TextFieldSkin$4::computeValue (21 bytes)
Event: 205.573 Thread 0x00007f8661010800 nmethod 5862 0x000000010d3b6610 code [0x000000010d3b67a0, 0x000000010d3b6a28]
Event: 205.573 Thread 0x00007f8661010800 5863       3       com.sun.javafx.scene.control.skin.TextInputControlSkin$7::computeValue (85 bytes)
Event: 205.574 Thread 0x00007f8661010800 nmethod 5863 0x000000010d4d40d0 code [0x000000010d4d4360, 0x000000010d4d5a38]
Event: 207.532 Thread 0x00007f866284e800 5864       4       com.sun.javafx.tk.quantum.QuantumToolkit$$Lambda$45/1629792743::run (8 bytes)
Event: 207.540 Thread 0x00007f866284e800 nmethod 5864 0x000000010d4bb7d0 code [0x000000010d4bb9a0, 0x000000010d4bc008]
Event: 207.585 Thread 0x00007f8661010800 5865       3       com.sun.javafx.geom.BoxBounds::makeEmpty (33 bytes)
Event: 207.585 Thread 0x00007f8661010800 nmethod 5865 0x000000010d4d3d90 code [0x000000010d4d3ee0, 0x000000010d4d4050]

GC Heap History (10 events):
Event: 8.133 GC heap before
{Heap before GC invocations=3 (full 0):
 PSYoungGen      total 38400K, used 11248K [0x0000000795580000, 0x0000000798000000, 0x00000007c0000000)
  eden space 33280K, 18% used [0x0000000795580000,0x0000000795b7d258,0x0000000797600000)
  from space 5120K, 99% used [0x0000000797b00000,0x0000000797fff160,0x0000000798000000)
  to   space 5120K, 0% used [0x0000000797600000,0x0000000797600000,0x0000000797b00000)
 ParOldGen       total 87552K, used 58377K [0x0000000740000000, 0x0000000745580000, 0x0000000795580000)
  object space 87552K, 66% used [0x0000000740000000,0x00000007439026c8,0x0000000745580000)
 Metaspace       used 20416K, capacity 21222K, committed 21296K, reserved 1067008K
  class space    used 2856K, capacity 3074K, committed 3120K, reserved 1048576K
Event: 8.141 GC heap after
Heap after GC invocations=3 (full 0):
 PSYoungGen      total 38400K, used 5093K [0x0000000795580000, 0x000000079a080000, 0x00000007c0000000)
  eden space 33280K, 0% used [0x0000000795580000,0x0000000795580000,0x0000000797600000)
  from space 5120K, 99% used [0x0000000797600000,0x0000000797af9580,0x0000000797b00000)
  to   space 5120K, 0% used [0x0000000799b80000,0x0000000799b80000,0x000000079a080000)
 ParOldGen       total 87552K, used 60129K [0x0000000740000000, 0x0000000745580000, 0x0000000795580000)
  object space 87552K, 68% used [0x0000000740000000,0x0000000743ab8628,0x0000000745580000)
 Metaspace       used 20416K, capacity 21222K, committed 21296K, reserved 1067008K
  class space    used 2856K, capacity 3074K, committed 3120K, reserved 1048576K
}
Event: 8.141 GC heap before
{Heap before GC invocations=4 (full 1):
 PSYoungGen      total 38400K, used 5093K [0x0000000795580000, 0x000000079a080000, 0x00000007c0000000)
  eden space 33280K, 0% used [0x0000000795580000,0x0000000795580000,0x0000000797600000)
  from space 5120K, 99% used [0x0000000797600000,0x0000000797af9580,0x0000000797b00000)
  to   space 5120K, 0% used [0x0000000799b80000,0x0000000799b80000,0x000000079a080000)
 ParOldGen       total 87552K, used 60129K [0x0000000740000000, 0x0000000745580000, 0x0000000795580000)
  object space 87552K, 68% used [0x0000000740000000,0x0000000743ab8628,0x0000000745580000)
 Metaspace       used 20416K, capacity 21222K, committed 21296K, reserved 1067008K
  class space    used 2856K, capacity 3074K, committed 3120K, reserved 1048576K
Event: 8.179 GC heap after
Heap after GC invocations=4 (full 1):
 PSYoungGen      total 38400K, used 0K [0x0000000795580000, 0x000000079a080000, 0x00000007c0000000)
  eden space 33280K, 0% used [0x0000000795580000,0x0000000795580000,0x0000000797600000)
  from space 5120K, 0% used [0x0000000797600000,0x0000000797600000,0x0000000797b00000)
  to   space 5120K, 0% used [0x0000000799b80000,0x0000000799b80000,0x000000079a080000)
 ParOldGen       total 112128K, used 58342K [0x0000000740000000, 0x0000000746d80000, 0x0000000795580000)
  object space 112128K, 52% used [0x0000000740000000,0x00000007438f9910,0x0000000746d80000)
 Metaspace       used 20416K, capacity 21222K, committed 21296K, reserved 1067008K
  class space    used 2856K, capacity 3074K, committed 3120K, reserved 1048576K
}
Event: 13.013 GC heap before
{Heap before GC invocations=5 (full 1):
 PSYoungGen      total 38400K, used 33280K [0x0000000795580000, 0x000000079a080000, 0x00000007c0000000)
  eden space 33280K, 100% used [0x0000000795580000,0x0000000797600000,0x0000000797600000)
  from space 5120K, 0% used [0x0000000797600000,0x0000000797600000,0x0000000797b00000)
  to   space 5120K, 0% used [0x0000000799b80000,0x0000000799b80000,0x000000079a080000)
 ParOldGen       total 112128K, used 58342K [0x0000000740000000, 0x0000000746d80000, 0x0000000795580000)
  object space 112128K, 52% used [0x0000000740000000,0x00000007438f9910,0x0000000746d80000)
 Metaspace       used 26872K, capacity 28070K, committed 28336K, reserved 1073152K
  class space    used 3661K, capacity 3912K, committed 4016K, reserved 1048576K
Event: 13.022 GC heap after
Heap after GC invocations=5 (full 1):
 PSYoungGen      total 65536K, used 5100K [0x0000000795580000, 0x000000079a080000, 0x00000007c0000000)
  eden space 60416K, 0% used [0x0000000795580000,0x0000000795580000,0x0000000799080000)
  from space 5120K, 99% used [0x0000000799b80000,0x000000079a07b030,0x000000079a080000)
  to   space 5120K, 0% used [0x0000000799680000,0x0000000799680000,0x0000000799b80000)
 ParOldGen       total 112128K, used 61461K [0x0000000740000000, 0x0000000746d80000, 0x0000000795580000)
  object space 112128K, 54% used [0x0000000740000000,0x0000000743c05700,0x0000000746d80000)
 Metaspace       used 26872K, capacity 28070K, committed 28336K, reserved 1073152K
  class space    used 3661K, capacity 3912K, committed 4016K, reserved 1048576K
}
Event: 17.831 GC heap before
{Heap before GC invocations=6 (full 1):
 PSYoungGen      total 65536K, used 65516K [0x0000000795580000, 0x000000079a080000, 0x00000007c0000000)
  eden space 60416K, 100% used [0x0000000795580000,0x0000000799080000,0x0000000799080000)
  from space 5120K, 99% used [0x0000000799b80000,0x000000079a07b030,0x000000079a080000)
  to   space 5120K, 0% used [0x0000000799680000,0x0000000799680000,0x0000000799b80000)
 ParOldGen       total 112128K, used 61461K [0x0000000740000000, 0x0000000746d80000, 0x0000000795580000)
  object space 112128K, 54% used [0x0000000740000000,0x0000000743c05700,0x0000000746d80000)
 Metaspace       used 27582K, capacity 28812K, committed 29104K, reserved 1075200K
  class space    used 3683K, capacity 3955K, committed 4016K, reserved 1048576K
Event: 17.878 GC heap after
Heap after GC invocations=6 (full 1):
 PSYoungGen      total 71680K, used 4645K [0x0000000795580000, 0x000000079d900000, 0x00000007c0000000)
  eden space 66560K, 0% used [0x0000000795580000,0x0000000795580000,0x0000000799680000)
  from space 5120K, 90% used [0x0000000799680000,0x0000000799b09540,0x0000000799b80000)
  to   space 13312K, 0% used [0x000000079cc00000,0x000000079cc00000,0x000000079d900000)
 ParOldGen       total 112128K, used 111437K [0x0000000740000000, 0x0000000746d80000, 0x0000000795580000)
  object space 112128K, 99% used [0x0000000740000000,0x0000000746cd35c8,0x0000000746d80000)
 Metaspace       used 27582K, capacity 28812K, committed 29104K, reserved 1075200K
  class space    used 3683K, capacity 3955K, committed 4016K, reserved 1048576K
}
Event: 17.878 GC heap before
{Heap before GC invocations=7 (full 2):
 PSYoungGen      total 71680K, used 4645K [0x0000000795580000, 0x000000079d900000, 0x00000007c0000000)
  eden space 66560K, 0% used [0x0000000795580000,0x0000000795580000,0x0000000799680000)
  from space 5120K, 90% used [0x0000000799680000,0x0000000799b09540,0x0000000799b80000)
  to   space 13312K, 0% used [0x000000079cc00000,0x000000079cc00000,0x000000079d900000)
 ParOldGen       total 112128K, used 111437K [0x0000000740000000, 0x0000000746d80000, 0x0000000795580000)
  object space 112128K, 99% used [0x0000000740000000,0x0000000746cd35c8,0x0000000746d80000)
 Metaspace       used 27582K, capacity 28812K, committed 29104K, reserved 1075200K
  class space    used 3683K, capacity 3955K, committed 4016K, reserved 1048576K
Event: 17.938 GC heap after
Heap after GC invocations=7 (full 2):
 PSYoungGen      total 71680K, used 0K [0x0000000795580000, 0x000000079d900000, 0x00000007c0000000)
  eden space 66560K, 0% used [0x0000000795580000,0x0000000795580000,0x0000000799680000)
  from space 5120K, 0% used [0x0000000799680000,0x0000000799680000,0x0000000799b80000)
  to   space 13312K, 0% used [0x000000079cc00000,0x000000079cc00000,0x000000079d900000)
 ParOldGen       total 154624K, used 61213K [0x0000000740000000, 0x0000000749700000, 0x0000000795580000)
  object space 154624K, 39% used [0x0000000740000000,0x0000000743bc7600,0x0000000749700000)
 Metaspace       used 27582K, capacity 28812K, committed 29104K, reserved 1075200K
  class space    used 3683K, capacity 3955K, committed 4016K, reserved 1048576K
}

Deoptimization events (10 events):
Event: 45.327 Thread 0x00007f8661957800 Uncommon trap: reason=class_check action=maybe_recompile pc=0x000000010d95b4fc method=javafx.scene.Node.impl_intersectsBounds(Lcom/sun/javafx/geom/PickRay;)D @ 867
Event: 49.457 Thread 0x00007f8662904000 Uncommon trap: reason=class_check action=maybe_recompile pc=0x000000010ddc6080 method=com.sun.javafx.sg.prism.NGNode.getCompleteBounds(Lcom/sun/javafx/geom/BaseBounds;Lcom/sun/javafx/geom/transform/BaseTransform;)Lcom/sun/javafx/geom/BaseBounds; @ 22
Event: 54.543 Thread 0x00007f8662904000 Uncommon trap: reason=class_check action=maybe_recompile pc=0x000000010ddc6080 method=com.sun.javafx.sg.prism.NGNode.getCompleteBounds(Lcom/sun/javafx/geom/BaseBounds;Lcom/sun/javafx/geom/transform/BaseTransform;)Lcom/sun/javafx/geom/BaseBounds; @ 22
Event: 59.747 Thread 0x00007f8662904000 Uncommon trap: reason=class_check action=maybe_recompile pc=0x000000010ddc6080 method=com.sun.javafx.sg.prism.NGNode.getCompleteBounds(Lcom/sun/javafx/geom/BaseBounds;Lcom/sun/javafx/geom/transform/BaseTransform;)Lcom/sun/javafx/geom/BaseBounds; @ 22
Event: 130.068 Thread 0x00007f8662904000 Uncommon trap: reason=unstable_if action=reinterpret pc=0x000000010dd8863c method=com.sun.scenario.effect.impl.ImagePool.checkOut(Lcom/sun/scenario/effect/impl/Renderer;II)Lcom/sun/scenario/effect/impl/PoolFilterable; @ 1
Event: 195.028 Thread 0x00007f8661957800 Uncommon trap: reason=unstable_if action=reinterpret pc=0x000000010d1b7874 method=com.sun.javafx.scene.control.behavior.KeyBinding.getSpecificity(Ljavafx/scene/control/Control;Ljavafx/scene/input/KeyEvent;)I @ 64
Event: 204.588 Thread 0x00007f8661957800 Uncommon trap: reason=null_check action=make_not_entrant pc=0x000000010d334a00 method=javafx.scene.Node$MiscProperties.getClip()Ljavafx/scene/Node; @ 20
Event: 204.588 Thread 0x00007f8661957800 Uncommon trap: reason=null_check action=make_not_entrant pc=0x000000010d939b04 method=javafx.scene.Node$MiscProperties.getClip()Ljavafx/scene/Node; @ 20
Event: 204.588 Thread 0x00007f8661957800 Uncommon trap: reason=null_check action=make_not_entrant pc=0x000000010d79cebc method=javafx.scene.Node$MiscProperties.getClip()Ljavafx/scene/Node; @ 20
Event: 204.589 Thread 0x00007f8661957800 Uncommon trap: reason=null_check action=make_not_entrant pc=0x000000010e0357c0 method=javafx.scene.Node$MiscProperties.getClip()Ljavafx/scene/Node; @ 20

Classes redefined (0 events):
No events

Internal exceptions (10 events):
Event: 16.284 Thread 0x00007f8661957800 Exception <a 'java/io/FileNotFoundException'> (0x0000000795be6288) thrown at [/Users/tester/jenkins/workspace/zulu8-build-macosx/zulu-src/hotspot/src/share/vm/prims/jni.cpp, line 711]
Event: 17.031 Thread 0x00007f8661957800 Exception <a 'java/io/FileNotFoundException'> (0x0000000795f28e68) thrown at [/Users/tester/jenkins/workspace/zulu8-build-macosx/zulu-src/hotspot/src/share/vm/prims/jni.cpp, line 711]
Event: 21.385 Thread 0x00007f8661957800 Exception <a 'java/io/FileNotFoundException'> (0x00000007956a2048) thrown at [/Users/tester/jenkins/workspace/zulu8-build-macosx/zulu-src/hotspot/src/share/vm/prims/jni.cpp, line 711]
Event: 21.387 Thread 0x00007f8661957800 Exception <a 'java/io/FileNotFoundException'> (0x00000007956b46b0) thrown at [/Users/tester/jenkins/workspace/zulu8-build-macosx/zulu-src/hotspot/src/share/vm/prims/jni.cpp, line 711]
Event: 174.689 Thread 0x00007f8661957800 Exception <a 'java/io/FileNotFoundException'> (0x0000000797c77c88) thrown at [/Users/tester/jenkins/workspace/zulu8-build-macosx/zulu-src/hotspot/src/share/vm/prims/jni.cpp, line 711]
Event: 174.691 Thread 0x00007f8661957800 Exception <a 'java/io/FileNotFoundException'> (0x0000000797c8a2f0) thrown at [/Users/tester/jenkins/workspace/zulu8-build-macosx/zulu-src/hotspot/src/share/vm/prims/jni.cpp, line 711]
Event: 204.588 Thread 0x00007f8661957800 Implicit null exception at 0x000000010d333160 to 0x000000010d3349f1
Event: 204.588 Thread 0x00007f8661957800 Implicit null exception at 0x000000010d938dde to 0x000000010d939ae9
Event: 204.588 Thread 0x00007f8661957800 Implicit null exception at 0x000000010d79ce4e to 0x000000010d79ceb1
Event: 204.589 Thread 0x00007f8661957800 Implicit null exception at 0x000000010e03245a to 0x000000010e0357b1

Events (10 events):
Event: 204.588 Thread 0x00007f8661957800 DEOPT UNPACKING pc=0x000000010cf9957a sp=0x00007ff7b5cf66d8 mode 2
Event: 204.588 Thread 0x00007f8661957800 Uncommon trap: trap_request=0xfffffff4 fr.pc=0x000000010d939b04
Event: 204.588 Thread 0x00007f8661957800 DEOPT PACKING pc=0x000000010d939b04 sp=0x00007ff7b5cf66e0
Event: 204.588 Thread 0x00007f8661957800 DEOPT UNPACKING pc=0x000000010cf9957a sp=0x00007ff7b5cf65d0 mode 2
Event: 204.588 Thread 0x00007f8661957800 Uncommon trap: trap_request=0xfffffff4 fr.pc=0x000000010d79cebc
Event: 204.588 Thread 0x00007f8661957800 DEOPT PACKING pc=0x000000010d79cebc sp=0x00007ff7b5cf6770
Event: 204.588 Thread 0x00007f8661957800 DEOPT UNPACKING pc=0x000000010cf9957a sp=0x00007ff7b5cf66d0 mode 2
Event: 204.589 Thread 0x00007f8661957800 Uncommon trap: trap_request=0xfffffff4 fr.pc=0x000000010e0357c0
Event: 204.589 Thread 0x00007f8661957800 DEOPT PACKING pc=0x000000010e0357c0 sp=0x00007ff7b5cf68c0
Event: 204.589 Thread 0x00007f8661957800 DEOPT UNPACKING pc=0x000000010cf9957a sp=0x00007ff7b5cf6810 mode 2


Dynamic libraries:
0x00007ff82a54f000 	/System/Library/Frameworks/Cocoa.framework/Versions/A/Cocoa
0x00007ff8163c0000 	/System/Library/Frameworks/AppKit.framework/Versions/C/AppKit
0x00007ff8198bc000 	/System/Library/Frameworks/CoreData.framework/Versions/A/CoreData
0x00007ff8147d7000 	/System/Library/Frameworks/Foundation.framework/Versions/C/Foundation
0x00007ff81e684000 	/usr/lib/libSystem.B.dylib
0x00007ff817252000 	/System/Library/PrivateFrameworks/UIFoundation.framework/Versions/A/UIFoundation
0x00007ff8244fb000 	/System/Library/PrivateFrameworks/RemoteViewServices.framework/Versions/A/RemoteViewServices
0x00007ff81c8e6000 	/System/Library/PrivateFrameworks/XCTTargetBootstrap.framework/Versions/A/XCTTargetBootstrap
0x00007ff820494000 	/System/Library/PrivateFrameworks/InternationalSupport.framework/Versions/A/InternationalSupport
0x00007ff82051e000 	/System/Library/PrivateFrameworks/UserActivity.framework/Versions/A/UserActivity
0x00007ff81f874000 	/usr/lib/libspindump.dylib
0x00007ff8174e0000 	/System/Library/Frameworks/UniformTypeIdentifiers.framework/Versions/A/UniformTypeIdentifiers
0x00007ff81b01f000 	/usr/lib/libapp_launch_measurement.dylib
0x00007ff81a288000 	/System/Library/PrivateFrameworks/CoreAnalytics.framework/Versions/A/CoreAnalytics
0x00007ff81b022000 	/System/Library/PrivateFrameworks/CoreAutoLayout.framework/Versions/A/CoreAutoLayout
0x00007ff81c242000 	/System/Library/Frameworks/Metal.framework/Versions/A/Metal
0x00007ff81cf5c000 	/usr/lib/liblangid.dylib
0x00007ff81c8ea000 	/System/Library/PrivateFrameworks/CoreSVG.framework/Versions/A/CoreSVG
0x00007ff8188a7000 	/System/Library/PrivateFrameworks/SkyLight.framework/Versions/A/SkyLight
0x00007ff818c3d000 	/System/Library/Frameworks/CoreGraphics.framework/Versions/A/CoreGraphics
0x00007ff824b6a000 	/System/Library/Frameworks/Accelerate.framework/Versions/A/Accelerate
0x00007ff81f2ef000 	/System/Library/PrivateFrameworks/IconServices.framework/Versions/A/IconServices
0x00007ff81c227000 	/System/Library/Frameworks/IOSurface.framework/Versions/A/IOSurface
0x00007ff81a2b6000 	/usr/lib/libDiagnosticMessagesClient.dylib
0x00007ff81e5a4000 	/usr/lib/libz.1.dylib
0x00007ff8281db000 	/System/Library/Frameworks/ApplicationServices.framework/Versions/A/ApplicationServices
0x00007ff81c8d2000 	/System/Library/PrivateFrameworks/DFRFoundation.framework/Versions/A/DFRFoundation
0x00007ff815cb1000 	/usr/lib/libicucore.A.dylib
0x00007ff8211b9000 	/System/Library/Frameworks/AudioToolbox.framework/Versions/A/AudioToolbox
0x00007ff8204a0000 	/System/Library/PrivateFrameworks/DataDetectorsCore.framework/Versions/A/DataDetectorsCore
0x00007ff91bdf8000 	/System/Library/PrivateFrameworks/TextInput.framework/Versions/A/TextInput
0x00007ff81882b000 	/usr/lib/libMobileGestalt.dylib
0x00007ff81c5da000 	/System/Library/Frameworks/Carbon.framework/Versions/A/Frameworks/HIToolbox.framework/Versions/A/HIToolbox
0x00007ff81aa4c000 	/System/Library/Frameworks/QuartzCore.framework/Versions/A/QuartzCore
0x00007ff815951000 	/System/Library/Frameworks/Security.framework/Versions/A/Security
0x00007ff824533000 	/System/Library/Frameworks/Carbon.framework/Versions/A/Frameworks/SpeechRecognition.framework/Versions/A/SpeechRecognition
0x00007ff81ad7f000 	/System/Library/PrivateFrameworks/CoreUI.framework/Versions/A/CoreUI
0x00007ff815229000 	/System/Library/Frameworks/CoreAudio.framework/Versions/A/CoreAudio
0x00007ff81a3a4000 	/System/Library/Frameworks/DiskArbitration.framework/Versions/A/DiskArbitration
0x00007ff81fc5b000 	/System/Library/PrivateFrameworks/MultitouchSupport.framework/Versions/A/MultitouchSupport
0x00007ff81882a000 	/usr/lib/libenergytrace.dylib
0x00007ff8162ac000 	/System/Library/Frameworks/IOKit.framework/Versions/A/IOKit
0x00007ff82491f000 	/System/Library/Frameworks/CoreServices.framework/Versions/A/CoreServices
0x00007ff81afb9000 	/System/Library/PrivateFrameworks/PerformanceAnalysis.framework/Versions/A/PerformanceAnalysis
0x00007ffa2b5c8000 	/System/Library/Frameworks/OpenGL.framework/Versions/A/OpenGL
0x00007ff81dbd1000 	/System/Library/PrivateFrameworks/MobileKeyBag.framework/Versions/A/MobileKeyBag
0x00007ff813798000 	/usr/lib/libobjc.A.dylib
0x00007ff819309000 	/System/Library/Frameworks/ColorSync.framework/Versions/A/ColorSync
0x00007ff813951000 	/System/Library/Frameworks/CoreFoundation.framework/Versions/A/CoreFoundation
0x00007ff81cb63000 	/System/Library/Frameworks/CoreImage.framework/Versions/A/CoreImage
0x00007ff81503f000 	/System/Library/Frameworks/CoreText.framework/Versions/A/CoreText
0x00007ff81c919000 	/System/Library/Frameworks/ImageIO.framework/Versions/A/ImageIO
0x00007ff81e68a000 	/System/Library/PrivateFrameworks/SoftLinking.framework/Versions/A/SoftLinking
0x00007ff81b06a000 	/usr/lib/libxml2.2.dylib
0x00007ff81385e000 	/usr/lib/libc++.1.dylib
0x00007ff81e90e000 	/usr/lib/libcompression.dylib
0x00007ff8203ca000 	/System/Library/PrivateFrameworks/TextureIO.framework/Versions/A/TextureIO
0x00007ff81f001000 	/usr/lib/libate.dylib
0x00007ff81e67f000 	/usr/lib/system/libcache.dylib
0x00007ff81e63b000 	/usr/lib/system/libcommonCrypto.dylib
0x00007ff81e664000 	/usr/lib/system/libcompiler_rt.dylib
0x00007ff81e65a000 	/usr/lib/system/libcopyfile.dylib
0x00007ff813692000 	/usr/lib/system/libcorecrypto.dylib
0x00007ff813751000 	/usr/lib/system/libdispatch.dylib
0x00007ff813910000 	/usr/lib/system/libdyld.dylib
0x00007ff81e676000 	/usr/lib/system/libkeymgr.dylib
0x00007ff81e619000 	/usr/lib/system/libmacho.dylib
0x00007ff81dca5000 	/usr/lib/system/libquarantine.dylib
0x00007ff81e674000 	/usr/lib/system/libremovefile.dylib
0x00007ff818877000 	/usr/lib/system/libsystem_asl.dylib
0x00007ff813640000 	/usr/lib/system/libsystem_blocks.dylib
0x00007ff8137d5000 	/usr/lib/system/libsystem_c.dylib
0x00007ff81e66c000 	/usr/lib/system/libsystem_collections.dylib
0x00007ff81cf4d000 	/usr/lib/system/libsystem_configuration.dylib
0x00007ff81c20a000 	/usr/lib/system/libsystem_containermanager.dylib
0x00007ff81e356000 	/usr/lib/system/libsystem_coreservices.dylib
0x00007ff815f3a000 	/usr/lib/system/libsystem_darwin.dylib
0x00007ff81e677000 	/usr/lib/system/libsystem_dnssd.dylib
0x00007ff8137d2000 	/usr/lib/system/libsystem_featureflags.dylib
0x00007ff813926000 	/usr/lib/system/libsystem_info.dylib
0x00007ff81e5b7000 	/usr/lib/system/libsystem_m.dylib
0x00007ff813725000 	/usr/lib/system/libsystem_malloc.dylib
0x00007ff818814000 	/usr/lib/system/libsystem_networkextension.dylib
0x00007ff816362000 	/usr/lib/system/libsystem_notify.dylib
0x00007ff8247f4000 	/usr/lib/system/libsystem_product_info_filter.dylib
0x00007ff81cf51000 	/usr/lib/system/libsystem_sandbox.dylib
0x00007ff81e671000 	/usr/lib/system/libsystem_secinit.dylib
0x00007ff8138cd000 	/usr/lib/system/libsystem_kernel.dylib
0x00007ff81391c000 	/usr/lib/system/libsystem_platform.dylib
0x00007ff813904000 	/usr/lib/system/libsystem_pthread.dylib
0x00007ff81a0cf000 	/usr/lib/system/libsystem_symptoms.dylib
0x00007ff813679000 	/usr/lib/system/libsystem_trace.dylib
0x00007ff81e647000 	/usr/lib/system/libunwind.dylib
0x00007ff813642000 	/usr/lib/system/libxpc.dylib
0x00007ff8138b7000 	/usr/lib/libc++abi.dylib
0x00007ff81e652000 	/usr/lib/liboah.dylib
0x00007ff81eddf000 	/usr/lib/liblzma.5.dylib
0x00007ff8144e8000 	/System/Library/Frameworks/SystemConfiguration.framework/Versions/A/SystemConfiguration
0x00007ff81e686000 	/usr/lib/libfakelink.dylib
0x00007ff81837d000 	/System/Library/Frameworks/CFNetwork.framework/Versions/A/CFNetwork
0x00007ff81e7c5000 	/usr/lib/libarchive.2.dylib
0x00007ff81cf58000 	/System/Library/PrivateFrameworks/AppleSystemInfo.framework/Versions/A/AppleSystemInfo
0x00007ff81dccc000 	/usr/lib/libbsm.0.dylib
0x00007ff8179b3000 	/usr/lib/libnetwork.dylib
0x00007ff81e61f000 	/usr/lib/system/libkxld.dylib
0x00007ff81d8fa000 	/System/Library/PrivateFrameworks/IOMobileFramebuffer.framework/Versions/A/IOMobileFramebuffer
0x00007ffb293ed000 	/usr/lib/libCoreEntitlements.dylib
0x00007ff81e338000 	/System/Library/PrivateFrameworks/AppleFSCompression.framework/Versions/A/AppleFSCompression
0x00007ff81dcb4000 	/usr/lib/libcoretls.dylib
0x00007ff81edf9000 	/usr/lib/libcoretls_cfhelpers.dylib
0x00007ff81e909000 	/usr/lib/libpam.2.dylib
0x00007ff819cf1000 	/usr/lib/libsqlite3.dylib
0x00007ff81ee68000 	/usr/lib/libxar.1.dylib
0x00007ff81e348000 	/usr/lib/libbz2.1.0.dylib
0x00007ff81e68b000 	/usr/lib/libpcap.A.dylib
0x00007ff81a0c6000 	/usr/lib/libdns_services.dylib
0x00007ff81e8d8000 	/usr/lib/libapple_nghttp2.dylib
0x00007ff81e6c2000 	/usr/lib/libiconv.2.dylib
0x00007ff81e618000 	/usr/lib/libcharset.1.dylib
0x00007ff81afed000 	/System/Library/Frameworks/CoreServices.framework/Versions/A/Frameworks/FSEvents.framework/Versions/A/FSEvents
0x00007ff815f44000 	/System/Library/Frameworks/CoreServices.framework/Versions/A/Frameworks/CarbonCore.framework/Versions/A/CarbonCore
0x00007ff81a309000 	/System/Library/Frameworks/CoreServices.framework/Versions/A/Frameworks/Metadata.framework/Versions/A/Metadata
0x00007ff81e35b000 	/System/Library/Frameworks/CoreServices.framework/Versions/A/Frameworks/OSServices.framework/Versions/A/OSServices
0x00007ff81e84c000 	/System/Library/Frameworks/CoreServices.framework/Versions/A/Frameworks/SearchKit.framework/Versions/A/SearchKit
0x00007ff81a058000 	/System/Library/Frameworks/CoreServices.framework/Versions/A/Frameworks/AE.framework/Versions/A/AE
0x00007ff813e54000 	/System/Library/Frameworks/CoreServices.framework/Versions/A/Frameworks/LaunchServices.framework/Versions/A/LaunchServices
0x00007ff81ed90000 	/System/Library/Frameworks/CoreServices.framework/Versions/A/Frameworks/DictionaryServices.framework/Versions/A/DictionaryServices
0x00007ff81affa000 	/System/Library/Frameworks/CoreServices.framework/Versions/A/Frameworks/SharedFileList.framework/Versions/A/SharedFileList
0x00007ff81dca8000 	/usr/lib/libCheckFix.dylib
0x00007ff81888e000 	/System/Library/PrivateFrameworks/TCC.framework/Versions/A/TCC
0x00007ff81cf5e000 	/System/Library/PrivateFrameworks/CoreNLP.framework/Versions/A/CoreNLP
0x00007ff81a2b9000 	/System/Library/PrivateFrameworks/MetadataUtilities.framework/Versions/A/MetadataUtilities
0x00007ff814598000 	/usr/lib/libmecabra.dylib
0x00007ff81dcdc000 	/usr/lib/libmecab.dylib
0x00007ff814563000 	/usr/lib/libCRFSuite.dylib
0x00007ff81dd39000 	/usr/lib/libgermantok.dylib
0x00007ff81e8b3000 	/usr/lib/libThaiTokenizer.dylib
0x00007ff81a3ab000 	/System/Library/Frameworks/Accelerate.framework/Versions/A/Frameworks/vImage.framework/Versions/A/vImage
0x00007ff8248f6000 	/System/Library/Frameworks/Accelerate.framework/Versions/A/Frameworks/vecLib.framework/Versions/A/vecLib
0x00007ff81eea9000 	/System/Library/Frameworks/Accelerate.framework/Versions/A/Frameworks/vecLib.framework/Versions/A/libvMisc.dylib
0x00007ff81d718000 	/System/Library/Frameworks/Accelerate.framework/Versions/A/Frameworks/vecLib.framework/Versions/A/libvDSP.dylib
0x00007ff8141cc000 	/System/Library/Frameworks/Accelerate.framework/Versions/A/Frameworks/vecLib.framework/Versions/A/libBLAS.dylib
0x00007ff81e9ea000 	/System/Library/Frameworks/Accelerate.framework/Versions/A/Frameworks/vecLib.framework/Versions/A/libLAPACK.dylib
0x00007ff81dd3c000 	/System/Library/Frameworks/Accelerate.framework/Versions/A/Frameworks/vecLib.framework/Versions/A/libLinearAlgebra.dylib
0x00007ff81e8f1000 	/System/Library/Frameworks/Accelerate.framework/Versions/A/Frameworks/vecLib.framework/Versions/A/libSparseBLAS.dylib
0x00007ff81e9e4000 	/System/Library/Frameworks/Accelerate.framework/Versions/A/Frameworks/vecLib.framework/Versions/A/libQuadrature.dylib
0x00007ff81d048000 	/System/Library/Frameworks/Accelerate.framework/Versions/A/Frameworks/vecLib.framework/Versions/A/libBNNS.dylib
0x00007ff814479000 	/System/Library/Frameworks/Accelerate.framework/Versions/A/Frameworks/vecLib.framework/Versions/A/libSparse.dylib
0x00007ff81d041000 	/System/Library/PrivateFrameworks/LinguisticData.framework/Versions/A/LinguisticData
0x00007ff81442e000 	/System/Library/PrivateFrameworks/Lexicon.framework/Versions/A/Lexicon
0x00007ff81eea2000 	/usr/lib/libChineseTokenizer.dylib
0x00007ff814b92000 	/System/Library/PrivateFrameworks/LanguageModeling.framework/Versions/A/LanguageModeling
0x00007ff81e8b5000 	/System/Library/PrivateFrameworks/AppleSauce.framework/Versions/A/AppleSauce
0x00007ff81d8e8000 	/System/Library/PrivateFrameworks/CoreEmoji.framework/Versions/A/CoreEmoji
0x00007ff81e7b4000 	/usr/lib/libcmph.dylib
0x00007ff81afd1000 	/System/Library/Frameworks/OpenDirectory.framework/Versions/A/Frameworks/CFOpenDirectory.framework/Versions/A/CFOpenDirectory
0x00007ff81afc5000 	/System/Library/Frameworks/OpenDirectory.framework/Versions/A/OpenDirectory
0x00007ff81edfb000 	/System/Library/PrivateFrameworks/APFS.framework/Versions/A/APFS
0x00007ff81dc09000 	/System/Library/Frameworks/SecurityFoundation.framework/Versions/A/SecurityFoundation
0x00007ff81ee76000 	/usr/lib/libutil.dylib
0x00007ff81626f000 	/System/Library/PrivateFrameworks/CoreServicesStore.framework/Versions/A/CoreServicesStore
0x00007ff81ee7a000 	/usr/lib/libxslt.1.dylib
0x00007ff81dc96000 	/System/Library/PrivateFrameworks/BackgroundTaskManagement.framework/Versions/A/BackgroundTaskManagement
0x00007ff8202ea000 	/System/Library/Frameworks/ImageIO.framework/Versions/A/Resources/libRadiance.dylib
0x00007ff8202f3000 	/System/Library/Frameworks/ImageIO.framework/Versions/A/Resources/libJPEG.dylib
0x00007ff820243000 	/System/Library/Frameworks/ImageIO.framework/Versions/A/Resources/libPng.dylib
0x00007ff820264000 	/System/Library/Frameworks/ImageIO.framework/Versions/A/Resources/libTIFF.dylib
0x00007ff820353000 	/System/Library/Frameworks/ImageIO.framework/Versions/A/Resources/libGIF.dylib
0x00007ff81fb74000 	/System/Library/Frameworks/ImageIO.framework/Versions/A/Resources/libJP2.dylib
0x00007ff81f2b6000 	/usr/lib/libexpat.1.dylib
0x00007ff81fb29000 	/System/Library/PrivateFrameworks/AppleJPEG.framework/Versions/A/AppleJPEG
0x00007ff81c49d000 	/System/Library/PrivateFrameworks/FontServices.framework/libFontParser.dylib
0x00007ff81a002000 	/System/Library/PrivateFrameworks/RunningBoardServices.framework/Versions/A/RunningBoardServices
0x00007ff82aacb000 	/System/Library/PrivateFrameworks/IOSurfaceAccelerator.framework/Versions/A/IOSurfaceAccelerator
0x00007ff81fc57000 	/System/Library/PrivateFrameworks/WatchdogClient.framework/Versions/A/WatchdogClient
0x00007ff814c81000 	/System/Library/Frameworks/CoreDisplay.framework/Versions/A/CoreDisplay
0x00007ff81c39c000 	/System/Library/Frameworks/CoreMedia.framework/Versions/A/CoreMedia
0x00007ff81c239000 	/System/Library/PrivateFrameworks/IOAccelerator.framework/Versions/A/IOAccelerator
0x00007ff81b14d000 	/System/Library/Frameworks/CoreVideo.framework/Versions/A/CoreVideo
0x00007ff81e907000 	/System/Library/Frameworks/MetalPerformanceShaders.framework/Versions/A/MetalPerformanceShaders
0x00007ff81fc92000 	/System/Library/Frameworks/VideoToolbox.framework/Versions/A/VideoToolbox
0x00007ff819f4a000 	/System/Library/PrivateFrameworks/BaseBoard.framework/Versions/A/BaseBoard
0x00007ff819cd7000 	/System/Library/PrivateFrameworks/ProtocolBuffer.framework/Versions/A/ProtocolBuffer
0x00007ff8202e3000 	/System/Library/PrivateFrameworks/GPUWrangler.framework/Versions/A/GPUWrangler
0x00007ff8202c6000 	/System/Library/PrivateFrameworks/IOPresentment.framework/Versions/A/IOPresentment
0x00007ff8202ed000 	/System/Library/PrivateFrameworks/DSExternalDisplay.framework/Versions/A/DSExternalDisplay
0x00007ffa2b5bc000 	/System/Library/Frameworks/OpenGL.framework/Versions/A/Libraries/libCoreFSCache.dylib
0x00007ffb1765d000 	/System/Library/PrivateFrameworks/GPUCompiler.framework/Versions/31001/Libraries/libGPUCompilerUtils.dylib
0x00007ff820358000 	/System/Library/PrivateFrameworks/CMCaptureCore.framework/Versions/A/CMCaptureCore
0x00007ff81f862000 	/System/Library/PrivateFrameworks/AppServerSupport.framework/Versions/A/AppServerSupport
0x00007ff821a3f000 	/System/Library/PrivateFrameworks/perfdata.framework/Versions/A/perfdata
0x00007ff814dad000 	/System/Library/PrivateFrameworks/AudioToolboxCore.framework/Versions/A/AudioToolboxCore
0x00007ff81c379000 	/System/Library/PrivateFrameworks/caulk.framework/Versions/A/caulk
0x00007ff821363000 	/usr/lib/libAudioStatistics.dylib
0x00007ff918686000 	/System/Library/PrivateFrameworks/SystemPolicy.framework/Versions/A/SystemPolicy
0x00007ff8215b8000 	/usr/lib/libSMC.dylib
0x00007ff82a402000 	/System/Library/Frameworks/CoreMIDI.framework/Versions/A/CoreMIDI
0x00007ff820213000 	/usr/lib/libAudioToolboxUtility.dylib
0x00007ff914a98000 	/System/Library/PrivateFrameworks/OSAServicesClient.framework/Versions/A/OSAServicesClient
0x00007ff821a4c000 	/usr/lib/libperfcheck.dylib
0x00007ff919118000 	/usr/lib/libmis.dylib
0x00007ffa2b618000 	/System/Library/Frameworks/OpenGL.framework/Versions/A/Libraries/libGLU.dylib
0x00007ffa2b5db000 	/System/Library/Frameworks/OpenGL.framework/Versions/A/Libraries/libGFXShared.dylib
0x00007ffa2b7e9000 	/System/Library/Frameworks/OpenGL.framework/Versions/A/Libraries/libGL.dylib
0x00007ffa2b5e4000 	/System/Library/Frameworks/OpenGL.framework/Versions/A/Libraries/libGLImage.dylib
0x00007ffa2b5d8000 	/System/Library/Frameworks/OpenGL.framework/Versions/A/Libraries/libCVMSPluginSupport.dylib
0x00007ffa2b5c3000 	/System/Library/Frameworks/OpenGL.framework/Versions/A/Libraries/libCoreVMClient.dylib
0x00007ff81cedc000 	/System/Library/Frameworks/MetalPerformanceShaders.framework/Versions/A/Frameworks/MPSCore.framework/Versions/A/MPSCore
0x00007ff81e2a3000 	/System/Library/Frameworks/MetalPerformanceShaders.framework/Versions/A/Frameworks/MPSImage.framework/Versions/A/MPSImage
0x00007ff81dd52000 	/System/Library/Frameworks/MetalPerformanceShaders.framework/Versions/A/Frameworks/MPSNeuralNetwork.framework/Versions/A/MPSNeuralNetwork
0x00007ff81e1c7000 	/System/Library/Frameworks/MetalPerformanceShaders.framework/Versions/A/Frameworks/MPSMatrix.framework/Versions/A/MPSMatrix
0x00007ff81df83000 	/System/Library/Frameworks/MetalPerformanceShaders.framework/Versions/A/Frameworks/MPSRayIntersector.framework/Versions/A/MPSRayIntersector
0x00007ff81e200000 	/System/Library/Frameworks/MetalPerformanceShaders.framework/Versions/A/Frameworks/MPSNDArray.framework/Versions/A/MPSNDArray
0x00007ffa301dd000 	/System/Library/Frameworks/MetalPerformanceShaders.framework/Versions/A/Frameworks/MPSFunctions.framework/Versions/A/MPSFunctions
0x00007ff8140af000 	/System/Library/PrivateFrameworks/MetalTools.framework/Versions/A/MetalTools
0x00007ff81cf56000 	/System/Library/PrivateFrameworks/AggregateDictionary.framework/Versions/A/AggregateDictionary
0x00007ff81f098000 	/usr/lib/libIOReport.dylib
0x00007ffa2cbf8000 	/System/Library/Frameworks/OpenCL.framework/Versions/A/OpenCL
0x00007ff81f3fc000 	/System/Library/PrivateFrameworks/FaceCore.framework/Versions/A/FaceCore
0x00007ff81f3ed000 	/System/Library/PrivateFrameworks/GraphVisualizer.framework/Versions/A/GraphVisualizer
0x00007ffb17568000 	/System/Library/PrivateFrameworks/FontServices.framework/Versions/A/FontServices
0x00007ff81f819000 	/System/Library/PrivateFrameworks/OTSVG.framework/Versions/A/OTSVG
0x00007ff81ad35000 	/System/Library/Frameworks/ApplicationServices.framework/Versions/A/Frameworks/ATS.framework/Versions/A/Resources/libFontRegistry.dylib
0x00007ff81f86a000 	/System/Library/PrivateFrameworks/FontServices.framework/libhvf.dylib
0x00007ffb17569000 	/System/Library/PrivateFrameworks/FontServices.framework/libXTFontStaticRegistryData.dylib
0x00007ff81f266000 	/System/Library/PrivateFrameworks/AppleVA.framework/Versions/A/AppleVA
0x00007ff821387000 	/System/Library/Frameworks/ApplicationServices.framework/Versions/A/Frameworks/ATS.framework/Versions/A/ATS
0x00007ff819405000 	/System/Library/Frameworks/ApplicationServices.framework/Versions/A/Frameworks/HIServices.framework/Versions/A/HIServices
0x00007ff820362000 	/System/Library/Frameworks/ApplicationServices.framework/Versions/A/Frameworks/PrintCore.framework/Versions/A/PrintCore
0x00007ff82170b000 	/System/Library/Frameworks/ApplicationServices.framework/Versions/A/Frameworks/QD.framework/Versions/A/QD
0x00007ff821703000 	/System/Library/Frameworks/ApplicationServices.framework/Versions/A/Frameworks/ColorSyncLegacy.framework/Versions/A/ColorSyncLegacy
0x00007ff821377000 	/System/Library/Frameworks/ApplicationServices.framework/Versions/A/Frameworks/SpeechSynthesis.framework/Versions/A/SpeechSynthesis
0x00007ff820323000 	/System/Library/Frameworks/ApplicationServices.framework/Versions/A/Frameworks/ATSUI.framework/Versions/A/ATSUI
0x00007ff821698000 	/usr/lib/libcups.2.dylib
0x00007ff821a5b000 	/System/Library/Frameworks/Kerberos.framework/Versions/A/Kerberos
0x00007ff821a6a000 	/System/Library/Frameworks/GSS.framework/Versions/A/GSS
0x00007ff8213f3000 	/usr/lib/libresolv.9.dylib
0x00007ff81f879000 	/System/Library/PrivateFrameworks/Heimdal.framework/Versions/A/Heimdal
0x00007ff828558000 	/System/Library/Frameworks/Kerberos.framework/Versions/A/Libraries/libHeimdalProxy.dylib
0x00007ff81a0d7000 	/System/Library/Frameworks/Network.framework/Versions/A/Network
0x00007ff81f2d0000 	/usr/lib/libheimdal-asn1.dylib
0x00007ff821ab6000 	/System/Library/PrivateFrameworks/CommonAuth.framework/Versions/A/CommonAuth
0x00007ff8212f4000 	/System/Library/PrivateFrameworks/AudioSession.framework/Versions/A/AudioSession
0x00007ff81f360000 	/System/Library/PrivateFrameworks/MediaExperience.framework/Versions/A/MediaExperience
0x00007ff821188000 	/System/Library/PrivateFrameworks/AudioSession.framework/libSessionUtility.dylib
0x00007ff821717000 	/System/Library/PrivateFrameworks/AudioResourceArbitration.framework/Versions/A/AudioResourceArbitration
0x00007ff825709000 	/System/Library/PrivateFrameworks/PowerLog.framework/Versions/A/PowerLog
0x00007ff81f2d9000 	/System/Library/PrivateFrameworks/IconFoundation.framework/Versions/A/IconFoundation
0x00007ff824523000 	/System/Library/PrivateFrameworks/SpeechRecognitionCore.framework/Versions/A/SpeechRecognitionCore
0x000000010b13c000 	/Library/Java/JavaVirtualMachines/zulu-8.jdk/Contents/Home/jre/lib/server/libjvm.dylib
0x000000010a34c000 	/Library/Java/JavaVirtualMachines/zulu-8.jdk/Contents/Home/jre/lib/libverify.dylib
0x000000010a3a0000 	/Library/Java/JavaVirtualMachines/zulu-8.jdk/Contents/Home/jre/lib/libjava.dylib
0x000000010a3e3000 	/Library/Java/JavaVirtualMachines/zulu-8.jdk/Contents/Home/jre/lib/libinstrument.dylib
0x000000010a417000 	/Library/Java/JavaVirtualMachines/zulu-8.jdk/Contents/Home/jre/lib/libzip.dylib
0x000000010cd61000 	/Library/Java/JavaVirtualMachines/zulu-8.jdk/Contents/Home/jre/lib/libnio.dylib
0x000000010cd99000 	/Library/Java/JavaVirtualMachines/zulu-8.jdk/Contents/Home/jre/lib/libnet.dylib
0x000000010ce50000 	/Library/Java/JavaVirtualMachines/zulu-8.jdk/Contents/Home/jre/lib/libprism_es2.dylib
0x00007ff816230000 	/System/Library/PrivateFrameworks/CoreServicesInternal.framework/Versions/A/CoreServicesInternal
0x00007ffa2b7f4000 	/System/Library/Frameworks/OpenGL.framework/Versions/A/Resources/GLEngine.bundle/GLEngine
0x00007ffa2b656000 	/System/Library/Frameworks/OpenGL.framework/Versions/A/Libraries/libGLProgrammability.dylib
0x00007ffa22424000 	/System/Library/Extensions/AppleIntelSKLGraphicsGLDriver.bundle/Contents/MacOS/AppleIntelSKLGraphicsGLDriver
0x00007ff922ffc000 	/System/Library/PrivateFrameworks/GPUSupport.framework/Versions/A/Libraries/libGPUSupportMercury.dylib
0x00007ffa2b983000 	/System/Library/Frameworks/OpenGL.framework/Versions/A/Resources/GLRendererFloat.bundle/GLRendererFloat
0x000000012271e000 	/Library/Java/JavaVirtualMachines/zulu-8.jdk/Contents/Home/jre/lib/libglass.dylib
0x00007ff825cfa000 	/System/Library/Frameworks/FileProvider.framework/Versions/A/FileProvider
0x00007ff819eb6000 	/System/Library/Frameworks/Accounts.framework/Versions/A/Accounts
0x00007ff825e72000 	/System/Library/PrivateFrameworks/GenerationalStorage.framework/Versions/A/GenerationalStorage
0x00007ff826984000 	/System/Library/PrivateFrameworks/CoreSymbolication.framework/Versions/A/CoreSymbolication
0x00007ff8256fe000 	/System/Library/PrivateFrameworks/SymptomDiagnosticReporter.framework/Versions/A/SymptomDiagnosticReporter
0x00007ff8174f4000 	/System/Library/PrivateFrameworks/DesktopServicesPriv.framework/Versions/A/DesktopServicesPriv
0x00007ff816371000 	/usr/lib/libsandbox.1.dylib
0x00007ff81b1cc000 	/System/Library/PrivateFrameworks/UserManagement.framework/Versions/A/UserManagement
0x00007ff826949000 	/System/Library/PrivateFrameworks/DebugSymbols.framework/Versions/A/DebugSymbols
0x00007ff8216f8000 	/System/Library/PrivateFrameworks/NetAuth.framework/Versions/A/NetAuth
0x00007ff8225e7000 	/System/Library/PrivateFrameworks/Sharing.framework/Versions/A/Sharing
0x00007ff81b19f000 	/System/Library/PrivateFrameworks/login.framework/Versions/A/Frameworks/loginsupport.framework/Versions/A/loginsupport
0x00007ff827a8a000 	/System/Library/PrivateFrameworks/Apple80211.framework/Versions/A/Apple80211
0x00007ff81e388000 	/System/Library/PrivateFrameworks/AuthKit.framework/Versions/A/AuthKit
0x00007ff81d9de000 	/System/Library/PrivateFrameworks/CoreUtils.framework/Versions/A/CoreUtils
0x00007ff81d905000 	/System/Library/Frameworks/CoreWLAN.framework/Versions/A/CoreWLAN
0x00007ff822742000 	/System/Library/Frameworks/IOBluetooth.framework/Versions/A/IOBluetooth
0x00007ff827af2000 	/System/Library/PrivateFrameworks/CoreWiFi.framework/Versions/A/CoreWiFi
0x00007ff82651e000 	/System/Library/PrivateFrameworks/FrontBoardServices.framework/Versions/A/FrontBoardServices
0x00007ff8265b0000 	/System/Library/PrivateFrameworks/BoardServices.framework/Versions/A/BoardServices
0x00007ff81dbf8000 	/System/Library/PrivateFrameworks/AssertionServices.framework/Versions/A/AssertionServices
0x00007ff827c76000 	/System/Library/PrivateFrameworks/BackBoardServices.framework/Versions/A/BackBoardServices
0x00007ff821b45000 	/System/Library/PrivateFrameworks/CorePhoneNumbers.framework/Versions/A/CorePhoneNumbers
0x00007ff82581b000 	/System/Library/PrivateFrameworks/DiskManagement.framework/Versions/A/DiskManagement
0x00007ff82572f000 	/System/Library/PrivateFrameworks/AppleIDAuthSupport.framework/Versions/A/AppleIDAuthSupport
0x00007ffa32196000 	/System/Library/PrivateFrameworks/AAAFoundation.framework/Versions/A/AAAFoundation
0x00007ff821b26000 	/System/Library/PrivateFrameworks/KeychainCircle.framework/Versions/A/KeychainCircle
0x00007ff8257e7000 	/System/Library/PrivateFrameworks/MediaKit.framework/Versions/A/MediaKit
0x00007ff82573b000 	/System/Library/Frameworks/DiscRecording.framework/Versions/A/DiscRecording
0x00007ff81f1de000 	/usr/lib/libCoreStorage.dylib
0x00007ff827f65000 	/usr/lib/libcsfde.dylib
0x00007ff82280f000 	/System/Library/PrivateFrameworks/ProtectedCloudStorage.framework/Versions/A/ProtectedCloudStorage
0x00007ff827f61000 	/System/Library/PrivateFrameworks/EFILogin.framework/Versions/A/EFILogin
0x00007ff825e98000 	/System/Library/PrivateFrameworks/OctagonTrust.framework/Versions/A/OctagonTrust
0x00007ffb1688a000 	/System/Library/PrivateFrameworks/CoreUtilsExtras.framework/Versions/A/CoreUtilsExtras
0x00007ff825671000 	/System/Library/Frameworks/CoreBluetooth.framework/Versions/A/CoreBluetooth
0x00007ff8285dd000 	/System/Library/Frameworks/AudioUnit.framework/Versions/A/AudioUnit
0x00007ff81f1d6000 	/usr/lib/libMatch.1.dylib
0x00007ff91d57c000 	/System/Library/Frameworks/Accelerate.framework/Versions/A/Frameworks/vImage.framework/Versions/A/Libraries/libCGInterfaces.dylib
0x0000000123bf9000 	/usr/lib/libobjc-trampolines.dylib
0x00007ffb294ff000 	/usr/lib/libRosetta.dylib
0x00007ff81aec5000 	/System/Library/PrivateFrameworks/ViewBridge.framework/Versions/A/ViewBridge
0x00007ff81f933000 	/System/Library/PrivateFrameworks/login.framework/Versions/A/login
0x000000012634c000 	/Library/Java/JavaVirtualMachines/zulu-8.jdk/Contents/Home/jre/lib/libjavafx_iio.dylib
0x000000012630e000 	/Library/Java/JavaVirtualMachines/zulu-8.jdk/Contents/Home/jre/lib/libjavafx_font.dylib
0x000000012c066000 	/Library/Java/JavaVirtualMachines/zulu-8.jdk/Contents/Home/jre/lib/libprism_common.dylib
0x00007ff824bee000 	/System/Library/PrivateFrameworks/SystemAdministration.framework/Versions/A/SystemAdministration
0x00007ff82058a000 	/System/Library/Frameworks/MediaToolbox.framework/Versions/A/MediaToolbox
0x00007ff8244ef000 	/System/Library/Frameworks/DirectoryService.framework/Versions/A/DirectoryService
0x00007ff827e03000 	/System/Library/PrivateFrameworks/DiskImages.framework/Versions/A/DiskImages
0x00007ff81dca0000 	/System/Library/Frameworks/ServiceManagement.framework/Versions/A/ServiceManagement
0x00007ff827fdd000 	/System/Library/PrivateFrameworks/LoginUIKit.framework/Versions/A/Frameworks/LoginUICore.framework/Versions/A/LoginUICore
0x00007ff81fae1000 	/usr/lib/libodfde.dylib
0x00007ff825cca000 	/System/Library/PrivateFrameworks/CoreAVCHD.framework/Versions/A/CoreAVCHD
0x00007ff824bb2000 	/System/Library/Frameworks/MediaAccessibility.framework/Versions/A/MediaAccessibility
0x00007ff825cc6000 	/System/Library/PrivateFrameworks/Mangrove.framework/Versions/A/Mangrove
0x00007ff824bbd000 	/System/Library/PrivateFrameworks/AlgosScoreFramework.framework/Versions/A/AlgosScoreFramework
0x00007ffb13ccf000 	/System/Library/PrivateFrameworks/CMPhoto.framework/Versions/A/CMPhoto
0x00007ff82681f000 	/System/Library/PrivateFrameworks/AppleVPA.framework/Versions/A/AppleVPA
0x00007ff82590b000 	/System/Library/PrivateFrameworks/CoreAUC.framework/Versions/A/CoreAUC
0x00007ff827f71000 	/usr/lib/libcurl.4.dylib
0x00007ff827cce000 	/usr/lib/libcrypto.44.dylib
0x00007ff827dd6000 	/usr/lib/libssl.46.dylib
0x00007ff827c94000 	/System/Library/Frameworks/LDAP.framework/Versions/A/LDAP
0x00007ff827ccc000 	/System/Library/PrivateFrameworks/TrustEvaluationAgent.framework/Versions/A/TrustEvaluationAgent
0x00007ff82140c000 	/usr/lib/libsasl2.2.dylib
0x00007ff824be2000 	/System/Library/PrivateFrameworks/CoreDaemon.framework/Versions/B/CoreDaemon
0x00007ff824bdd000 	/System/Library/PrivateFrameworks/AppleSRP.framework/Versions/A/AppleSRP
0x00000001276f8000 	/Library/Java/JavaVirtualMachines/zulu-8.jdk/Contents/Home/jre/lib/libsunec.dylib

VM Arguments:
jvm_args: -javaagent:/Applications/IntelliJ IDEA.app/Contents/lib/idea_rt.jar=50185:/Applications/IntelliJ IDEA.app/Contents/bin -Dfile.encoding=UTF-8 
java_command: AppInitializer
java_class_path (initial): /Library/Java/JavaVirtualMachines/zulu-8.jdk/Contents/Home/jre/lib/charsets.jar:/Library/Java/JavaVirtualMachines/zulu-8.jdk/Contents/Home/jre/lib/crs-agent.jar:/Library/Java/JavaVirtualMachines/zulu-8.jdk/Contents/Home/jre/lib/ext/cldrdata.jar:/Library/Java/JavaVirtualMachines/zulu-8.jdk/Contents/Home/jre/lib/ext/dnsns.jar:/Library/Java/JavaVirtualMachines/zulu-8.jdk/Contents/Home/jre/lib/ext/jaccess.jar:/Library/Java/JavaVirtualMachines/zulu-8.jdk/Contents/Home/jre/lib/ext/jfxrt.jar:/Library/Java/JavaVirtualMachines/zulu-8.jdk/Contents/Home/jre/lib/ext/legacy8ujsse.jar:/Library/Java/JavaVirtualMachines/zulu-8.jdk/Contents/Home/jre/lib/ext/localedata.jar:/Library/Java/JavaVirtualMachines/zulu-8.jdk/Contents/Home/jre/lib/ext/nashorn.jar:/Library/Java/JavaVirtualMachines/zulu-8.jdk/Contents/Home/jre/lib/ext/openjsse.jar:/Library/Java/JavaVirtualMachines/zulu-8.jdk/Contents/Home/jre/lib/ext/sunec.jar:/Library/Java/JavaVirtualMachines/zulu-8.jdk/Contents/Home/jre/lib/ext/sunjce_provider.jar:/Library/Java/JavaVirtualMachines/zulu-8.jdk/Contents/Home/jre/lib/ext/sunpkcs11.jar:/Library/Java/JavaVirtualMachines/zulu-8.jdk/Contents/Home/jre/lib/ext/zipfs.jar:/Library/Java/JavaVirtualMachines/zulu-8.jdk/Contents/Home/jre/lib/jce.jar:/Library/Java/JavaVirtualMachines/zulu-8.jdk/Contents/Home/jre/lib/jfr.jar:/Library/Java/JavaVirtualMachines/zulu-8.jdk/Contents/Home/jre/lib/jfxswt.jar:/Library/Java/JavaVirtualMachines/zulu-8.jdk/Contents/Home/jre/lib/jsse.jar:/Library/Java/JavaVirtualMachines/zulu-8.jdk/Contents/Home/jre/lib/management-agent.jar:/Library/Java/JavaVirtualMachines/zulu-8.jdk/Contents/Home/jre/lib/resources.jar:/Library/Java/JavaVirtualMachines/zulu-8.jdk/Contents/Home/jre/lib/rt.jar:/Library/Java/JavaVirtualMachines/zulu-8.jdk/Contents/Home/lib/ant-javafx.jar:/Library/Java/JavaVirtualMachines/zulu-8.jdk/Contents/Home/lib/dt.jar:/Library/Java/JavaVirtualMachines/zulu-8.jdk/Contents/Home/lib/javafx-mx.jar:/Library/Java/JavaVirtualMachi
Launcher Type: SUN_STANDARD

Environment Variables:
PATH=/Users/kasunrachintha/opt/anaconda3/bin:/Library/Frameworks/Python.framework/Versions/3.9/bin:/usr/local/bin:/usr/bin:/bin:/usr/sbin:/sbin:/Applications/VMware Fusion.app/Contents/Public
SHELL=/bin/zsh

Signal Handlers:
SIGSEGV: [libjvm.dylib+0x5b2935], sa_mask[0]=11111111011111110111111111111111, sa_flags=SA_ONSTACK|SA_RESTART|SA_SIGINFO
SIGBUS: [libjvm.dylib+0x5b2935], sa_mask[0]=11111111011111110111111111111111, sa_flags=SA_RESTART|SA_SIGINFO
SIGFPE: [libjvm.dylib+0x4a1701], sa_mask[0]=11111111011111110111111111111111, sa_flags=SA_RESTART|SA_SIGINFO
SIGPIPE: [libjvm.dylib+0x4a1701], sa_mask[0]=11111111011111110111111111111111, sa_flags=SA_RESTART|SA_SIGINFO
SIGXFSZ: [libjvm.dylib+0x4a1701], sa_mask[0]=11111111011111110111111111111111, sa_flags=SA_RESTART|SA_SIGINFO
SIGILL: [libjvm.dylib+0x4a1701], sa_mask[0]=11111111011111110111111111111111, sa_flags=SA_RESTART|SA_SIGINFO
SIGUSR1: SIG_DFL, sa_mask[0]=00000000000000000000000000000000, sa_flags=none
SIGUSR2: [libjvm.dylib+0x4a1ff0], sa_mask[0]=00100000000000000000000000000000, sa_flags=SA_RESTART|SA_SIGINFO
SIGHUP: [libjvm.dylib+0x4a013f], sa_mask[0]=11111111011111110111111111111111, sa_flags=SA_RESTART|SA_SIGINFO
SIGINT: [libjvm.dylib+0x4a013f], sa_mask[0]=11111111011111110111111111111111, sa_flags=SA_RESTART|SA_SIGINFO
SIGTERM: [libjvm.dylib+0x4a013f], sa_mask[0]=11111111011111110111111111111111, sa_flags=SA_RESTART|SA_SIGINFO
SIGQUIT: [libjvm.dylib+0x4a013f], sa_mask[0]=11111111011111110111111111111111, sa_flags=SA_RESTART|SA_SIGINFO


---------------  S Y S T E M  ---------------

OS:Bsduname:Darwin 21.3.0 Darwin Kernel Version 21.3.0: Wed Jan  5 21:37:58 PST 2022; root:xnu-8019.80.24~20/RELEASE_X86_64 x86_64
rlimit: STACK 8192k, CORE 0k, NPROC 1392, NOFILE 10240, AS infinity
load average:1.74 2.42 2.67

CPU:total 4 (initial active 4) (2 cores per cpu, 2 threads per core) family 6 model 78 stepping 3, cmov, cx8, fxsr, mmx, sse, sse2, sse3, ssse3, sse4.1, sse4.2, popcnt, avx, avx2, aes, clmul, erms, 3dnowpref, lzcnt, ht, tsc, tscinvbit, bmi1, bmi2, adx

Memory: 4k page, physical 8388608k(192472k free)

/proc/meminfo:


vm_info: OpenJDK 64-Bit Server VM (25.312-b07) for bsd-amd64 JRE (Zulu 8.58.0.13-CA-macosx) (1.8.0_312-b07), built on Oct 11 2021 08:36:41 by "zulu_re" with gcc 4.2.1 Compatible Apple LLVM 11.0.0 (clang-1100.0.33.17)

time: Mon May 30 11:35:49 2022
timezone: +0530
elapsed time: 208.092160 seconds (0d 0h 3m 28s)

