#
# A fatal error has been detected by the Java Runtime Environment:
#
#  INVALID (0xe0000000) at pc=0x0000000000000000, pid=7463, tid=0x000000000000a003
#  fatal error: Illegal threadstate encountered: 4
#
# JRE version: OpenJDK Runtime Environment (Zulu 8.58.0.13-CA-macosx) (8.0_312-b07) (build 1.8.0_312-b07)
# Java VM: OpenJDK 64-Bit Server VM (25.312-b07 mixed mode bsd-amd64 compressed oops)
# Failed to write core dump. Core dumps have been disabled. To enable core dumping, try "ulimit -c unlimited" before starting Java again
#
# If you would like to submit a bug report, please visit:
#   http://www.azul.com/support/
# The crash happened outside the Java Virtual Machine in native code.
# See problematic frame for where to report the bug.
#

---------------  T H R E A D  ---------------

Current thread (0x00007f7dbe109800):  JavaThread "Thread-1" daemon [_thread_in_native, id=40963, stack(0x000070000ace4000,0x000070000ade4000)]

Stack: [0x000070000ace4000,0x000070000ade4000],  sp=0x000070000ade3010,  free space=1020k
Native frames: (J=compiled Java code, j=interpreted, Vv=VM code, C=native code)
V  [libjvm.dylib+0x5b1e72]
V  [libjvm.dylib+0x1d77b3]
V  [libjvm.dylib+0x4fb301]
V  [libjvm.dylib+0x576b31]
V  [libjvm.dylib+0x30e798]
C  [libglass.dylib+0x9e88]  -[GlassRunnable dealloc]+0x28
C  [Foundation+0x80eab]  -[_NSThreadPerformInfo dealloc]+0x2a
C  [Foundation+0x4dcd7]  -[NSObject(NSThreadPerformAdditions) performSelectorOnMainThread:withObject:waitUntilDone:]+0x7c
J 2639  com.sun.glass.ui.mac.MacApplication._submitForLaterInvocation(Ljava/lang/Runnable;)V (0 bytes) @ 0x00000001133a2abc [0x00000001133a2a00+0xbc]
J 2004 C1 com.sun.glass.ui.mac.MacApplication.submitForLaterInvocation(Ljava/lang/Runnable;)V (6 bytes) @ 0x0000000113196dbc [0x0000000113196d40+0x7c]
j  com.sun.glass.ui.InvokeLaterDispatcher.run()V+82
v  ~StubRoutines::call_stub
V  [libjvm.dylib+0x2d7e24]
V  [libjvm.dylib+0x2d6c7e]
V  [libjvm.dylib+0x2d6e5f]
V  [libjvm.dylib+0x35324b]
V  [libjvm.dylib+0x57538a]
V  [libjvm.dylib+0x57523d]
V  [libjvm.dylib+0x49f1f7]
C  [libsystem_pthread.dylib+0x64f4]  _pthread_start+0x7d
C  [libsystem_pthread.dylib+0x200f]  thread_start+0xf
C  0x0000000000000000

Java frames: (J=compiled Java code, j=interpreted, Vv=VM code)
J 2639  com.sun.glass.ui.mac.MacApplication._submitForLaterInvocation(Ljava/lang/Runnable;)V (0 bytes) @ 0x00000001133a2a4c [0x00000001133a2a00+0x4c]
J 2004 C1 com.sun.glass.ui.mac.MacApplication.submitForLaterInvocation(Ljava/lang/Runnable;)V (6 bytes) @ 0x0000000113196dbc [0x0000000113196d40+0x7c]
j  com.sun.glass.ui.InvokeLaterDispatcher.run()V+82
v  ~StubRoutines::call_stub

---------------  P R O C E S S  ---------------

Java Threads: ( => current thread )
  0x00007f7dbe8eb800 JavaThread "PulseTimer-CVDisplayLink thread" daemon [_thread_in_native, id=54375, stack(0x000070000a3c6000,0x000070000a446000)]
  0x00007f7dbd2ac000 JavaThread "Prism Font Disposer" daemon [_thread_blocked, id=77063, stack(0x000070000b27c000,0x000070000b37c000)]
  0x00007f7dbe176800 JavaThread "JavaFX-Launcher" [_thread_blocked, id=78087, stack(0x000070000b179000,0x000070000b279000)]
  0x00007f7dbe159000 JavaThread "Attach Listener" daemon [_thread_blocked, id=83723, stack(0x000070000ade7000,0x000070000aee7000)]
  0x00007f7dbd164000 JavaThread "JavaFX Application Thread" [_thread_in_native, id=259, stack(0x00007ff7b2cbe000,0x00007ff7b34be000)]
=>0x00007f7dbe109800 JavaThread "Thread-1" daemon [_thread_in_native, id=40963, stack(0x000070000ace4000,0x000070000ade4000)]
  0x00007f7dbd144800 JavaThread "QuantumRenderer-0" daemon [_thread_blocked, id=16387, stack(0x000070000abe1000,0x000070000ace1000)]
  0x00007f7dbd0b9000 JavaThread "Service Thread" daemon [_thread_blocked, id=14339, stack(0x000070000a9db000,0x000070000aadb000)]
  0x00007f7dbd0b8800 JavaThread "C1 CompilerThread2" daemon [_thread_blocked, id=17155, stack(0x000070000a8d8000,0x000070000a9d8000)]
  0x00007f7dbe029000 JavaThread "C2 CompilerThread1" daemon [_thread_blocked, id=17411, stack(0x000070000a7d5000,0x000070000a8d5000)]
  0x00007f7dbd063000 JavaThread "C2 CompilerThread0" daemon [_thread_blocked, id=13827, stack(0x000070000a6d2000,0x000070000a7d2000)]
  0x00007f7dbd060000 JavaThread "Monitor Ctrl-Break" daemon [_thread_in_native, id=13315, stack(0x000070000a5cf000,0x000070000a6cf000)]
  0x00007f7dbe014000 JavaThread "Signal Dispatcher" daemon [_thread_blocked, id=17923, stack(0x000070000a4cc000,0x000070000a5cc000)]
  0x00007f7dbe00e800 JavaThread "Finalizer" daemon [_thread_blocked, id=20739, stack(0x000070000a240000,0x000070000a340000)]
  0x00007f7dbe00b800 JavaThread "Reference Handler" daemon [_thread_blocked, id=12035, stack(0x000070000a13d000,0x000070000a23d000)]
  0x00007f7dbd00a000 JavaThread "main" [_thread_blocked, id=10243, stack(0x0000700009b2b000,0x0000700009c2b000)]

Other Threads:
  0x00007f7dbc83c800 VMThread [stack: 0x000070000a03a000,0x000070000a13a000] [id=11523]
  0x00007f7dbc86d800 WatcherThread [stack: 0x000070000aade000,0x000070000abde000] [id=16643]

VM state:not at safepoint (normal execution)

VM Mutex/Monitor currently owned by a thread: None

heap address: 0x0000000740000000, size: 2048 MB, Compressed Oops mode: Zero based, Oop shift amount: 3
Narrow klass base: 0x0000000000000000, Narrow klass shift: 3
Compressed class space size: 1073741824 Address: 0x00000007c0000000

Heap:
 PSYoungGen      total 38400K, used 856K [0x0000000795580000, 0x0000000798000000, 0x00000007c0000000)
  eden space 33280K, 2% used [0x0000000795580000,0x0000000795656090,0x0000000797600000)
  from space 5120K, 0% used [0x0000000797600000,0x0000000797600000,0x0000000797b00000)
  to   space 5120K, 0% used [0x0000000797b00000,0x0000000797b00000,0x0000000798000000)
 ParOldGen       total 50688K, used 8980K [0x0000000740000000, 0x0000000743180000, 0x0000000795580000)
  object space 50688K, 17% used [0x0000000740000000,0x00000007408c5190,0x0000000743180000)
 Metaspace       used 20124K, capacity 21166K, committed 21296K, reserved 1067008K
  class space    used 2844K, capacity 3106K, committed 3200K, reserved 1048576K

Card table byte_map: [0x000000010d025000,0x000000010d426000] byte_map_base: 0x0000000109625000

Marking Bits: (ParMarkBitMap*) 0x000000010e0a6948
 Begin Bits: [0x000000010e7b6000, 0x00000001107b6000)
 End Bits:   [0x00000001107b6000, 0x00000001127b6000)

Polling page: 0x000000010cb7a000

CodeCache: size=245760Kb used=9610Kb max_used=9610Kb free=236149Kb
 bounds [0x0000000112bbb000, 0x000000011352b000, 0x0000000121bbb000]
 total_blobs=3744 nmethods=3081 adapters=573
 compilation: enabled

Compilation events (10 events):
Event: 21.967 Thread 0x00007f7dbd0b8800 nmethod 3071 0x000000011351ea90 code [0x000000011351ebe0, 0x000000011351ed30]
Event: 21.968 Thread 0x00007f7dbe029000 3072       4       com.sun.scenario.effect.impl.prism.ps.PPSDrawable::getMaxContentHeight (10 bytes)
Event: 21.968 Thread 0x00007f7dbd0b8800 3073  s    3       com.sun.scenario.effect.impl.Renderer::getPeerInstance (142 bytes)
Event: 21.969 Thread 0x00007f7dbe029000 nmethod 3072 0x000000011351d2d0 code [0x000000011351d420, 0x000000011351d4b8]
Event: 21.970 Thread 0x00007f7dbd0b8800 nmethod 3073 0x0000000113520c90 code [0x0000000113520fc0, 0x0000000113522c08]
Event: 21.970 Thread 0x00007f7dbd0b8800 3074       3       com.sun.scenario.effect.impl.prism.ps.PPSEffectPeer::filter (30 bytes)
Event: 22.026 Thread 0x00007f7dbd0b8800 nmethod 3074 0x000000011351e190 code [0x000000011351e320, 0x000000011351e8f8]
Event: 22.026 Thread 0x00007f7dbd0b8800 3075       3       com.sun.scenario.effect.impl.EffectPeer::setDestNativeBounds (17 bytes)
Event: 22.026 Thread 0x00007f7dbd0b8800 nmethod 3075 0x000000011351cbd0 code [0x000000011351cd40, 0x000000011351ceb0]
Event: 22.026 Thread 0x00007f7dbd0b8800 3077       3       sun.misc.Unsafe::getAndAddLong (27 bytes)

GC Heap History (8 events):
Event: 2.871 GC heap before
{Heap before GC invocations=1 (full 0):
 PSYoungGen      total 38400K, used 33280K [0x0000000795580000, 0x0000000798000000, 0x00000007c0000000)
  eden space 33280K, 100% used [0x0000000795580000,0x0000000797600000,0x0000000797600000)
  from space 5120K, 0% used [0x0000000797b00000,0x0000000797b00000,0x0000000798000000)
  to   space 5120K, 0% used [0x0000000797600000,0x0000000797600000,0x0000000797b00000)
 ParOldGen       total 87552K, used 0K [0x0000000740000000, 0x0000000745580000, 0x0000000795580000)
  object space 87552K, 0% used [0x0000000740000000,0x0000000740000000,0x0000000745580000)
 Metaspace       used 11869K, capacity 12274K, committed 12544K, reserved 1060864K
  class space    used 1540K, capacity 1666K, committed 1792K, reserved 1048576K
Event: 2.885 GC heap after
Heap after GC invocations=1 (full 0):
 PSYoungGen      total 38400K, used 5114K [0x0000000795580000, 0x0000000798000000, 0x00000007c0000000)
  eden space 33280K, 0% used [0x0000000795580000,0x0000000795580000,0x0000000797600000)
  from space 5120K, 99% used [0x0000000797600000,0x0000000797afebc8,0x0000000797b00000)
  to   space 5120K, 0% used [0x0000000797b00000,0x0000000797b00000,0x0000000798000000)
 ParOldGen       total 87552K, used 2372K [0x0000000740000000, 0x0000000745580000, 0x0000000795580000)
  object space 87552K, 2% used [0x0000000740000000,0x0000000740251108,0x0000000745580000)
 Metaspace       used 11869K, capacity 12274K, committed 12544K, reserved 1060864K
  class space    used 1540K, capacity 1666K, committed 1792K, reserved 1048576K
}
Event: 14.318 GC heap before
{Heap before GC invocations=2 (full 0):
 PSYoungGen      total 38400K, used 38394K [0x0000000795580000, 0x0000000798000000, 0x00000007c0000000)
  eden space 33280K, 100% used [0x0000000795580000,0x0000000797600000,0x0000000797600000)
  from space 5120K, 99% used [0x0000000797600000,0x0000000797afebc8,0x0000000797b00000)
  to   space 5120K, 0% used [0x0000000797b00000,0x0000000797b00000,0x0000000798000000)
 ParOldGen       total 87552K, used 2372K [0x0000000740000000, 0x0000000745580000, 0x0000000795580000)
  object space 87552K, 2% used [0x0000000740000000,0x0000000740251108,0x0000000745580000)
 Metaspace       used 19169K, capacity 19974K, committed 20096K, reserved 1067008K
  class space    used 2725K, capacity 2914K, committed 2944K, reserved 1048576K
Event: 14.333 GC heap after
Heap after GC invocations=2 (full 0):
 PSYoungGen      total 38400K, used 5102K [0x0000000795580000, 0x0000000798000000, 0x00000007c0000000)
  eden space 33280K, 0% used [0x0000000795580000,0x0000000795580000,0x0000000797600000)
  from space 5120K, 99% used [0x0000000797b00000,0x0000000797ffbbe0,0x0000000798000000)
  to   space 5120K, 0% used [0x0000000797600000,0x0000000797600000,0x0000000797b00000)
 ParOldGen       total 87552K, used 10035K [0x0000000740000000, 0x0000000745580000, 0x0000000795580000)
  object space 87552K, 11% used [0x0000000740000000,0x00000007409ccdf8,0x0000000745580000)
 Metaspace       used 19169K, capacity 19974K, committed 20096K, reserved 1067008K
  class space    used 2725K, capacity 2914K, committed 2944K, reserved 1048576K
}
Event: 21.970 GC heap before
{Heap before GC invocations=3 (full 0):
 PSYoungGen      total 38400K, used 15439K [0x0000000795580000, 0x0000000798000000, 0x00000007c0000000)
  eden space 33280K, 31% used [0x0000000795580000,0x0000000795f98060,0x0000000797600000)
  from space 5120K, 99% used [0x0000000797b00000,0x0000000797ffbbe0,0x0000000798000000)
  to   space 5120K, 0% used [0x0000000797600000,0x0000000797600000,0x0000000797b00000)
 ParOldGen       total 87552K, used 10035K [0x0000000740000000, 0x0000000745580000, 0x0000000795580000)
  object space 87552K, 11% used [0x0000000740000000,0x00000007409ccdf8,0x0000000745580000)
 Metaspace       used 20124K, capacity 21166K, committed 21296K, reserved 1067008K
  class space    used 2844K, capacity 3106K, committed 3200K, reserved 1048576K
Event: 21.981 GC heap after
Heap after GC invocations=3 (full 0):
 PSYoungGen      total 38400K, used 5100K [0x0000000795580000, 0x0000000798000000, 0x00000007c0000000)
  eden space 33280K, 0% used [0x0000000795580000,0x0000000795580000,0x0000000797600000)
  from space 5120K, 99% used [0x0000000797600000,0x0000000797afb170,0x0000000797b00000)
  to   space 5120K, 0% used [0x0000000797b00000,0x0000000797b00000,0x0000000798000000)
 ParOldGen       total 87552K, used 13922K [0x0000000740000000, 0x0000000745580000, 0x0000000795580000)
  object space 87552K, 15% used [0x0000000740000000,0x0000000740d98a48,0x0000000745580000)
 Metaspace       used 20124K, capacity 21166K, committed 21296K, reserved 1067008K
  class space    used 2844K, capacity 3106K, committed 3200K, reserved 1048576K
}
Event: 21.981 GC heap before
{Heap before GC invocations=4 (full 1):
 PSYoungGen      total 38400K, used 5100K [0x0000000795580000, 0x0000000798000000, 0x00000007c0000000)
  eden space 33280K, 0% used [0x0000000795580000,0x0000000795580000,0x0000000797600000)
  from space 5120K, 99% used [0x0000000797600000,0x0000000797afb170,0x0000000797b00000)
  to   space 5120K, 0% used [0x0000000797b00000,0x0000000797b00000,0x0000000798000000)
 ParOldGen       total 87552K, used 13922K [0x0000000740000000, 0x0000000745580000, 0x0000000795580000)
  object space 87552K, 15% used [0x0000000740000000,0x0000000740d98a48,0x0000000745580000)
 Metaspace       used 20124K, capacity 21166K, committed 21296K, reserved 1067008K
  class space    used 2844K, capacity 3106K, committed 3200K, reserved 1048576K
Event: 22.025 GC heap after
Heap after GC invocations=4 (full 1):
 PSYoungGen      total 38400K, used 0K [0x0000000795580000, 0x0000000798000000, 0x00000007c0000000)
  eden space 33280K, 0% used [0x0000000795580000,0x0000000795580000,0x0000000797600000)
  from space 5120K, 0% used [0x0000000797600000,0x0000000797600000,0x0000000797b00000)
  to   space 5120K, 0% used [0x0000000797b00000,0x0000000797b00000,0x0000000798000000)
 ParOldGen       total 50688K, used 8980K [0x0000000740000000, 0x0000000743180000, 0x0000000795580000)
  object space 50688K, 17% used [0x0000000740000000,0x00000007408c5190,0x0000000743180000)
 Metaspace       used 20124K, capacity 21166K, committed 21296K, reserved 1067008K
  class space    used 2844K, capacity 3106K, committed 3200K, reserved 1048576K
}

Deoptimization events (10 events):
Event: 4.085 Thread 0x00007f7dbd144800 Uncommon trap: reason=unstable_if action=reinterpret pc=0x0000000112ebc354 method=sun.net.www.ParseUtil.encodePath(Ljava/lang/String;Z)Ljava/lang/String; @ 109
Event: 14.164 Thread 0x00007f7dbd164000 Uncommon trap: reason=class_check action=maybe_recompile pc=0x00000001132479fc method=javafx.scene.Node.updateLocalToParentTransform()V @ 209
Event: 14.181 Thread 0x00007f7dbd164000 Uncommon trap: reason=class_check action=maybe_recompile pc=0x00000001132479fc method=javafx.scene.Node.updateLocalToParentTransform()V @ 209
Event: 14.197 Thread 0x00007f7dbd164000 Uncommon trap: reason=class_check action=maybe_recompile pc=0x00000001132479fc method=javafx.scene.Node.updateLocalToParentTransform()V @ 209
Event: 14.421 Thread 0x00007f7dbd164000 Uncommon trap: reason=unstable_if action=reinterpret pc=0x0000000113296624 method=com.sun.javafx.geom.transform.AffineBase.updateState2D()V @ 33
Event: 17.815 Thread 0x00007f7dbd144800 Uncommon trap: reason=unstable_if action=reinterpret pc=0x00000001133daae4 method=java.lang.Math.round(F)I @ 36
Event: 21.863 Thread 0x00007f7dbd164000 Uncommon trap: reason=class_check action=maybe_recompile pc=0x00000001132479fc method=javafx.scene.Node.updateLocalToParentTransform()V @ 209
Event: 21.933 Thread 0x00007f7dbd144800 Uncommon trap: reason=unstable_if action=reinterpret pc=0x0000000113426d14 method=com.sun.javafx.geom.transform.AffineBase.updateState2D()V @ 6
Event: 21.933 Thread 0x00007f7dbd144800 Uncommon trap: reason=unstable_if action=reinterpret pc=0x00000001134170d8 method=com.sun.javafx.geom.transform.AffineBase.updateState2D()V @ 6
Event: 21.968 Thread 0x00007f7dbd144800 Uncommon trap: reason=unstable_if action=reinterpret pc=0x00000001134e5d30 method=com.sun.javafx.geom.transform.AffineBase.updateState2D()V @ 6

Classes redefined (0 events):
No events

Internal exceptions (10 events):
Event: 0.673 Thread 0x00007f7dbd00a000 Exception <a 'java/security/PrivilegedActionException'> (0x0000000795a6eaf0) thrown at [/Users/tester/jenkins/workspace/zulu8-build-macosx/zulu-src/hotspot/src/share/vm/prims/jvm.cpp, line 1529]
Event: 0.673 Thread 0x00007f7dbd00a000 Exception <a 'java/security/PrivilegedActionException'> (0x0000000795a6ed00) thrown at [/Users/tester/jenkins/workspace/zulu8-build-macosx/zulu-src/hotspot/src/share/vm/prims/jvm.cpp, line 1529]
Event: 0.673 Thread 0x00007f7dbd00a000 Exception <a 'java/security/PrivilegedActionException'> (0x0000000795a71de8) thrown at [/Users/tester/jenkins/workspace/zulu8-build-macosx/zulu-src/hotspot/src/share/vm/prims/jvm.cpp, line 1529]
Event: 0.673 Thread 0x00007f7dbd00a000 Exception <a 'java/security/PrivilegedActionException'> (0x0000000795a71ff8) thrown at [/Users/tester/jenkins/workspace/zulu8-build-macosx/zulu-src/hotspot/src/share/vm/prims/jvm.cpp, line 1529]
Event: 0.674 Thread 0x00007f7dbd00a000 Exception <a 'java/lang/NullPointerException'> (0x0000000795a72a00) thrown at [/Users/tester/jenkins/workspace/zulu8-build-macosx/zulu-src/hotspot/src/share/vm/interpreter/linkResolver.cpp, line 1185]
Event: 2.073 Thread 0x00007f7dbd164000 Exception <a 'java/lang/NullPointerException'> (0x0000000796d1eec0) thrown at [/Users/tester/jenkins/workspace/zulu8-build-macosx/zulu-src/hotspot/src/share/vm/interpreter/linkResolver.cpp, line 1185]
Event: 2.073 Thread 0x00007f7dbd164000 Exception <a 'java/lang/NullPointerException'> (0x0000000796d1eec0) thrown at [/Users/tester/jenkins/workspace/zulu8-build-macosx/zulu-src/hotspot/src/share/vm/prims/jvm.cpp, line 1533]
Event: 3.055 Thread 0x00007f7dbd164000 Implicit null exception at 0x0000000112ec66fb to 0x0000000112ec6ec5
Event: 11.203 Thread 0x00007f7dbd164000 Exception <a 'java/io/FileNotFoundException'> (0x0000000796f36348) thrown at [/Users/tester/jenkins/workspace/zulu8-build-macosx/zulu-src/hotspot/src/share/vm/prims/jni.cpp, line 711]
Event: 11.220 Thread 0x00007f7dbd164000 Exception <a 'java/io/FileNotFoundException'> (0x0000000796fcecd8) thrown at [/Users/tester/jenkins/workspace/zulu8-build-macosx/zulu-src/hotspot/src/share/vm/prims/jni.cpp, line 711]

Events (10 events):
Event: 21.933 Thread 0x00007f7dbd144800 DEOPT PACKING pc=0x00000001134170d8 sp=0x000070000acdd830
Event: 21.933 Thread 0x00007f7dbd144800 DEOPT UNPACKING pc=0x0000000112c0057a sp=0x000070000acdd740 mode 2
Event: 21.968 Thread 0x00007f7dbd144800 Uncommon trap: trap_request=0xffffff65 fr.pc=0x00000001134e5d30
Event: 21.968 Thread 0x00007f7dbd144800 DEOPT PACKING pc=0x00000001134e5d30 sp=0x000070000acddb80
Event: 21.968 Thread 0x00007f7dbd144800 DEOPT UNPACKING pc=0x0000000112c0057a sp=0x000070000acdda48 mode 2
Event: 21.970 Executing VM operation: CollectForMetadataAllocation
Event: 22.025 Executing VM operation: CollectForMetadataAllocation done
Event: 22.026 Executing VM operation: RevokeBias
Event: 22.026 Executing VM operation: RevokeBias done
Event: 22.026 Executing VM operation: RevokeBias


Dynamic libraries:
0x00007ff834b61000 	/System/Library/Frameworks/Cocoa.framework/Versions/A/Cocoa
0x00007ff8209d2000 	/System/Library/Frameworks/AppKit.framework/Versions/C/AppKit
0x00007ff823ece000 	/System/Library/Frameworks/CoreData.framework/Versions/A/CoreData
0x00007ff81ede9000 	/System/Library/Frameworks/Foundation.framework/Versions/C/Foundation
0x00007ff828c96000 	/usr/lib/libSystem.B.dylib
0x00007ff821864000 	/System/Library/PrivateFrameworks/UIFoundation.framework/Versions/A/UIFoundation
0x00007ff82eb0d000 	/System/Library/PrivateFrameworks/RemoteViewServices.framework/Versions/A/RemoteViewServices
0x00007ff826ef8000 	/System/Library/PrivateFrameworks/XCTTargetBootstrap.framework/Versions/A/XCTTargetBootstrap
0x00007ff82aaa6000 	/System/Library/PrivateFrameworks/InternationalSupport.framework/Versions/A/InternationalSupport
0x00007ff82ab30000 	/System/Library/PrivateFrameworks/UserActivity.framework/Versions/A/UserActivity
0x00007ff829e86000 	/usr/lib/libspindump.dylib
0x00007ff821af2000 	/System/Library/Frameworks/UniformTypeIdentifiers.framework/Versions/A/UniformTypeIdentifiers
0x00007ff825631000 	/usr/lib/libapp_launch_measurement.dylib
0x00007ff82489a000 	/System/Library/PrivateFrameworks/CoreAnalytics.framework/Versions/A/CoreAnalytics
0x00007ff825634000 	/System/Library/PrivateFrameworks/CoreAutoLayout.framework/Versions/A/CoreAutoLayout
0x00007ff826854000 	/System/Library/Frameworks/Metal.framework/Versions/A/Metal
0x00007ff82756e000 	/usr/lib/liblangid.dylib
0x00007ff826efc000 	/System/Library/PrivateFrameworks/CoreSVG.framework/Versions/A/CoreSVG
0x00007ff822eb9000 	/System/Library/PrivateFrameworks/SkyLight.framework/Versions/A/SkyLight
0x00007ff82324f000 	/System/Library/Frameworks/CoreGraphics.framework/Versions/A/CoreGraphics
0x00007ff82f17c000 	/System/Library/Frameworks/Accelerate.framework/Versions/A/Accelerate
0x00007ff829901000 	/System/Library/PrivateFrameworks/IconServices.framework/Versions/A/IconServices
0x00007ff826839000 	/System/Library/Frameworks/IOSurface.framework/Versions/A/IOSurface
0x00007ff8248c8000 	/usr/lib/libDiagnosticMessagesClient.dylib
0x00007ff828bb6000 	/usr/lib/libz.1.dylib
0x00007ff8327ed000 	/System/Library/Frameworks/ApplicationServices.framework/Versions/A/ApplicationServices
0x00007ff826ee4000 	/System/Library/PrivateFrameworks/DFRFoundation.framework/Versions/A/DFRFoundation
0x00007ff8202c3000 	/usr/lib/libicucore.A.dylib
0x00007ff82b7cb000 	/System/Library/Frameworks/AudioToolbox.framework/Versions/A/AudioToolbox
0x00007ff82aab2000 	/System/Library/PrivateFrameworks/DataDetectorsCore.framework/Versions/A/DataDetectorsCore
0x00007ff92640a000 	/System/Library/PrivateFrameworks/TextInput.framework/Versions/A/TextInput
0x00007ff822e3d000 	/usr/lib/libMobileGestalt.dylib
0x00007ff826bec000 	/System/Library/Frameworks/Carbon.framework/Versions/A/Frameworks/HIToolbox.framework/Versions/A/HIToolbox
0x00007ff82505e000 	/System/Library/Frameworks/QuartzCore.framework/Versions/A/QuartzCore
0x00007ff81ff63000 	/System/Library/Frameworks/Security.framework/Versions/A/Security
0x00007ff82eb45000 	/System/Library/Frameworks/Carbon.framework/Versions/A/Frameworks/SpeechRecognition.framework/Versions/A/SpeechRecognition
0x00007ff825391000 	/System/Library/PrivateFrameworks/CoreUI.framework/Versions/A/CoreUI
0x00007ff81f83b000 	/System/Library/Frameworks/CoreAudio.framework/Versions/A/CoreAudio
0x00007ff8249b6000 	/System/Library/Frameworks/DiskArbitration.framework/Versions/A/DiskArbitration
0x00007ff82a26d000 	/System/Library/PrivateFrameworks/MultitouchSupport.framework/Versions/A/MultitouchSupport
0x00007ff822e3c000 	/usr/lib/libenergytrace.dylib
0x00007ff8208be000 	/System/Library/Frameworks/IOKit.framework/Versions/A/IOKit
0x00007ff82ef31000 	/System/Library/Frameworks/CoreServices.framework/Versions/A/CoreServices
0x00007ff8255cb000 	/System/Library/PrivateFrameworks/PerformanceAnalysis.framework/Versions/A/PerformanceAnalysis
0x00007ffa35bda000 	/System/Library/Frameworks/OpenGL.framework/Versions/A/OpenGL
0x00007ff8281e3000 	/System/Library/PrivateFrameworks/MobileKeyBag.framework/Versions/A/MobileKeyBag
0x00007ff81ddaa000 	/usr/lib/libobjc.A.dylib
0x00007ff82391b000 	/System/Library/Frameworks/ColorSync.framework/Versions/A/ColorSync
0x00007ff81df63000 	/System/Library/Frameworks/CoreFoundation.framework/Versions/A/CoreFoundation
0x00007ff827175000 	/System/Library/Frameworks/CoreImage.framework/Versions/A/CoreImage
0x00007ff81f651000 	/System/Library/Frameworks/CoreText.framework/Versions/A/CoreText
0x00007ff826f2b000 	/System/Library/Frameworks/ImageIO.framework/Versions/A/ImageIO
0x00007ff828c9c000 	/System/Library/PrivateFrameworks/SoftLinking.framework/Versions/A/SoftLinking
0x00007ff82567c000 	/usr/lib/libxml2.2.dylib
0x00007ff81de70000 	/usr/lib/libc++.1.dylib
0x00007ff828f20000 	/usr/lib/libcompression.dylib
0x00007ff82a9dc000 	/System/Library/PrivateFrameworks/TextureIO.framework/Versions/A/TextureIO
0x00007ff829613000 	/usr/lib/libate.dylib
0x00007ff828c91000 	/usr/lib/system/libcache.dylib
0x00007ff828c4d000 	/usr/lib/system/libcommonCrypto.dylib
0x00007ff828c76000 	/usr/lib/system/libcompiler_rt.dylib
0x00007ff828c6c000 	/usr/lib/system/libcopyfile.dylib
0x00007ff81dca4000 	/usr/lib/system/libcorecrypto.dylib
0x00007ff81dd63000 	/usr/lib/system/libdispatch.dylib
0x00007ff81df22000 	/usr/lib/system/libdyld.dylib
0x00007ff828c88000 	/usr/lib/system/libkeymgr.dylib
0x00007ff828c2b000 	/usr/lib/system/libmacho.dylib
0x00007ff8282b7000 	/usr/lib/system/libquarantine.dylib
0x00007ff828c86000 	/usr/lib/system/libremovefile.dylib
0x00007ff822e89000 	/usr/lib/system/libsystem_asl.dylib
0x00007ff81dc52000 	/usr/lib/system/libsystem_blocks.dylib
0x00007ff81dde7000 	/usr/lib/system/libsystem_c.dylib
0x00007ff828c7e000 	/usr/lib/system/libsystem_collections.dylib
0x00007ff82755f000 	/usr/lib/system/libsystem_configuration.dylib
0x00007ff82681c000 	/usr/lib/system/libsystem_containermanager.dylib
0x00007ff828968000 	/usr/lib/system/libsystem_coreservices.dylib
0x00007ff82054c000 	/usr/lib/system/libsystem_darwin.dylib
0x00007ff828c89000 	/usr/lib/system/libsystem_dnssd.dylib
0x00007ff81dde4000 	/usr/lib/system/libsystem_featureflags.dylib
0x00007ff81df38000 	/usr/lib/system/libsystem_info.dylib
0x00007ff828bc9000 	/usr/lib/system/libsystem_m.dylib
0x00007ff81dd37000 	/usr/lib/system/libsystem_malloc.dylib
0x00007ff822e26000 	/usr/lib/system/libsystem_networkextension.dylib
0x00007ff820974000 	/usr/lib/system/libsystem_notify.dylib
0x00007ff82ee06000 	/usr/lib/system/libsystem_product_info_filter.dylib
0x00007ff827563000 	/usr/lib/system/libsystem_sandbox.dylib
0x00007ff828c83000 	/usr/lib/system/libsystem_secinit.dylib
0x00007ff81dedf000 	/usr/lib/system/libsystem_kernel.dylib
0x00007ff81df2e000 	/usr/lib/system/libsystem_platform.dylib
0x00007ff81df16000 	/usr/lib/system/libsystem_pthread.dylib
0x00007ff8246e1000 	/usr/lib/system/libsystem_symptoms.dylib
0x00007ff81dc8b000 	/usr/lib/system/libsystem_trace.dylib
0x00007ff828c59000 	/usr/lib/system/libunwind.dylib
0x00007ff81dc54000 	/usr/lib/system/libxpc.dylib
0x00007ff81dec9000 	/usr/lib/libc++abi.dylib
0x00007ff828c64000 	/usr/lib/liboah.dylib
0x00007ff8293f1000 	/usr/lib/liblzma.5.dylib
0x00007ff81eafa000 	/System/Library/Frameworks/SystemConfiguration.framework/Versions/A/SystemConfiguration
0x00007ff828c98000 	/usr/lib/libfakelink.dylib
0x00007ff82298f000 	/System/Library/Frameworks/CFNetwork.framework/Versions/A/CFNetwork
0x00007ff828dd7000 	/usr/lib/libarchive.2.dylib
0x00007ff82756a000 	/System/Library/PrivateFrameworks/AppleSystemInfo.framework/Versions/A/AppleSystemInfo
0x00007ff8282de000 	/usr/lib/libbsm.0.dylib
0x00007ff821fc5000 	/usr/lib/libnetwork.dylib
0x00007ff828c31000 	/usr/lib/system/libkxld.dylib
0x00007ff827f0c000 	/System/Library/PrivateFrameworks/IOMobileFramebuffer.framework/Versions/A/IOMobileFramebuffer
0x00007ffb339ff000 	/usr/lib/libCoreEntitlements.dylib
0x00007ff82894a000 	/System/Library/PrivateFrameworks/AppleFSCompression.framework/Versions/A/AppleFSCompression
0x00007ff8282c6000 	/usr/lib/libcoretls.dylib
0x00007ff82940b000 	/usr/lib/libcoretls_cfhelpers.dylib
0x00007ff828f1b000 	/usr/lib/libpam.2.dylib
0x00007ff824303000 	/usr/lib/libsqlite3.dylib
0x00007ff82947a000 	/usr/lib/libxar.1.dylib
0x00007ff82895a000 	/usr/lib/libbz2.1.0.dylib
0x00007ff828c9d000 	/usr/lib/libpcap.A.dylib
0x00007ff8246d8000 	/usr/lib/libdns_services.dylib
0x00007ff828eea000 	/usr/lib/libapple_nghttp2.dylib
0x00007ff828cd4000 	/usr/lib/libiconv.2.dylib
0x00007ff828c2a000 	/usr/lib/libcharset.1.dylib
0x00007ff8255ff000 	/System/Library/Frameworks/CoreServices.framework/Versions/A/Frameworks/FSEvents.framework/Versions/A/FSEvents
0x00007ff820556000 	/System/Library/Frameworks/CoreServices.framework/Versions/A/Frameworks/CarbonCore.framework/Versions/A/CarbonCore
0x00007ff82491b000 	/System/Library/Frameworks/CoreServices.framework/Versions/A/Frameworks/Metadata.framework/Versions/A/Metadata
0x00007ff82896d000 	/System/Library/Frameworks/CoreServices.framework/Versions/A/Frameworks/OSServices.framework/Versions/A/OSServices
0x00007ff828e5e000 	/System/Library/Frameworks/CoreServices.framework/Versions/A/Frameworks/SearchKit.framework/Versions/A/SearchKit
0x00007ff82466a000 	/System/Library/Frameworks/CoreServices.framework/Versions/A/Frameworks/AE.framework/Versions/A/AE
0x00007ff81e466000 	/System/Library/Frameworks/CoreServices.framework/Versions/A/Frameworks/LaunchServices.framework/Versions/A/LaunchServices
0x00007ff8293a2000 	/System/Library/Frameworks/CoreServices.framework/Versions/A/Frameworks/DictionaryServices.framework/Versions/A/DictionaryServices
0x00007ff82560c000 	/System/Library/Frameworks/CoreServices.framework/Versions/A/Frameworks/SharedFileList.framework/Versions/A/SharedFileList
0x00007ff8282ba000 	/usr/lib/libCheckFix.dylib
0x00007ff822ea0000 	/System/Library/PrivateFrameworks/TCC.framework/Versions/A/TCC
0x00007ff827570000 	/System/Library/PrivateFrameworks/CoreNLP.framework/Versions/A/CoreNLP
0x00007ff8248cb000 	/System/Library/PrivateFrameworks/MetadataUtilities.framework/Versions/A/MetadataUtilities
0x00007ff81ebaa000 	/usr/lib/libmecabra.dylib
0x00007ff8282ee000 	/usr/lib/libmecab.dylib
0x00007ff81eb75000 	/usr/lib/libCRFSuite.dylib
0x00007ff82834b000 	/usr/lib/libgermantok.dylib
0x00007ff828ec5000 	/usr/lib/libThaiTokenizer.dylib
0x00007ff8249bd000 	/System/Library/Frameworks/Accelerate.framework/Versions/A/Frameworks/vImage.framework/Versions/A/vImage
0x00007ff82ef08000 	/System/Library/Frameworks/Accelerate.framework/Versions/A/Frameworks/vecLib.framework/Versions/A/vecLib
0x00007ff8294bb000 	/System/Library/Frameworks/Accelerate.framework/Versions/A/Frameworks/vecLib.framework/Versions/A/libvMisc.dylib
0x00007ff827d2a000 	/System/Library/Frameworks/Accelerate.framework/Versions/A/Frameworks/vecLib.framework/Versions/A/libvDSP.dylib
0x00007ff81e7de000 	/System/Library/Frameworks/Accelerate.framework/Versions/A/Frameworks/vecLib.framework/Versions/A/libBLAS.dylib
0x00007ff828ffc000 	/System/Library/Frameworks/Accelerate.framework/Versions/A/Frameworks/vecLib.framework/Versions/A/libLAPACK.dylib
0x00007ff82834e000 	/System/Library/Frameworks/Accelerate.framework/Versions/A/Frameworks/vecLib.framework/Versions/A/libLinearAlgebra.dylib
0x00007ff828f03000 	/System/Library/Frameworks/Accelerate.framework/Versions/A/Frameworks/vecLib.framework/Versions/A/libSparseBLAS.dylib
0x00007ff828ff6000 	/System/Library/Frameworks/Accelerate.framework/Versions/A/Frameworks/vecLib.framework/Versions/A/libQuadrature.dylib
0x00007ff82765a000 	/System/Library/Frameworks/Accelerate.framework/Versions/A/Frameworks/vecLib.framework/Versions/A/libBNNS.dylib
0x00007ff81ea8b000 	/System/Library/Frameworks/Accelerate.framework/Versions/A/Frameworks/vecLib.framework/Versions/A/libSparse.dylib
0x00007ff827653000 	/System/Library/PrivateFrameworks/LinguisticData.framework/Versions/A/LinguisticData
0x00007ff81ea40000 	/System/Library/PrivateFrameworks/Lexicon.framework/Versions/A/Lexicon
0x00007ff8294b4000 	/usr/lib/libChineseTokenizer.dylib
0x00007ff81f1a4000 	/System/Library/PrivateFrameworks/LanguageModeling.framework/Versions/A/LanguageModeling
0x00007ff828ec7000 	/System/Library/PrivateFrameworks/AppleSauce.framework/Versions/A/AppleSauce
0x00007ff827efa000 	/System/Library/PrivateFrameworks/CoreEmoji.framework/Versions/A/CoreEmoji
0x00007ff828dc6000 	/usr/lib/libcmph.dylib
0x00007ff8255e3000 	/System/Library/Frameworks/OpenDirectory.framework/Versions/A/Frameworks/CFOpenDirectory.framework/Versions/A/CFOpenDirectory
0x00007ff8255d7000 	/System/Library/Frameworks/OpenDirectory.framework/Versions/A/OpenDirectory
0x00007ff82940d000 	/System/Library/PrivateFrameworks/APFS.framework/Versions/A/APFS
0x00007ff82821b000 	/System/Library/Frameworks/SecurityFoundation.framework/Versions/A/SecurityFoundation
0x00007ff829488000 	/usr/lib/libutil.dylib
0x00007ff820881000 	/System/Library/PrivateFrameworks/CoreServicesStore.framework/Versions/A/CoreServicesStore
0x00007ff82948c000 	/usr/lib/libxslt.1.dylib
0x00007ff8282a8000 	/System/Library/PrivateFrameworks/BackgroundTaskManagement.framework/Versions/A/BackgroundTaskManagement
0x00007ff82a8fc000 	/System/Library/Frameworks/ImageIO.framework/Versions/A/Resources/libRadiance.dylib
0x00007ff82a905000 	/System/Library/Frameworks/ImageIO.framework/Versions/A/Resources/libJPEG.dylib
0x00007ff82a855000 	/System/Library/Frameworks/ImageIO.framework/Versions/A/Resources/libPng.dylib
0x00007ff82a876000 	/System/Library/Frameworks/ImageIO.framework/Versions/A/Resources/libTIFF.dylib
0x00007ff82a965000 	/System/Library/Frameworks/ImageIO.framework/Versions/A/Resources/libGIF.dylib
0x00007ff82a186000 	/System/Library/Frameworks/ImageIO.framework/Versions/A/Resources/libJP2.dylib
0x00007ff8298c8000 	/usr/lib/libexpat.1.dylib
0x00007ff82a13b000 	/System/Library/PrivateFrameworks/AppleJPEG.framework/Versions/A/AppleJPEG
0x00007ff826aaf000 	/System/Library/PrivateFrameworks/FontServices.framework/libFontParser.dylib
0x00007ff824614000 	/System/Library/PrivateFrameworks/RunningBoardServices.framework/Versions/A/RunningBoardServices
0x00007ff8350dd000 	/System/Library/PrivateFrameworks/IOSurfaceAccelerator.framework/Versions/A/IOSurfaceAccelerator
0x00007ff82a269000 	/System/Library/PrivateFrameworks/WatchdogClient.framework/Versions/A/WatchdogClient
0x00007ff81f293000 	/System/Library/Frameworks/CoreDisplay.framework/Versions/A/CoreDisplay
0x00007ff8269ae000 	/System/Library/Frameworks/CoreMedia.framework/Versions/A/CoreMedia
0x00007ff82684b000 	/System/Library/PrivateFrameworks/IOAccelerator.framework/Versions/A/IOAccelerator
0x00007ff82575f000 	/System/Library/Frameworks/CoreVideo.framework/Versions/A/CoreVideo
0x00007ff828f19000 	/System/Library/Frameworks/MetalPerformanceShaders.framework/Versions/A/MetalPerformanceShaders
0x00007ff82a2a4000 	/System/Library/Frameworks/VideoToolbox.framework/Versions/A/VideoToolbox
0x00007ff82455c000 	/System/Library/PrivateFrameworks/BaseBoard.framework/Versions/A/BaseBoard
0x00007ff8242e9000 	/System/Library/PrivateFrameworks/ProtocolBuffer.framework/Versions/A/ProtocolBuffer
0x00007ff82a8f5000 	/System/Library/PrivateFrameworks/GPUWrangler.framework/Versions/A/GPUWrangler
0x00007ff82a8d8000 	/System/Library/PrivateFrameworks/IOPresentment.framework/Versions/A/IOPresentment
0x00007ff82a8ff000 	/System/Library/PrivateFrameworks/DSExternalDisplay.framework/Versions/A/DSExternalDisplay
0x00007ffa35bce000 	/System/Library/Frameworks/OpenGL.framework/Versions/A/Libraries/libCoreFSCache.dylib
0x00007ffb21c6f000 	/System/Library/PrivateFrameworks/GPUCompiler.framework/Versions/31001/Libraries/libGPUCompilerUtils.dylib
0x00007ff82a96a000 	/System/Library/PrivateFrameworks/CMCaptureCore.framework/Versions/A/CMCaptureCore
0x00007ff829e74000 	/System/Library/PrivateFrameworks/AppServerSupport.framework/Versions/A/AppServerSupport
0x00007ff82c051000 	/System/Library/PrivateFrameworks/perfdata.framework/Versions/A/perfdata
0x00007ff81f3bf000 	/System/Library/PrivateFrameworks/AudioToolboxCore.framework/Versions/A/AudioToolboxCore
0x00007ff82698b000 	/System/Library/PrivateFrameworks/caulk.framework/Versions/A/caulk
0x00007ff82b975000 	/usr/lib/libAudioStatistics.dylib
0x00007ff922c98000 	/System/Library/PrivateFrameworks/SystemPolicy.framework/Versions/A/SystemPolicy
0x00007ff82bbca000 	/usr/lib/libSMC.dylib
0x00007ff834a14000 	/System/Library/Frameworks/CoreMIDI.framework/Versions/A/CoreMIDI
0x00007ff82a825000 	/usr/lib/libAudioToolboxUtility.dylib
0x00007ff91f0aa000 	/System/Library/PrivateFrameworks/OSAServicesClient.framework/Versions/A/OSAServicesClient
0x00007ff82c05e000 	/usr/lib/libperfcheck.dylib
0x00007ff92372a000 	/usr/lib/libmis.dylib
0x00007ffa35c2a000 	/System/Library/Frameworks/OpenGL.framework/Versions/A/Libraries/libGLU.dylib
0x00007ffa35bed000 	/System/Library/Frameworks/OpenGL.framework/Versions/A/Libraries/libGFXShared.dylib
0x00007ffa35dfb000 	/System/Library/Frameworks/OpenGL.framework/Versions/A/Libraries/libGL.dylib
0x00007ffa35bf6000 	/System/Library/Frameworks/OpenGL.framework/Versions/A/Libraries/libGLImage.dylib
0x00007ffa35bea000 	/System/Library/Frameworks/OpenGL.framework/Versions/A/Libraries/libCVMSPluginSupport.dylib
0x00007ffa35bd5000 	/System/Library/Frameworks/OpenGL.framework/Versions/A/Libraries/libCoreVMClient.dylib
0x00007ff8274ee000 	/System/Library/Frameworks/MetalPerformanceShaders.framework/Versions/A/Frameworks/MPSCore.framework/Versions/A/MPSCore
0x00007ff8288b5000 	/System/Library/Frameworks/MetalPerformanceShaders.framework/Versions/A/Frameworks/MPSImage.framework/Versions/A/MPSImage
0x00007ff828364000 	/System/Library/Frameworks/MetalPerformanceShaders.framework/Versions/A/Frameworks/MPSNeuralNetwork.framework/Versions/A/MPSNeuralNetwork
0x00007ff8287d9000 	/System/Library/Frameworks/MetalPerformanceShaders.framework/Versions/A/Frameworks/MPSMatrix.framework/Versions/A/MPSMatrix
0x00007ff828595000 	/System/Library/Frameworks/MetalPerformanceShaders.framework/Versions/A/Frameworks/MPSRayIntersector.framework/Versions/A/MPSRayIntersector
0x00007ff828812000 	/System/Library/Frameworks/MetalPerformanceShaders.framework/Versions/A/Frameworks/MPSNDArray.framework/Versions/A/MPSNDArray
0x00007ffa3a7ef000 	/System/Library/Frameworks/MetalPerformanceShaders.framework/Versions/A/Frameworks/MPSFunctions.framework/Versions/A/MPSFunctions
0x00007ff81e6c1000 	/System/Library/PrivateFrameworks/MetalTools.framework/Versions/A/MetalTools
0x00007ff827568000 	/System/Library/PrivateFrameworks/AggregateDictionary.framework/Versions/A/AggregateDictionary
0x00007ff8296aa000 	/usr/lib/libIOReport.dylib
0x00007ffa3720a000 	/System/Library/Frameworks/OpenCL.framework/Versions/A/OpenCL
0x00007ff829a0e000 	/System/Library/PrivateFrameworks/FaceCore.framework/Versions/A/FaceCore
0x00007ff8299ff000 	/System/Library/PrivateFrameworks/GraphVisualizer.framework/Versions/A/GraphVisualizer
0x00007ffb21b7a000 	/System/Library/PrivateFrameworks/FontServices.framework/Versions/A/FontServices
0x00007ff829e2b000 	/System/Library/PrivateFrameworks/OTSVG.framework/Versions/A/OTSVG
0x00007ff825347000 	/System/Library/Frameworks/ApplicationServices.framework/Versions/A/Frameworks/ATS.framework/Versions/A/Resources/libFontRegistry.dylib
0x00007ff829e7c000 	/System/Library/PrivateFrameworks/FontServices.framework/libhvf.dylib
0x00007ffb21b7b000 	/System/Library/PrivateFrameworks/FontServices.framework/libXTFontStaticRegistryData.dylib
0x00007ff829878000 	/System/Library/PrivateFrameworks/AppleVA.framework/Versions/A/AppleVA
0x00007ff82b999000 	/System/Library/Frameworks/ApplicationServices.framework/Versions/A/Frameworks/ATS.framework/Versions/A/ATS
0x00007ff823a17000 	/System/Library/Frameworks/ApplicationServices.framework/Versions/A/Frameworks/HIServices.framework/Versions/A/HIServices
0x00007ff82a974000 	/System/Library/Frameworks/ApplicationServices.framework/Versions/A/Frameworks/PrintCore.framework/Versions/A/PrintCore
0x00007ff82bd1d000 	/System/Library/Frameworks/ApplicationServices.framework/Versions/A/Frameworks/QD.framework/Versions/A/QD
0x00007ff82bd15000 	/System/Library/Frameworks/ApplicationServices.framework/Versions/A/Frameworks/ColorSyncLegacy.framework/Versions/A/ColorSyncLegacy
0x00007ff82b989000 	/System/Library/Frameworks/ApplicationServices.framework/Versions/A/Frameworks/SpeechSynthesis.framework/Versions/A/SpeechSynthesis
0x00007ff82a935000 	/System/Library/Frameworks/ApplicationServices.framework/Versions/A/Frameworks/ATSUI.framework/Versions/A/ATSUI
0x00007ff82bcaa000 	/usr/lib/libcups.2.dylib
0x00007ff82c06d000 	/System/Library/Frameworks/Kerberos.framework/Versions/A/Kerberos
0x00007ff82c07c000 	/System/Library/Frameworks/GSS.framework/Versions/A/GSS
0x00007ff82ba05000 	/usr/lib/libresolv.9.dylib
0x00007ff829e8b000 	/System/Library/PrivateFrameworks/Heimdal.framework/Versions/A/Heimdal
0x00007ff832b6a000 	/System/Library/Frameworks/Kerberos.framework/Versions/A/Libraries/libHeimdalProxy.dylib
0x00007ff8246e9000 	/System/Library/Frameworks/Network.framework/Versions/A/Network
0x00007ff8298e2000 	/usr/lib/libheimdal-asn1.dylib
0x00007ff82c0c8000 	/System/Library/PrivateFrameworks/CommonAuth.framework/Versions/A/CommonAuth
0x00007ff82b906000 	/System/Library/PrivateFrameworks/AudioSession.framework/Versions/A/AudioSession
0x00007ff829972000 	/System/Library/PrivateFrameworks/MediaExperience.framework/Versions/A/MediaExperience
0x00007ff82b79a000 	/System/Library/PrivateFrameworks/AudioSession.framework/libSessionUtility.dylib
0x00007ff82bd29000 	/System/Library/PrivateFrameworks/AudioResourceArbitration.framework/Versions/A/AudioResourceArbitration
0x00007ff82fd1b000 	/System/Library/PrivateFrameworks/PowerLog.framework/Versions/A/PowerLog
0x00007ff8298eb000 	/System/Library/PrivateFrameworks/IconFoundation.framework/Versions/A/IconFoundation
0x00007ff82eb35000 	/System/Library/PrivateFrameworks/SpeechRecognitionCore.framework/Versions/A/SpeechRecognitionCore
0x000000010d97b000 	/Library/Java/JavaVirtualMachines/zulu-8.jdk/Contents/Home/jre/lib/server/libjvm.dylib
0x000000010cb8b000 	/Library/Java/JavaVirtualMachines/zulu-8.jdk/Contents/Home/jre/lib/libverify.dylib
0x000000010cbdf000 	/Library/Java/JavaVirtualMachines/zulu-8.jdk/Contents/Home/jre/lib/libjava.dylib
0x000000010cc22000 	/Library/Java/JavaVirtualMachines/zulu-8.jdk/Contents/Home/jre/lib/libinstrument.dylib
0x000000010cc56000 	/Library/Java/JavaVirtualMachines/zulu-8.jdk/Contents/Home/jre/lib/libzip.dylib
0x0000000112848000 	/Library/Java/JavaVirtualMachines/zulu-8.jdk/Contents/Home/jre/lib/libnio.dylib
0x0000000112880000 	/Library/Java/JavaVirtualMachines/zulu-8.jdk/Contents/Home/jre/lib/libnet.dylib
0x0000000112860000 	/Library/Java/JavaVirtualMachines/zulu-8.jdk/Contents/Home/jre/lib/libprism_es2.dylib
0x00007ff820842000 	/System/Library/PrivateFrameworks/CoreServicesInternal.framework/Versions/A/CoreServicesInternal
0x00007ffa35e06000 	/System/Library/Frameworks/OpenGL.framework/Versions/A/Resources/GLEngine.bundle/GLEngine
0x00007ffa35c68000 	/System/Library/Frameworks/OpenGL.framework/Versions/A/Libraries/libGLProgrammability.dylib
0x00007ffa2ca36000 	/System/Library/Extensions/AppleIntelSKLGraphicsGLDriver.bundle/Contents/MacOS/AppleIntelSKLGraphicsGLDriver
0x00007ff92d60e000 	/System/Library/PrivateFrameworks/GPUSupport.framework/Versions/A/Libraries/libGPUSupportMercury.dylib
0x00007ffa35f95000 	/System/Library/Frameworks/OpenGL.framework/Versions/A/Resources/GLRendererFloat.bundle/GLRendererFloat
0x0000000124d2e000 	/Library/Java/JavaVirtualMachines/zulu-8.jdk/Contents/Home/jre/lib/libglass.dylib
0x00007ff83030c000 	/System/Library/Frameworks/FileProvider.framework/Versions/A/FileProvider
0x00007ff8244c8000 	/System/Library/Frameworks/Accounts.framework/Versions/A/Accounts
0x00007ff830484000 	/System/Library/PrivateFrameworks/GenerationalStorage.framework/Versions/A/GenerationalStorage
0x00007ff830f96000 	/System/Library/PrivateFrameworks/CoreSymbolication.framework/Versions/A/CoreSymbolication
0x00007ff82fd10000 	/System/Library/PrivateFrameworks/SymptomDiagnosticReporter.framework/Versions/A/SymptomDiagnosticReporter
0x00007ff821b06000 	/System/Library/PrivateFrameworks/DesktopServicesPriv.framework/Versions/A/DesktopServicesPriv
0x00007ff820983000 	/usr/lib/libsandbox.1.dylib
0x00007ff8257de000 	/System/Library/PrivateFrameworks/UserManagement.framework/Versions/A/UserManagement
0x00007ff830f5b000 	/System/Library/PrivateFrameworks/DebugSymbols.framework/Versions/A/DebugSymbols
0x00007ff82bd0a000 	/System/Library/PrivateFrameworks/NetAuth.framework/Versions/A/NetAuth
0x00007ff82cbf9000 	/System/Library/PrivateFrameworks/Sharing.framework/Versions/A/Sharing
0x00007ff8257b1000 	/System/Library/PrivateFrameworks/login.framework/Versions/A/Frameworks/loginsupport.framework/Versions/A/loginsupport
0x00007ff83209c000 	/System/Library/PrivateFrameworks/Apple80211.framework/Versions/A/Apple80211
0x00007ff82899a000 	/System/Library/PrivateFrameworks/AuthKit.framework/Versions/A/AuthKit
0x00007ff827ff0000 	/System/Library/PrivateFrameworks/CoreUtils.framework/Versions/A/CoreUtils
0x00007ff827f17000 	/System/Library/Frameworks/CoreWLAN.framework/Versions/A/CoreWLAN
0x00007ff82cd54000 	/System/Library/Frameworks/IOBluetooth.framework/Versions/A/IOBluetooth
0x00007ff832104000 	/System/Library/PrivateFrameworks/CoreWiFi.framework/Versions/A/CoreWiFi
0x00007ff830b30000 	/System/Library/PrivateFrameworks/FrontBoardServices.framework/Versions/A/FrontBoardServices
0x00007ff830bc2000 	/System/Library/PrivateFrameworks/BoardServices.framework/Versions/A/BoardServices
0x00007ff82820a000 	/System/Library/PrivateFrameworks/AssertionServices.framework/Versions/A/AssertionServices
0x00007ff832288000 	/System/Library/PrivateFrameworks/BackBoardServices.framework/Versions/A/BackBoardServices
0x00007ff82c157000 	/System/Library/PrivateFrameworks/CorePhoneNumbers.framework/Versions/A/CorePhoneNumbers
0x00007ff82fe2d000 	/System/Library/PrivateFrameworks/DiskManagement.framework/Versions/A/DiskManagement
0x00007ff82fd41000 	/System/Library/PrivateFrameworks/AppleIDAuthSupport.framework/Versions/A/AppleIDAuthSupport
0x00007ffa3c7a8000 	/System/Library/PrivateFrameworks/AAAFoundation.framework/Versions/A/AAAFoundation
0x00007ff82c138000 	/System/Library/PrivateFrameworks/KeychainCircle.framework/Versions/A/KeychainCircle
0x00007ff82fdf9000 	/System/Library/PrivateFrameworks/MediaKit.framework/Versions/A/MediaKit
0x00007ff82fd4d000 	/System/Library/Frameworks/DiscRecording.framework/Versions/A/DiscRecording
0x00007ff8297f0000 	/usr/lib/libCoreStorage.dylib
0x00007ff832577000 	/usr/lib/libcsfde.dylib
0x00007ff82ce21000 	/System/Library/PrivateFrameworks/ProtectedCloudStorage.framework/Versions/A/ProtectedCloudStorage
0x00007ff832573000 	/System/Library/PrivateFrameworks/EFILogin.framework/Versions/A/EFILogin
0x00007ff8304aa000 	/System/Library/PrivateFrameworks/OctagonTrust.framework/Versions/A/OctagonTrust
0x00007ffb20e9c000 	/System/Library/PrivateFrameworks/CoreUtilsExtras.framework/Versions/A/CoreUtilsExtras
0x00007ff82fc83000 	/System/Library/Frameworks/CoreBluetooth.framework/Versions/A/CoreBluetooth
0x00007ff832bef000 	/System/Library/Frameworks/AudioUnit.framework/Versions/A/AudioUnit
0x00007ff8297e8000 	/usr/lib/libMatch.1.dylib
0x00007ff927b8e000 	/System/Library/Frameworks/Accelerate.framework/Versions/A/Frameworks/vImage.framework/Versions/A/Libraries/libCGInterfaces.dylib
0x0000000125fc5000 	/usr/lib/libobjc-trampolines.dylib
0x00007ffb33b11000 	/usr/lib/libRosetta.dylib
0x00007ff8254d7000 	/System/Library/PrivateFrameworks/ViewBridge.framework/Versions/A/ViewBridge
0x00007ff829f45000 	/System/Library/PrivateFrameworks/login.framework/Versions/A/login
0x0000000128d48000 	/Library/Java/JavaVirtualMachines/zulu-8.jdk/Contents/Home/jre/lib/libjavafx_font.dylib
0x000000012a9b4000 	/Library/Java/JavaVirtualMachines/zulu-8.jdk/Contents/Home/jre/lib/libprism_common.dylib
0x00007ff82f200000 	/System/Library/PrivateFrameworks/SystemAdministration.framework/Versions/A/SystemAdministration
0x00007ff82ab9c000 	/System/Library/Frameworks/MediaToolbox.framework/Versions/A/MediaToolbox
0x00007ff82eb01000 	/System/Library/Frameworks/DirectoryService.framework/Versions/A/DirectoryService
0x00007ff832415000 	/System/Library/PrivateFrameworks/DiskImages.framework/Versions/A/DiskImages
0x00007ff8282b2000 	/System/Library/Frameworks/ServiceManagement.framework/Versions/A/ServiceManagement
0x00007ff8325ef000 	/System/Library/PrivateFrameworks/LoginUIKit.framework/Versions/A/Frameworks/LoginUICore.framework/Versions/A/LoginUICore
0x00007ff82a0f3000 	/usr/lib/libodfde.dylib
0x00007ff8302dc000 	/System/Library/PrivateFrameworks/CoreAVCHD.framework/Versions/A/CoreAVCHD
0x00007ff82f1c4000 	/System/Library/Frameworks/MediaAccessibility.framework/Versions/A/MediaAccessibility
0x00007ff8302d8000 	/System/Library/PrivateFrameworks/Mangrove.framework/Versions/A/Mangrove
0x00007ff82f1cf000 	/System/Library/PrivateFrameworks/AlgosScoreFramework.framework/Versions/A/AlgosScoreFramework
0x00007ffb1e2e1000 	/System/Library/PrivateFrameworks/CMPhoto.framework/Versions/A/CMPhoto
0x00007ff830e31000 	/System/Library/PrivateFrameworks/AppleVPA.framework/Versions/A/AppleVPA
0x00007ff82ff1d000 	/System/Library/PrivateFrameworks/CoreAUC.framework/Versions/A/CoreAUC
0x00007ff832583000 	/usr/lib/libcurl.4.dylib
0x00007ff8322e0000 	/usr/lib/libcrypto.44.dylib
0x00007ff8323e8000 	/usr/lib/libssl.46.dylib
0x00007ff8322a6000 	/System/Library/Frameworks/LDAP.framework/Versions/A/LDAP
0x00007ff8322de000 	/System/Library/PrivateFrameworks/TrustEvaluationAgent.framework/Versions/A/TrustEvaluationAgent
0x00007ff82ba1e000 	/usr/lib/libsasl2.2.dylib
0x00007ff82f1f4000 	/System/Library/PrivateFrameworks/CoreDaemon.framework/Versions/B/CoreDaemon
0x00007ff82f1ef000 	/System/Library/PrivateFrameworks/AppleSRP.framework/Versions/A/AppleSRP

VM Arguments:
jvm_args: -javaagent:/Applications/IntelliJ IDEA.app/Contents/lib/idea_rt.jar=60441:/Applications/IntelliJ IDEA.app/Contents/bin -Dfile.encoding=UTF-8 
java_command: AppInitializer
java_class_path (initial): /Library/Java/JavaVirtualMachines/zulu-8.jdk/Contents/Home/jre/lib/charsets.jar:/Library/Java/JavaVirtualMachines/zulu-8.jdk/Contents/Home/jre/lib/crs-agent.jar:/Library/Java/JavaVirtualMachines/zulu-8.jdk/Contents/Home/jre/lib/ext/cldrdata.jar:/Library/Java/JavaVirtualMachines/zulu-8.jdk/Contents/Home/jre/lib/ext/dnsns.jar:/Library/Java/JavaVirtualMachines/zulu-8.jdk/Contents/Home/jre/lib/ext/jaccess.jar:/Library/Java/JavaVirtualMachines/zulu-8.jdk/Contents/Home/jre/lib/ext/jfxrt.jar:/Library/Java/JavaVirtualMachines/zulu-8.jdk/Contents/Home/jre/lib/ext/legacy8ujsse.jar:/Library/Java/JavaVirtualMachines/zulu-8.jdk/Contents/Home/jre/lib/ext/localedata.jar:/Library/Java/JavaVirtualMachines/zulu-8.jdk/Contents/Home/jre/lib/ext/nashorn.jar:/Library/Java/JavaVirtualMachines/zulu-8.jdk/Contents/Home/jre/lib/ext/openjsse.jar:/Library/Java/JavaVirtualMachines/zulu-8.jdk/Contents/Home/jre/lib/ext/sunec.jar:/Library/Java/JavaVirtualMachines/zulu-8.jdk/Contents/Home/jre/lib/ext/sunjce_provider.jar:/Library/Java/JavaVirtualMachines/zulu-8.jdk/Contents/Home/jre/lib/ext/sunpkcs11.jar:/Library/Java/JavaVirtualMachines/zulu-8.jdk/Contents/Home/jre/lib/ext/zipfs.jar:/Library/Java/JavaVirtualMachines/zulu-8.jdk/Contents/Home/jre/lib/jce.jar:/Library/Java/JavaVirtualMachines/zulu-8.jdk/Contents/Home/jre/lib/jfr.jar:/Library/Java/JavaVirtualMachines/zulu-8.jdk/Contents/Home/jre/lib/jfxswt.jar:/Library/Java/JavaVirtualMachines/zulu-8.jdk/Contents/Home/jre/lib/jsse.jar:/Library/Java/JavaVirtualMachines/zulu-8.jdk/Contents/Home/jre/lib/management-agent.jar:/Library/Java/JavaVirtualMachines/zulu-8.jdk/Contents/Home/jre/lib/resources.jar:/Library/Java/JavaVirtualMachines/zulu-8.jdk/Contents/Home/jre/lib/rt.jar:/Library/Java/JavaVirtualMachines/zulu-8.jdk/Contents/Home/lib/ant-javafx.jar:/Library/Java/JavaVirtualMachines/zulu-8.jdk/Contents/Home/lib/dt.jar:/Library/Java/JavaVirtualMachines/zulu-8.jdk/Contents/Home/lib/javafx-mx.jar:/Library/Java/JavaVirtualMachi
Launcher Type: SUN_STANDARD

Environment Variables:
PATH=/Users/kasunrachintha/opt/anaconda3/bin:/Library/Frameworks/Python.framework/Versions/3.9/bin:/usr/local/bin:/usr/bin:/bin:/usr/sbin:/sbin:/Applications/VMware Fusion.app/Contents/Public
SHELL=/bin/zsh

Signal Handlers:
SIGSEGV: [libjvm.dylib+0x5b2935], sa_mask[0]=11111111011111110111111111111111, sa_flags=SA_ONSTACK|SA_RESTART|SA_SIGINFO
SIGBUS: [libjvm.dylib+0x5b2935], sa_mask[0]=11111111011111110111111111111111, sa_flags=SA_RESTART|SA_SIGINFO
SIGFPE: [libjvm.dylib+0x4a1701], sa_mask[0]=11111111011111110111111111111111, sa_flags=SA_RESTART|SA_SIGINFO
SIGPIPE: [libjvm.dylib+0x4a1701], sa_mask[0]=11111111011111110111111111111111, sa_flags=SA_RESTART|SA_SIGINFO
SIGXFSZ: [libjvm.dylib+0x4a1701], sa_mask[0]=11111111011111110111111111111111, sa_flags=SA_RESTART|SA_SIGINFO
SIGILL: [libjvm.dylib+0x4a1701], sa_mask[0]=11111111011111110111111111111111, sa_flags=SA_RESTART|SA_SIGINFO
SIGUSR1: SIG_DFL, sa_mask[0]=00000000000000000000000000000000, sa_flags=none
SIGUSR2: [libjvm.dylib+0x4a1ff0], sa_mask[0]=00100000000000000000000000000000, sa_flags=SA_RESTART|SA_SIGINFO
SIGHUP: [libjvm.dylib+0x4a013f], sa_mask[0]=11111111011111110111111111111111, sa_flags=SA_RESTART|SA_SIGINFO
SIGINT: [libjvm.dylib+0x4a013f], sa_mask[0]=11111111011111110111111111111111, sa_flags=SA_RESTART|SA_SIGINFO
SIGTERM: [libjvm.dylib+0x4a013f], sa_mask[0]=11111111011111110111111111111111, sa_flags=SA_RESTART|SA_SIGINFO
SIGQUIT: [libjvm.dylib+0x4a013f], sa_mask[0]=11111111011111110111111111111111, sa_flags=SA_RESTART|SA_SIGINFO


---------------  S Y S T E M  ---------------

OS:Bsduname:Darwin 21.3.0 Darwin Kernel Version 21.3.0: Wed Jan  5 21:37:58 PST 2022; root:xnu-8019.80.24~20/RELEASE_X86_64 x86_64
rlimit: STACK 8192k, CORE 0k, NPROC 1392, NOFILE 10240, AS infinity
load average:3.85 2.67 2.29

CPU:total 4 (initial active 4) (2 cores per cpu, 2 threads per core) family 6 model 78 stepping 3, cmov, cx8, fxsr, mmx, sse, sse2, sse3, ssse3, sse4.1, sse4.2, popcnt, avx, avx2, aes, clmul, erms, 3dnowpref, lzcnt, ht, tsc, tscinvbit, bmi1, bmi2, adx

Memory: 4k page, physical 8388608k(85800k free)

/proc/meminfo:


vm_info: OpenJDK 64-Bit Server VM (25.312-b07) for bsd-amd64 JRE (Zulu 8.58.0.13-CA-macosx) (1.8.0_312-b07), built on Oct 11 2021 08:36:41 by "zulu_re" with gcc 4.2.1 Compatible Apple LLVM 11.0.0 (clang-1100.0.33.17)

time: Fri May 20 19:29:45 2022
timezone: +0530
elapsed time: 22.060503 seconds (0d 0h 0m 22s)

