#
# A fatal error has been detected by the Java Runtime Environment:
#
#  INVALID (0xe0000000) at pc=0x0000000000000000, pid=5905, tid=0x0000000000009b0f
#  fatal error: Illegal threadstate encountered: 4
#
# JRE version: OpenJDK Runtime Environment (Zulu 8.58.0.13-CA-macosx) (8.0_312-b07) (build 1.8.0_312-b07)
# Java VM: OpenJDK 64-Bit Server VM (25.312-b07 mixed mode bsd-amd64 compressed oops)
# Failed to write core dump. Core dumps have been disabled. To enable core dumping, try "ulimit -c unlimited" before starting Java again
#
# If you would like to submit a bug report, please visit:
#   http://www.azul.com/support/
# The crash happened outside the Java Virtual Machine in native code.
# See problematic frame for where to report the bug.
#

---------------  T H R E A D  ---------------

Current thread (0x00007ff0cea3f000):  JavaThread "Thread-1" daemon [_thread_in_native, id=39695, stack(0x000070000c323000,0x000070000c423000)]

Stack: [0x000070000c323000,0x000070000c423000],  sp=0x000070000c422010,  free space=1020k
Native frames: (J=compiled Java code, j=interpreted, Vv=VM code, C=native code)
V  [libjvm.dylib+0x5b1e72]
V  [libjvm.dylib+0x1d77b3]
V  [libjvm.dylib+0x4fb301]
V  [libjvm.dylib+0x576b31]
V  [libjvm.dylib+0x30e798]
C  [libglass.dylib+0x9e88]  -[GlassRunnable dealloc]+0x28
C  [Foundation+0x80eab]  -[_NSThreadPerformInfo dealloc]+0x2a
C  [Foundation+0x4dcd7]  -[NSObject(NSThreadPerformAdditions) performSelectorOnMainThread:withObject:waitUntilDone:]+0x7c
J 4009  com.sun.glass.ui.mac.MacApplication._submitForLaterInvocation(Ljava/lang/Runnable;)V (0 bytes) @ 0x00000001072a49fc [0x00000001072a4940+0xbc]
J 2463 C1 com.sun.glass.ui.mac.MacApplication.submitForLaterInvocation(Ljava/lang/Runnable;)V (6 bytes) @ 0x0000000106fa283c [0x0000000106fa27c0+0x7c]
j  com.sun.glass.ui.InvokeLaterDispatcher.run()V+82
v  ~StubRoutines::call_stub
V  [libjvm.dylib+0x2d7e24]
V  [libjvm.dylib+0x2d6c7e]
V  [libjvm.dylib+0x2d6e5f]
V  [libjvm.dylib+0x35324b]
V  [libjvm.dylib+0x57538a]
V  [libjvm.dylib+0x57523d]
V  [libjvm.dylib+0x49f1f7]
C  [libsystem_pthread.dylib+0x64f4]  _pthread_start+0x7d
C  [libsystem_pthread.dylib+0x200f]  thread_start+0xf
C  0x0000000000000000

Java frames: (J=compiled Java code, j=interpreted, Vv=VM code)
J 4009  com.sun.glass.ui.mac.MacApplication._submitForLaterInvocation(Ljava/lang/Runnable;)V (0 bytes) @ 0x00000001072a498c [0x00000001072a4940+0x4c]
J 2463 C1 com.sun.glass.ui.mac.MacApplication.submitForLaterInvocation(Ljava/lang/Runnable;)V (6 bytes) @ 0x0000000106fa283c [0x0000000106fa27c0+0x7c]
j  com.sun.glass.ui.InvokeLaterDispatcher.run()V+82
v  ~StubRoutines::call_stub

---------------  P R O C E S S  ---------------

Java Threads: ( => current thread )
  0x00007ff0d05f6800 JavaThread "AWT-EventQueue-0" [_thread_blocked, id=76563, stack(0x000070000cfd0000,0x000070000d0d0000)]
  0x00007ff0cea28000 JavaThread "AWT-Shutdown" [_thread_blocked, id=65543, stack(0x000070000cecd000,0x000070000cfcd000)]
  0x00007ff0cea27000 JavaThread "PulseTimer-CVDisplayLink thread" daemon [_thread_blocked, id=62999, stack(0x000070000c426000,0x000070000c4a6000)]
  0x00007ff0d0d36000 JavaThread "TimerQueue" daemon [_thread_blocked, id=71643, stack(0x000070000d0d3000,0x000070000d1d3000)]
  0x00007ff0d0d03800 JavaThread "Image Fetcher 0" daemon [_thread_blocked, id=69131, stack(0x000070000cdca000,0x000070000ceca000)]
  0x00007ff0d03e2800 JavaThread "Java2D Disposer" daemon [_thread_blocked, id=71699, stack(0x000070000ccc7000,0x000070000cdc7000)]
  0x00007ff0ceacf000 JavaThread "Java2D Queue Flusher" daemon [_thread_blocked, id=63251, stack(0x000070000cbc4000,0x000070000ccc4000)]
  0x00007ff0d0293000 JavaThread "mysql-cj-abandoned-connection-cleanup" daemon [_thread_blocked, id=76819, stack(0x000070000cac1000,0x000070000cbc1000)]
  0x00007ff0cf1d7000 JavaThread "Prism Font Disposer" daemon [_thread_blocked, id=77319, stack(0x000070000c9be000,0x000070000cabe000)]
  0x00007ff0cea74800 JavaThread "Attach Listener" daemon [_thread_blocked, id=53763, stack(0x000070000c8bb000,0x000070000c9bb000)]
  0x00007ff0d0927000 JavaThread "JavaFX-Launcher" [_thread_blocked, id=78855, stack(0x000070000c7b8000,0x000070000c8b8000)]
  0x00007ff0cea3f800 JavaThread "JavaFX Application Thread" [_thread_in_native_trans, id=259, stack(0x00007ff7bf645000,0x00007ff7bfe45000)]
=>0x00007ff0cea3f000 JavaThread "Thread-1" daemon [_thread_in_native, id=39695, stack(0x000070000c323000,0x000070000c423000)]
  0x00007ff0d08fb000 JavaThread "QuantumRenderer-0" daemon [_thread_blocked, id=15619, stack(0x000070000c220000,0x000070000c320000)]
  0x00007ff0ce8b4800 JavaThread "Service Thread" daemon [_thread_blocked, id=15107, stack(0x000070000c01a000,0x000070000c11a000)]
  0x00007ff0ce8b3000 JavaThread "C1 CompilerThread2" daemon [_thread_blocked, id=18179, stack(0x000070000bf17000,0x000070000c017000)]
  0x00007ff0d0044000 JavaThread "C2 CompilerThread1" daemon [_thread_blocked, id=14595, stack(0x000070000be14000,0x000070000bf14000)]
  0x00007ff0d0043000 JavaThread "C2 CompilerThread0" daemon [_thread_blocked, id=14339, stack(0x000070000bd11000,0x000070000be11000)]
  0x00007ff0d084e000 JavaThread "Monitor Ctrl-Break" daemon [_thread_in_native, id=13827, stack(0x000070000bc0e000,0x000070000bd0e000)]
  0x00007ff0cf02a000 JavaThread "Signal Dispatcher" daemon [_thread_blocked, id=13315, stack(0x000070000bb0b000,0x000070000bc0b000)]
  0x00007ff0d0831000 JavaThread "Finalizer" daemon [_thread_blocked, id=20227, stack(0x000070000b902000,0x000070000ba02000)]
  0x00007ff0ce81f000 JavaThread "Reference Handler" daemon [_thread_blocked, id=20739, stack(0x000070000b7ff000,0x000070000b8ff000)]
  0x00007ff0cf009000 JavaThread "main" [_thread_blocked, id=5635, stack(0x000070000b1ed000,0x000070000b2ed000)]

Other Threads:
  0x00007ff0cf01e800 VMThread [stack: 0x000070000b6fc000,0x000070000b7fc000] [id=11523]
  0x00007ff0ce8b5000 WatcherThread [stack: 0x000070000c11d000,0x000070000c21d000] [id=17667]

VM state:synchronizing (normal execution)

VM Mutex/Monitor currently owned by a thread:  ([mutex/lock_event])
[0x000060000228b480] Safepoint_lock - owner thread: 0x00007ff0cf01e800
[0x000060000228b500] Threads_lock - owner thread: 0x00007ff0cf01e800

heap address: 0x0000000740000000, size: 2048 MB, Compressed Oops mode: Zero based, Oop shift amount: 3
Narrow klass base: 0x0000000000000000, Narrow klass shift: 3
Compressed class space size: 1073741824 Address: 0x00000007c0000000

Heap:
 PSYoungGen      total 71680K, used 22064K [0x0000000795580000, 0x000000079de00000, 0x00000007c0000000)
  eden space 66560K, 33% used [0x0000000795580000,0x0000000796b0c188,0x0000000799680000)
  from space 5120K, 0% used [0x0000000799680000,0x0000000799680000,0x0000000799b80000)
  to   space 12288K, 0% used [0x000000079d200000,0x000000079d200000,0x000000079de00000)
 ParOldGen       total 84992K, used 15321K [0x0000000740000000, 0x0000000745300000, 0x0000000795580000)
  object space 84992K, 18% used [0x0000000740000000,0x0000000740ef6498,0x0000000745300000)
 Metaspace       used 39602K, capacity 40680K, committed 40960K, reserved 1085440K
  class space    used 5344K, capacity 5591K, committed 5632K, reserved 1048576K

Card table byte_map: [0x000000010069e000,0x0000000100a9f000] byte_map_base: 0x00000000fcc9e000

Marking Bits: (ParMarkBitMap*) 0x000000010171f948
 Begin Bits: [0x0000000101e2f000, 0x0000000103e2f000)
 End Bits:   [0x0000000103e2f000, 0x0000000105e2f000)

Polling page: 0x00000001001f3000

CodeCache: size=245760Kb used=12037Kb max_used=12061Kb free=233722Kb
 bounds [0x0000000106883000, 0x0000000107463000, 0x0000000115883000]
 total_blobs=5142 nmethods=4174 adapters=880
 compilation: enabled

Compilation events (10 events):
Event: 17.995 Thread 0x00007ff0ce8b3000 4588       3       java.awt.Container::getComponents_NoClientCode (16 bytes)
Event: 17.995 Thread 0x00007ff0ce8b3000 nmethod 4588 0x00000001074521d0 code [0x0000000107452340, 0x0000000107452648]
Event: 17.996 Thread 0x00007ff0ce8b3000 4589       3       java.util.LinkedList::checkPositionIndex (22 bytes)
Event: 17.998 Thread 0x00007ff0ce8b3000 nmethod 4589 0x0000000107452710 code [0x0000000107452940, 0x0000000107453518]
Event: 17.999 Thread 0x00007ff0ce8b3000 4590       3       java.awt.KeyboardFocusManager::checkKFMSecurity (11 bytes)
Event: 18.000 Thread 0x00007ff0ce8b3000 nmethod 4590 0x0000000107453b10 code [0x0000000107453ce0, 0x0000000107454258]
Event: 18.000 Thread 0x00007ff0ce8b3000 4591       3       com.sun.prism.BasicStroke::isDashed (13 bytes)
Event: 18.001 Thread 0x00007ff0ce8b3000 nmethod 4591 0x0000000106b14d50 code [0x0000000106b14ec0, 0x0000000106b15070]
Event: 18.001 Thread 0x00007ff0ce8b3000 4592       3       com.sun.prism.impl.ps.BaseShaderGraphics::checkInnerCurvature (60 bytes)
Event: 18.002 Thread 0x00007ff0ce8b3000 nmethod 4592 0x0000000106bb6410 code [0x0000000106bb65c0, 0x0000000106bb6bd0]

GC Heap History (10 events):
Event: 10.700 GC heap before
{Heap before GC invocations=3 (full 0):
 PSYoungGen      total 38400K, used 11474K [0x0000000795580000, 0x0000000798000000, 0x00000007c0000000)
  eden space 33280K, 19% used [0x0000000795580000,0x0000000795bb89a8,0x0000000797600000)
  from space 5120K, 99% used [0x0000000797b00000,0x0000000797ffc040,0x0000000798000000)
  to   space 5120K, 0% used [0x0000000797600000,0x0000000797600000,0x0000000797b00000)
 ParOldGen       total 87552K, used 57428K [0x0000000740000000, 0x0000000745580000, 0x0000000795580000)
  object space 87552K, 65% used [0x0000000740000000,0x0000000743815060,0x0000000745580000)
 Metaspace       used 20326K, capacity 21068K, committed 21248K, reserved 1067008K
  class space    used 2773K, capacity 2955K, committed 3072K, reserved 1048576K
Event: 10.707 GC heap after
Heap after GC invocations=3 (full 0):
 PSYoungGen      total 38400K, used 5088K [0x0000000795580000, 0x000000079a080000, 0x00000007c0000000)
  eden space 33280K, 0% used [0x0000000795580000,0x0000000795580000,0x0000000797600000)
  from space 5120K, 99% used [0x0000000797600000,0x0000000797af8050,0x0000000797b00000)
  to   space 5120K, 0% used [0x0000000799b80000,0x0000000799b80000,0x000000079a080000)
 ParOldGen       total 87552K, used 59110K [0x0000000740000000, 0x0000000745580000, 0x0000000795580000)
  object space 87552K, 67% used [0x0000000740000000,0x00000007439b9998,0x0000000745580000)
 Metaspace       used 20326K, capacity 21068K, committed 21248K, reserved 1067008K
  class space    used 2773K, capacity 2955K, committed 3072K, reserved 1048576K
}
Event: 10.707 GC heap before
{Heap before GC invocations=4 (full 1):
 PSYoungGen      total 38400K, used 5088K [0x0000000795580000, 0x000000079a080000, 0x00000007c0000000)
  eden space 33280K, 0% used [0x0000000795580000,0x0000000795580000,0x0000000797600000)
  from space 5120K, 99% used [0x0000000797600000,0x0000000797af8050,0x0000000797b00000)
  to   space 5120K, 0% used [0x0000000799b80000,0x0000000799b80000,0x000000079a080000)
 ParOldGen       total 87552K, used 59110K [0x0000000740000000, 0x0000000745580000, 0x0000000795580000)
  object space 87552K, 67% used [0x0000000740000000,0x00000007439b9998,0x0000000745580000)
 Metaspace       used 20326K, capacity 21068K, committed 21248K, reserved 1067008K
  class space    used 2773K, capacity 2955K, committed 3072K, reserved 1048576K
Event: 10.740 GC heap after
Heap after GC invocations=4 (full 1):
 PSYoungGen      total 38400K, used 0K [0x0000000795580000, 0x000000079a080000, 0x00000007c0000000)
  eden space 33280K, 0% used [0x0000000795580000,0x0000000795580000,0x0000000797600000)
  from space 5120K, 0% used [0x0000000797600000,0x0000000797600000,0x0000000797b00000)
  to   space 5120K, 0% used [0x0000000799b80000,0x0000000799b80000,0x000000079a080000)
 ParOldGen       total 59904K, used 8993K [0x0000000740000000, 0x0000000743a80000, 0x0000000795580000)
  object space 59904K, 15% used [0x0000000740000000,0x00000007408c84c0,0x0000000743a80000)
 Metaspace       used 20326K, capacity 21068K, committed 21248K, reserved 1067008K
  class space    used 2773K, capacity 2955K, committed 3072K, reserved 1048576K
}
Event: 11.954 GC heap before
{Heap before GC invocations=5 (full 1):
 PSYoungGen      total 38400K, used 33280K [0x0000000795580000, 0x000000079a080000, 0x00000007c0000000)
  eden space 33280K, 100% used [0x0000000795580000,0x0000000797600000,0x0000000797600000)
  from space 5120K, 0% used [0x0000000797600000,0x0000000797600000,0x0000000797b00000)
  to   space 5120K, 0% used [0x0000000799b80000,0x0000000799b80000,0x000000079a080000)
 ParOldGen       total 59904K, used 8993K [0x0000000740000000, 0x0000000743a80000, 0x0000000795580000)
  object space 59904K, 15% used [0x0000000740000000,0x00000007408c84c0,0x0000000743a80000)
 Metaspace       used 28479K, capacity 29372K, committed 29696K, reserved 1075200K
  class space    used 3786K, capacity 4009K, committed 4096K, reserved 1048576K
Event: 11.961 GC heap after
Heap after GC invocations=5 (full 1):
 PSYoungGen      total 67072K, used 4869K [0x0000000795580000, 0x000000079a080000, 0x00000007c0000000)
  eden space 61952K, 0% used [0x0000000795580000,0x0000000795580000,0x0000000799200000)
  from space 5120K, 95% used [0x0000000799b80000,0x000000079a0417c8,0x000000079a080000)
  to   space 5120K, 0% used [0x0000000799680000,0x0000000799680000,0x0000000799b80000)
 ParOldGen       total 59904K, used 9009K [0x0000000740000000, 0x0000000743a80000, 0x0000000795580000)
  object space 59904K, 15% used [0x0000000740000000,0x00000007408cc4c0,0x0000000743a80000)
 Metaspace       used 28479K, capacity 29372K, committed 29696K, reserved 1075200K
  class space    used 3786K, capacity 4009K, committed 4096K, reserved 1048576K
}
Event: 12.410 GC heap before
{Heap before GC invocations=6 (full 1):
 PSYoungGen      total 67072K, used 34036K [0x0000000795580000, 0x000000079a080000, 0x00000007c0000000)
  eden space 61952K, 47% used [0x0000000795580000,0x00000007971fb958,0x0000000799200000)
  from space 5120K, 95% used [0x0000000799b80000,0x000000079a0417c8,0x000000079a080000)
  to   space 5120K, 0% used [0x0000000799680000,0x0000000799680000,0x0000000799b80000)
 ParOldGen       total 59904K, used 9009K [0x0000000740000000, 0x0000000743a80000, 0x0000000795580000)
  object space 59904K, 15% used [0x0000000740000000,0x00000007408cc4c0,0x0000000743a80000)
 Metaspace       used 34428K, capacity 35224K, committed 35416K, reserved 1079296K
  class space    used 4590K, capacity 4783K, committed 4864K, reserved 1048576K
Event: 12.420 GC heap after
Heap after GC invocations=6 (full 1):
 PSYoungGen      total 71680K, used 5117K [0x0000000795580000, 0x000000079de00000, 0x00000007c0000000)
  eden space 66560K, 0% used [0x0000000795580000,0x0000000795580000,0x0000000799680000)
  from space 5120K, 99% used [0x0000000799680000,0x0000000799b7f428,0x0000000799b80000)
  to   space 12288K, 0% used [0x000000079d200000,0x000000079d200000,0x000000079de00000)
 ParOldGen       total 59904K, used 10898K [0x0000000740000000, 0x0000000743a80000, 0x0000000795580000)
  object space 59904K, 18% used [0x0000000740000000,0x0000000740aa4bc0,0x0000000743a80000)
 Metaspace       used 34428K, capacity 35224K, committed 35416K, reserved 1079296K
  class space    used 4590K, capacity 4783K, committed 4864K, reserved 1048576K
}
Event: 12.420 GC heap before
{Heap before GC invocations=7 (full 2):
 PSYoungGen      total 71680K, used 5117K [0x0000000795580000, 0x000000079de00000, 0x00000007c0000000)
  eden space 66560K, 0% used [0x0000000795580000,0x0000000795580000,0x0000000799680000)
  from space 5120K, 99% used [0x0000000799680000,0x0000000799b7f428,0x0000000799b80000)
  to   space 12288K, 0% used [0x000000079d200000,0x000000079d200000,0x000000079de00000)
 ParOldGen       total 59904K, used 10898K [0x0000000740000000, 0x0000000743a80000, 0x0000000795580000)
  object space 59904K, 18% used [0x0000000740000000,0x0000000740aa4bc0,0x0000000743a80000)
 Metaspace       used 34428K, capacity 35224K, committed 35416K, reserved 1079296K
  class space    used 4590K, capacity 4783K, committed 4864K, reserved 1048576K
Event: 12.486 GC heap after
Heap after GC invocations=7 (full 2):
 PSYoungGen      total 71680K, used 0K [0x0000000795580000, 0x000000079de00000, 0x00000007c0000000)
  eden space 66560K, 0% used [0x0000000795580000,0x0000000795580000,0x0000000799680000)
  from space 5120K, 0% used [0x0000000799680000,0x0000000799680000,0x0000000799b80000)
  to   space 12288K, 0% used [0x000000079d200000,0x000000079d200000,0x000000079de00000)
 ParOldGen       total 84992K, used 15321K [0x0000000740000000, 0x0000000745300000, 0x0000000795580000)
  object space 84992K, 18% used [0x0000000740000000,0x0000000740ef6498,0x0000000745300000)
 Metaspace       used 34428K, capacity 35224K, committed 35416K, reserved 1079296K
  class space    used 4590K, capacity 4783K, committed 4864K, reserved 1048576K
}

Deoptimization events (10 events):
Event: 12.669 Thread 0x00007ff0cea3f800 Uncommon trap: reason=unstable_if action=reinterpret pc=0x0000000107049450 method=java.lang.CharacterDataLatin1.digit(II)I @ 60
Event: 12.710 Thread 0x00007ff0d08fb000 Uncommon trap: reason=unstable_if action=reinterpret pc=0x0000000106e87640 method=com.sun.javafx.geom.transform.AffineBase.updateState2D()V @ 6
Event: 12.711 Thread 0x00007ff0d08fb000 Uncommon trap: reason=unstable_if action=reinterpret pc=0x0000000106e85940 method=com.sun.javafx.geom.transform.AffineBase.updateState2D()V @ 6
Event: 12.711 Thread 0x00007ff0d08fb000 Uncommon trap: reason=unstable_if action=reinterpret pc=0x0000000106f09fa8 method=com.sun.javafx.geom.transform.AffineBase.updateState2D()V @ 6
Event: 12.914 Thread 0x00007ff0cee96000 Uncommon trap: reason=class_check action=maybe_recompile pc=0x00000001070e2b0c method=java.util.HashMap.putVal(ILjava/lang/Object;Ljava/lang/Object;ZZ)Ljava/lang/Object; @ 253
Event: 12.924 Thread 0x00007ff0cee96000 Uncommon trap: reason=class_check action=maybe_recompile pc=0x00000001070e2b0c method=java.util.HashMap.putVal(ILjava/lang/Object;Ljava/lang/Object;ZZ)Ljava/lang/Object; @ 253
Event: 12.924 Thread 0x00007ff0cee96000 Uncommon trap: reason=class_check action=maybe_recompile pc=0x00000001070e2b0c method=java.util.HashMap.putVal(ILjava/lang/Object;Ljava/lang/Object;ZZ)Ljava/lang/Object; @ 253
Event: 12.925 Thread 0x00007ff0cee96000 Uncommon trap: reason=class_check action=maybe_recompile pc=0x00000001070e2b0c method=java.util.HashMap.putVal(ILjava/lang/Object;Ljava/lang/Object;ZZ)Ljava/lang/Object; @ 253
Event: 17.199 Thread 0x00007ff0cee96000 Uncommon trap: reason=predicate action=maybe_recompile pc=0x00000001072a643c method=java.util.ArrayList.remove(Ljava/lang/Object;)Z @ 49
Event: 17.791 Thread 0x00007ff0cea3f800 Uncommon trap: reason=unstable_if action=reinterpret pc=0x000000010703e3e8 method=java.lang.CharacterDataLatin1.digit(II)I @ 60

Classes redefined (0 events):
No events

Internal exceptions (10 events):
Event: 1.452 Thread 0x00007ff0cea3f800 Exception <a 'java/io/FileNotFoundException'> (0x00000007970e40a0) thrown at [/Users/tester/jenkins/workspace/zulu8-build-macosx/zulu-src/hotspot/src/share/vm/prims/jni.cpp, line 711]
Event: 2.077 Thread 0x00007ff0cea3f800 Implicit null exception at 0x0000000106b746bb to 0x0000000106b74e85
Event: 8.445 Thread 0x00007ff0cea3f800 Exception <a 'java/io/FileNotFoundException'> (0x000000079713ae30) thrown at [/Users/tester/jenkins/workspace/zulu8-build-macosx/zulu-src/hotspot/src/share/vm/prims/jni.cpp, line 711]
Event: 8.453 Thread 0x00007ff0cea3f800 Exception <a 'java/io/FileNotFoundException'> (0x0000000797179ef0) thrown at [/Users/tester/jenkins/workspace/zulu8-build-macosx/zulu-src/hotspot/src/share/vm/prims/jni.cpp, line 711]
Event: 10.566 Thread 0x00007ff0cea3f800 Implicit null exception at 0x0000000106afceb5 to 0x0000000106afd269
Event: 11.194 Thread 0x00007ff0cea3f800 Exception <a 'java/lang/NoClassDefFoundError': org/apache/log4j/Category> (0x00000007969e9838) thrown at [/Users/tester/jenkins/workspace/zulu8-build-macosx/zulu-src/hotspot/src/share/vm/classfile/systemDictionary.cpp, line 209]
Event: 11.349 Thread 0x00007ff0cea3f800 Exception <a 'java/io/FileNotFoundException'> (0x0000000797362ef0) thrown at [/Users/tester/jenkins/workspace/zulu8-build-macosx/zulu-src/hotspot/src/share/vm/prims/jni.cpp, line 711]
Event: 11.352 Thread 0x00007ff0cea3f800 Exception <a 'java/io/FileNotFoundException'> (0x000000079737a400) thrown at [/Users/tester/jenkins/workspace/zulu8-build-macosx/zulu-src/hotspot/src/share/vm/prims/jni.cpp, line 711]
Event: 11.352 Thread 0x00007ff0cea3f800 Exception <a 'java/io/FileNotFoundException'> (0x000000079737b300) thrown at [/Users/tester/jenkins/workspace/zulu8-build-macosx/zulu-src/hotspot/src/share/vm/prims/jni.cpp, line 711]
Event: 11.375 Thread 0x00007ff0cea3f800 Exception <a 'java/lang/ClassNotFoundException': sun/dc/DuctusRenderingEngine> (0x00000007973d5810) thrown at [/Users/tester/jenkins/workspace/zulu8-build-macosx/zulu-src/hotspot/src/share/vm/classfile/systemDictionary.cpp, line 220]

Events (10 events):
Event: 18.001 Thread 0x00007ff0ce8b3000 flushing nmethod 0x0000000106c47dd0
Event: 18.001 Thread 0x00007ff0ce8b3000 flushing nmethod 0x0000000106c48d10
Event: 18.001 Thread 0x00007ff0ce8b3000 flushing nmethod 0x0000000106c52ed0
Event: 18.001 Executing VM operation: RevokeBias
Event: 18.001 Executing VM operation: RevokeBias done
Event: 18.002 Thread 0x00007ff0ce8b3000 flushing nmethod 0x0000000106cb7150
Event: 18.002 Thread 0x00007ff0ce8b3000 flushing nmethod 0x0000000106cdf510
Event: 18.002 Thread 0x00007ff0ce8b3000 flushing nmethod 0x0000000106cece10
Event: 18.002 Thread 0x00007ff0ce8b3000 flushing nmethod 0x0000000106cf11d0
Event: 18.002 Thread 0x00007ff0ce8b3000 flushing nmethod 0x0000000106d0a610


Dynamic libraries:
0x00007ff82a54f000 	/System/Library/Frameworks/Cocoa.framework/Versions/A/Cocoa
0x00007ff8163c0000 	/System/Library/Frameworks/AppKit.framework/Versions/C/AppKit
0x00007ff8198bc000 	/System/Library/Frameworks/CoreData.framework/Versions/A/CoreData
0x00007ff8147d7000 	/System/Library/Frameworks/Foundation.framework/Versions/C/Foundation
0x00007ff81e684000 	/usr/lib/libSystem.B.dylib
0x00007ff817252000 	/System/Library/PrivateFrameworks/UIFoundation.framework/Versions/A/UIFoundation
0x00007ff8244fb000 	/System/Library/PrivateFrameworks/RemoteViewServices.framework/Versions/A/RemoteViewServices
0x00007ff81c8e6000 	/System/Library/PrivateFrameworks/XCTTargetBootstrap.framework/Versions/A/XCTTargetBootstrap
0x00007ff820494000 	/System/Library/PrivateFrameworks/InternationalSupport.framework/Versions/A/InternationalSupport
0x00007ff82051e000 	/System/Library/PrivateFrameworks/UserActivity.framework/Versions/A/UserActivity
0x00007ff81f874000 	/usr/lib/libspindump.dylib
0x00007ff8174e0000 	/System/Library/Frameworks/UniformTypeIdentifiers.framework/Versions/A/UniformTypeIdentifiers
0x00007ff81b01f000 	/usr/lib/libapp_launch_measurement.dylib
0x00007ff81a288000 	/System/Library/PrivateFrameworks/CoreAnalytics.framework/Versions/A/CoreAnalytics
0x00007ff81b022000 	/System/Library/PrivateFrameworks/CoreAutoLayout.framework/Versions/A/CoreAutoLayout
0x00007ff81c242000 	/System/Library/Frameworks/Metal.framework/Versions/A/Metal
0x00007ff81cf5c000 	/usr/lib/liblangid.dylib
0x00007ff81c8ea000 	/System/Library/PrivateFrameworks/CoreSVG.framework/Versions/A/CoreSVG
0x00007ff8188a7000 	/System/Library/PrivateFrameworks/SkyLight.framework/Versions/A/SkyLight
0x00007ff818c3d000 	/System/Library/Frameworks/CoreGraphics.framework/Versions/A/CoreGraphics
0x00007ff824b6a000 	/System/Library/Frameworks/Accelerate.framework/Versions/A/Accelerate
0x00007ff81f2ef000 	/System/Library/PrivateFrameworks/IconServices.framework/Versions/A/IconServices
0x00007ff81c227000 	/System/Library/Frameworks/IOSurface.framework/Versions/A/IOSurface
0x00007ff81a2b6000 	/usr/lib/libDiagnosticMessagesClient.dylib
0x00007ff81e5a4000 	/usr/lib/libz.1.dylib
0x00007ff8281db000 	/System/Library/Frameworks/ApplicationServices.framework/Versions/A/ApplicationServices
0x00007ff81c8d2000 	/System/Library/PrivateFrameworks/DFRFoundation.framework/Versions/A/DFRFoundation
0x00007ff815cb1000 	/usr/lib/libicucore.A.dylib
0x00007ff8211b9000 	/System/Library/Frameworks/AudioToolbox.framework/Versions/A/AudioToolbox
0x00007ff8204a0000 	/System/Library/PrivateFrameworks/DataDetectorsCore.framework/Versions/A/DataDetectorsCore
0x00007ff91bdf8000 	/System/Library/PrivateFrameworks/TextInput.framework/Versions/A/TextInput
0x00007ff81882b000 	/usr/lib/libMobileGestalt.dylib
0x00007ff81c5da000 	/System/Library/Frameworks/Carbon.framework/Versions/A/Frameworks/HIToolbox.framework/Versions/A/HIToolbox
0x00007ff81aa4c000 	/System/Library/Frameworks/QuartzCore.framework/Versions/A/QuartzCore
0x00007ff815951000 	/System/Library/Frameworks/Security.framework/Versions/A/Security
0x00007ff824533000 	/System/Library/Frameworks/Carbon.framework/Versions/A/Frameworks/SpeechRecognition.framework/Versions/A/SpeechRecognition
0x00007ff81ad7f000 	/System/Library/PrivateFrameworks/CoreUI.framework/Versions/A/CoreUI
0x00007ff815229000 	/System/Library/Frameworks/CoreAudio.framework/Versions/A/CoreAudio
0x00007ff81a3a4000 	/System/Library/Frameworks/DiskArbitration.framework/Versions/A/DiskArbitration
0x00007ff81fc5b000 	/System/Library/PrivateFrameworks/MultitouchSupport.framework/Versions/A/MultitouchSupport
0x00007ff81882a000 	/usr/lib/libenergytrace.dylib
0x00007ff8162ac000 	/System/Library/Frameworks/IOKit.framework/Versions/A/IOKit
0x00007ff82491f000 	/System/Library/Frameworks/CoreServices.framework/Versions/A/CoreServices
0x00007ff81afb9000 	/System/Library/PrivateFrameworks/PerformanceAnalysis.framework/Versions/A/PerformanceAnalysis
0x00007ffa2b5c8000 	/System/Library/Frameworks/OpenGL.framework/Versions/A/OpenGL
0x00007ff81dbd1000 	/System/Library/PrivateFrameworks/MobileKeyBag.framework/Versions/A/MobileKeyBag
0x00007ff813798000 	/usr/lib/libobjc.A.dylib
0x00007ff819309000 	/System/Library/Frameworks/ColorSync.framework/Versions/A/ColorSync
0x00007ff813951000 	/System/Library/Frameworks/CoreFoundation.framework/Versions/A/CoreFoundation
0x00007ff81cb63000 	/System/Library/Frameworks/CoreImage.framework/Versions/A/CoreImage
0x00007ff81503f000 	/System/Library/Frameworks/CoreText.framework/Versions/A/CoreText
0x00007ff81c919000 	/System/Library/Frameworks/ImageIO.framework/Versions/A/ImageIO
0x00007ff81e68a000 	/System/Library/PrivateFrameworks/SoftLinking.framework/Versions/A/SoftLinking
0x00007ff81b06a000 	/usr/lib/libxml2.2.dylib
0x00007ff81385e000 	/usr/lib/libc++.1.dylib
0x00007ff81e90e000 	/usr/lib/libcompression.dylib
0x00007ff8203ca000 	/System/Library/PrivateFrameworks/TextureIO.framework/Versions/A/TextureIO
0x00007ff81f001000 	/usr/lib/libate.dylib
0x00007ff81e67f000 	/usr/lib/system/libcache.dylib
0x00007ff81e63b000 	/usr/lib/system/libcommonCrypto.dylib
0x00007ff81e664000 	/usr/lib/system/libcompiler_rt.dylib
0x00007ff81e65a000 	/usr/lib/system/libcopyfile.dylib
0x00007ff813692000 	/usr/lib/system/libcorecrypto.dylib
0x00007ff813751000 	/usr/lib/system/libdispatch.dylib
0x00007ff813910000 	/usr/lib/system/libdyld.dylib
0x00007ff81e676000 	/usr/lib/system/libkeymgr.dylib
0x00007ff81e619000 	/usr/lib/system/libmacho.dylib
0x00007ff81dca5000 	/usr/lib/system/libquarantine.dylib
0x00007ff81e674000 	/usr/lib/system/libremovefile.dylib
0x00007ff818877000 	/usr/lib/system/libsystem_asl.dylib
0x00007ff813640000 	/usr/lib/system/libsystem_blocks.dylib
0x00007ff8137d5000 	/usr/lib/system/libsystem_c.dylib
0x00007ff81e66c000 	/usr/lib/system/libsystem_collections.dylib
0x00007ff81cf4d000 	/usr/lib/system/libsystem_configuration.dylib
0x00007ff81c20a000 	/usr/lib/system/libsystem_containermanager.dylib
0x00007ff81e356000 	/usr/lib/system/libsystem_coreservices.dylib
0x00007ff815f3a000 	/usr/lib/system/libsystem_darwin.dylib
0x00007ff81e677000 	/usr/lib/system/libsystem_dnssd.dylib
0x00007ff8137d2000 	/usr/lib/system/libsystem_featureflags.dylib
0x00007ff813926000 	/usr/lib/system/libsystem_info.dylib
0x00007ff81e5b7000 	/usr/lib/system/libsystem_m.dylib
0x00007ff813725000 	/usr/lib/system/libsystem_malloc.dylib
0x00007ff818814000 	/usr/lib/system/libsystem_networkextension.dylib
0x00007ff816362000 	/usr/lib/system/libsystem_notify.dylib
0x00007ff8247f4000 	/usr/lib/system/libsystem_product_info_filter.dylib
0x00007ff81cf51000 	/usr/lib/system/libsystem_sandbox.dylib
0x00007ff81e671000 	/usr/lib/system/libsystem_secinit.dylib
0x00007ff8138cd000 	/usr/lib/system/libsystem_kernel.dylib
0x00007ff81391c000 	/usr/lib/system/libsystem_platform.dylib
0x00007ff813904000 	/usr/lib/system/libsystem_pthread.dylib
0x00007ff81a0cf000 	/usr/lib/system/libsystem_symptoms.dylib
0x00007ff813679000 	/usr/lib/system/libsystem_trace.dylib
0x00007ff81e647000 	/usr/lib/system/libunwind.dylib
0x00007ff813642000 	/usr/lib/system/libxpc.dylib
0x00007ff8138b7000 	/usr/lib/libc++abi.dylib
0x00007ff81e652000 	/usr/lib/liboah.dylib
0x00007ff81eddf000 	/usr/lib/liblzma.5.dylib
0x00007ff8144e8000 	/System/Library/Frameworks/SystemConfiguration.framework/Versions/A/SystemConfiguration
0x00007ff81e686000 	/usr/lib/libfakelink.dylib
0x00007ff81837d000 	/System/Library/Frameworks/CFNetwork.framework/Versions/A/CFNetwork
0x00007ff81e7c5000 	/usr/lib/libarchive.2.dylib
0x00007ff81cf58000 	/System/Library/PrivateFrameworks/AppleSystemInfo.framework/Versions/A/AppleSystemInfo
0x00007ff81dccc000 	/usr/lib/libbsm.0.dylib
0x00007ff8179b3000 	/usr/lib/libnetwork.dylib
0x00007ff81e61f000 	/usr/lib/system/libkxld.dylib
0x00007ff81d8fa000 	/System/Library/PrivateFrameworks/IOMobileFramebuffer.framework/Versions/A/IOMobileFramebuffer
0x00007ffb293ed000 	/usr/lib/libCoreEntitlements.dylib
0x00007ff81e338000 	/System/Library/PrivateFrameworks/AppleFSCompression.framework/Versions/A/AppleFSCompression
0x00007ff81dcb4000 	/usr/lib/libcoretls.dylib
0x00007ff81edf9000 	/usr/lib/libcoretls_cfhelpers.dylib
0x00007ff81e909000 	/usr/lib/libpam.2.dylib
0x00007ff819cf1000 	/usr/lib/libsqlite3.dylib
0x00007ff81ee68000 	/usr/lib/libxar.1.dylib
0x00007ff81e348000 	/usr/lib/libbz2.1.0.dylib
0x00007ff81e68b000 	/usr/lib/libpcap.A.dylib
0x00007ff81a0c6000 	/usr/lib/libdns_services.dylib
0x00007ff81e8d8000 	/usr/lib/libapple_nghttp2.dylib
0x00007ff81e6c2000 	/usr/lib/libiconv.2.dylib
0x00007ff81e618000 	/usr/lib/libcharset.1.dylib
0x00007ff81afed000 	/System/Library/Frameworks/CoreServices.framework/Versions/A/Frameworks/FSEvents.framework/Versions/A/FSEvents
0x00007ff815f44000 	/System/Library/Frameworks/CoreServices.framework/Versions/A/Frameworks/CarbonCore.framework/Versions/A/CarbonCore
0x00007ff81a309000 	/System/Library/Frameworks/CoreServices.framework/Versions/A/Frameworks/Metadata.framework/Versions/A/Metadata
0x00007ff81e35b000 	/System/Library/Frameworks/CoreServices.framework/Versions/A/Frameworks/OSServices.framework/Versions/A/OSServices
0x00007ff81e84c000 	/System/Library/Frameworks/CoreServices.framework/Versions/A/Frameworks/SearchKit.framework/Versions/A/SearchKit
0x00007ff81a058000 	/System/Library/Frameworks/CoreServices.framework/Versions/A/Frameworks/AE.framework/Versions/A/AE
0x00007ff813e54000 	/System/Library/Frameworks/CoreServices.framework/Versions/A/Frameworks/LaunchServices.framework/Versions/A/LaunchServices
0x00007ff81ed90000 	/System/Library/Frameworks/CoreServices.framework/Versions/A/Frameworks/DictionaryServices.framework/Versions/A/DictionaryServices
0x00007ff81affa000 	/System/Library/Frameworks/CoreServices.framework/Versions/A/Frameworks/SharedFileList.framework/Versions/A/SharedFileList
0x00007ff81dca8000 	/usr/lib/libCheckFix.dylib
0x00007ff81888e000 	/System/Library/PrivateFrameworks/TCC.framework/Versions/A/TCC
0x00007ff81cf5e000 	/System/Library/PrivateFrameworks/CoreNLP.framework/Versions/A/CoreNLP
0x00007ff81a2b9000 	/System/Library/PrivateFrameworks/MetadataUtilities.framework/Versions/A/MetadataUtilities
0x00007ff814598000 	/usr/lib/libmecabra.dylib
0x00007ff81dcdc000 	/usr/lib/libmecab.dylib
0x00007ff814563000 	/usr/lib/libCRFSuite.dylib
0x00007ff81dd39000 	/usr/lib/libgermantok.dylib
0x00007ff81e8b3000 	/usr/lib/libThaiTokenizer.dylib
0x00007ff81a3ab000 	/System/Library/Frameworks/Accelerate.framework/Versions/A/Frameworks/vImage.framework/Versions/A/vImage
0x00007ff8248f6000 	/System/Library/Frameworks/Accelerate.framework/Versions/A/Frameworks/vecLib.framework/Versions/A/vecLib
0x00007ff81eea9000 	/System/Library/Frameworks/Accelerate.framework/Versions/A/Frameworks/vecLib.framework/Versions/A/libvMisc.dylib
0x00007ff81d718000 	/System/Library/Frameworks/Accelerate.framework/Versions/A/Frameworks/vecLib.framework/Versions/A/libvDSP.dylib
0x00007ff8141cc000 	/System/Library/Frameworks/Accelerate.framework/Versions/A/Frameworks/vecLib.framework/Versions/A/libBLAS.dylib
0x00007ff81e9ea000 	/System/Library/Frameworks/Accelerate.framework/Versions/A/Frameworks/vecLib.framework/Versions/A/libLAPACK.dylib
0x00007ff81dd3c000 	/System/Library/Frameworks/Accelerate.framework/Versions/A/Frameworks/vecLib.framework/Versions/A/libLinearAlgebra.dylib
0x00007ff81e8f1000 	/System/Library/Frameworks/Accelerate.framework/Versions/A/Frameworks/vecLib.framework/Versions/A/libSparseBLAS.dylib
0x00007ff81e9e4000 	/System/Library/Frameworks/Accelerate.framework/Versions/A/Frameworks/vecLib.framework/Versions/A/libQuadrature.dylib
0x00007ff81d048000 	/System/Library/Frameworks/Accelerate.framework/Versions/A/Frameworks/vecLib.framework/Versions/A/libBNNS.dylib
0x00007ff814479000 	/System/Library/Frameworks/Accelerate.framework/Versions/A/Frameworks/vecLib.framework/Versions/A/libSparse.dylib
0x00007ff81d041000 	/System/Library/PrivateFrameworks/LinguisticData.framework/Versions/A/LinguisticData
0x00007ff81442e000 	/System/Library/PrivateFrameworks/Lexicon.framework/Versions/A/Lexicon
0x00007ff81eea2000 	/usr/lib/libChineseTokenizer.dylib
0x00007ff814b92000 	/System/Library/PrivateFrameworks/LanguageModeling.framework/Versions/A/LanguageModeling
0x00007ff81e8b5000 	/System/Library/PrivateFrameworks/AppleSauce.framework/Versions/A/AppleSauce
0x00007ff81d8e8000 	/System/Library/PrivateFrameworks/CoreEmoji.framework/Versions/A/CoreEmoji
0x00007ff81e7b4000 	/usr/lib/libcmph.dylib
0x00007ff81afd1000 	/System/Library/Frameworks/OpenDirectory.framework/Versions/A/Frameworks/CFOpenDirectory.framework/Versions/A/CFOpenDirectory
0x00007ff81afc5000 	/System/Library/Frameworks/OpenDirectory.framework/Versions/A/OpenDirectory
0x00007ff81edfb000 	/System/Library/PrivateFrameworks/APFS.framework/Versions/A/APFS
0x00007ff81dc09000 	/System/Library/Frameworks/SecurityFoundation.framework/Versions/A/SecurityFoundation
0x00007ff81ee76000 	/usr/lib/libutil.dylib
0x00007ff81626f000 	/System/Library/PrivateFrameworks/CoreServicesStore.framework/Versions/A/CoreServicesStore
0x00007ff81ee7a000 	/usr/lib/libxslt.1.dylib
0x00007ff81dc96000 	/System/Library/PrivateFrameworks/BackgroundTaskManagement.framework/Versions/A/BackgroundTaskManagement
0x00007ff8202ea000 	/System/Library/Frameworks/ImageIO.framework/Versions/A/Resources/libRadiance.dylib
0x00007ff8202f3000 	/System/Library/Frameworks/ImageIO.framework/Versions/A/Resources/libJPEG.dylib
0x00007ff820243000 	/System/Library/Frameworks/ImageIO.framework/Versions/A/Resources/libPng.dylib
0x00007ff820264000 	/System/Library/Frameworks/ImageIO.framework/Versions/A/Resources/libTIFF.dylib
0x00007ff820353000 	/System/Library/Frameworks/ImageIO.framework/Versions/A/Resources/libGIF.dylib
0x00007ff81fb74000 	/System/Library/Frameworks/ImageIO.framework/Versions/A/Resources/libJP2.dylib
0x00007ff81f2b6000 	/usr/lib/libexpat.1.dylib
0x00007ff81fb29000 	/System/Library/PrivateFrameworks/AppleJPEG.framework/Versions/A/AppleJPEG
0x00007ff81c49d000 	/System/Library/PrivateFrameworks/FontServices.framework/libFontParser.dylib
0x00007ff81a002000 	/System/Library/PrivateFrameworks/RunningBoardServices.framework/Versions/A/RunningBoardServices
0x00007ff82aacb000 	/System/Library/PrivateFrameworks/IOSurfaceAccelerator.framework/Versions/A/IOSurfaceAccelerator
0x00007ff81fc57000 	/System/Library/PrivateFrameworks/WatchdogClient.framework/Versions/A/WatchdogClient
0x00007ff814c81000 	/System/Library/Frameworks/CoreDisplay.framework/Versions/A/CoreDisplay
0x00007ff81c39c000 	/System/Library/Frameworks/CoreMedia.framework/Versions/A/CoreMedia
0x00007ff81c239000 	/System/Library/PrivateFrameworks/IOAccelerator.framework/Versions/A/IOAccelerator
0x00007ff81b14d000 	/System/Library/Frameworks/CoreVideo.framework/Versions/A/CoreVideo
0x00007ff81e907000 	/System/Library/Frameworks/MetalPerformanceShaders.framework/Versions/A/MetalPerformanceShaders
0x00007ff81fc92000 	/System/Library/Frameworks/VideoToolbox.framework/Versions/A/VideoToolbox
0x00007ff819f4a000 	/System/Library/PrivateFrameworks/BaseBoard.framework/Versions/A/BaseBoard
0x00007ff819cd7000 	/System/Library/PrivateFrameworks/ProtocolBuffer.framework/Versions/A/ProtocolBuffer
0x00007ff8202e3000 	/System/Library/PrivateFrameworks/GPUWrangler.framework/Versions/A/GPUWrangler
0x00007ff8202c6000 	/System/Library/PrivateFrameworks/IOPresentment.framework/Versions/A/IOPresentment
0x00007ff8202ed000 	/System/Library/PrivateFrameworks/DSExternalDisplay.framework/Versions/A/DSExternalDisplay
0x00007ffa2b5bc000 	/System/Library/Frameworks/OpenGL.framework/Versions/A/Libraries/libCoreFSCache.dylib
0x00007ffb1765d000 	/System/Library/PrivateFrameworks/GPUCompiler.framework/Versions/31001/Libraries/libGPUCompilerUtils.dylib
0x00007ff820358000 	/System/Library/PrivateFrameworks/CMCaptureCore.framework/Versions/A/CMCaptureCore
0x00007ff81f862000 	/System/Library/PrivateFrameworks/AppServerSupport.framework/Versions/A/AppServerSupport
0x00007ff821a3f000 	/System/Library/PrivateFrameworks/perfdata.framework/Versions/A/perfdata
0x00007ff814dad000 	/System/Library/PrivateFrameworks/AudioToolboxCore.framework/Versions/A/AudioToolboxCore
0x00007ff81c379000 	/System/Library/PrivateFrameworks/caulk.framework/Versions/A/caulk
0x00007ff821363000 	/usr/lib/libAudioStatistics.dylib
0x00007ff918686000 	/System/Library/PrivateFrameworks/SystemPolicy.framework/Versions/A/SystemPolicy
0x00007ff8215b8000 	/usr/lib/libSMC.dylib
0x00007ff82a402000 	/System/Library/Frameworks/CoreMIDI.framework/Versions/A/CoreMIDI
0x00007ff820213000 	/usr/lib/libAudioToolboxUtility.dylib
0x00007ff914a98000 	/System/Library/PrivateFrameworks/OSAServicesClient.framework/Versions/A/OSAServicesClient
0x00007ff821a4c000 	/usr/lib/libperfcheck.dylib
0x00007ff919118000 	/usr/lib/libmis.dylib
0x00007ffa2b618000 	/System/Library/Frameworks/OpenGL.framework/Versions/A/Libraries/libGLU.dylib
0x00007ffa2b5db000 	/System/Library/Frameworks/OpenGL.framework/Versions/A/Libraries/libGFXShared.dylib
0x00007ffa2b7e9000 	/System/Library/Frameworks/OpenGL.framework/Versions/A/Libraries/libGL.dylib
0x00007ffa2b5e4000 	/System/Library/Frameworks/OpenGL.framework/Versions/A/Libraries/libGLImage.dylib
0x00007ffa2b5d8000 	/System/Library/Frameworks/OpenGL.framework/Versions/A/Libraries/libCVMSPluginSupport.dylib
0x00007ffa2b5c3000 	/System/Library/Frameworks/OpenGL.framework/Versions/A/Libraries/libCoreVMClient.dylib
0x00007ff81cedc000 	/System/Library/Frameworks/MetalPerformanceShaders.framework/Versions/A/Frameworks/MPSCore.framework/Versions/A/MPSCore
0x00007ff81e2a3000 	/System/Library/Frameworks/MetalPerformanceShaders.framework/Versions/A/Frameworks/MPSImage.framework/Versions/A/MPSImage
0x00007ff81dd52000 	/System/Library/Frameworks/MetalPerformanceShaders.framework/Versions/A/Frameworks/MPSNeuralNetwork.framework/Versions/A/MPSNeuralNetwork
0x00007ff81e1c7000 	/System/Library/Frameworks/MetalPerformanceShaders.framework/Versions/A/Frameworks/MPSMatrix.framework/Versions/A/MPSMatrix
0x00007ff81df83000 	/System/Library/Frameworks/MetalPerformanceShaders.framework/Versions/A/Frameworks/MPSRayIntersector.framework/Versions/A/MPSRayIntersector
0x00007ff81e200000 	/System/Library/Frameworks/MetalPerformanceShaders.framework/Versions/A/Frameworks/MPSNDArray.framework/Versions/A/MPSNDArray
0x00007ffa301dd000 	/System/Library/Frameworks/MetalPerformanceShaders.framework/Versions/A/Frameworks/MPSFunctions.framework/Versions/A/MPSFunctions
0x00007ff8140af000 	/System/Library/PrivateFrameworks/MetalTools.framework/Versions/A/MetalTools
0x00007ff81cf56000 	/System/Library/PrivateFrameworks/AggregateDictionary.framework/Versions/A/AggregateDictionary
0x00007ff81f098000 	/usr/lib/libIOReport.dylib
0x00007ffa2cbf8000 	/System/Library/Frameworks/OpenCL.framework/Versions/A/OpenCL
0x00007ff81f3fc000 	/System/Library/PrivateFrameworks/FaceCore.framework/Versions/A/FaceCore
0x00007ff81f3ed000 	/System/Library/PrivateFrameworks/GraphVisualizer.framework/Versions/A/GraphVisualizer
0x00007ffb17568000 	/System/Library/PrivateFrameworks/FontServices.framework/Versions/A/FontServices
0x00007ff81f819000 	/System/Library/PrivateFrameworks/OTSVG.framework/Versions/A/OTSVG
0x00007ff81ad35000 	/System/Library/Frameworks/ApplicationServices.framework/Versions/A/Frameworks/ATS.framework/Versions/A/Resources/libFontRegistry.dylib
0x00007ff81f86a000 	/System/Library/PrivateFrameworks/FontServices.framework/libhvf.dylib
0x00007ffb17569000 	/System/Library/PrivateFrameworks/FontServices.framework/libXTFontStaticRegistryData.dylib
0x00007ff81f266000 	/System/Library/PrivateFrameworks/AppleVA.framework/Versions/A/AppleVA
0x00007ff821387000 	/System/Library/Frameworks/ApplicationServices.framework/Versions/A/Frameworks/ATS.framework/Versions/A/ATS
0x00007ff819405000 	/System/Library/Frameworks/ApplicationServices.framework/Versions/A/Frameworks/HIServices.framework/Versions/A/HIServices
0x00007ff820362000 	/System/Library/Frameworks/ApplicationServices.framework/Versions/A/Frameworks/PrintCore.framework/Versions/A/PrintCore
0x00007ff82170b000 	/System/Library/Frameworks/ApplicationServices.framework/Versions/A/Frameworks/QD.framework/Versions/A/QD
0x00007ff821703000 	/System/Library/Frameworks/ApplicationServices.framework/Versions/A/Frameworks/ColorSyncLegacy.framework/Versions/A/ColorSyncLegacy
0x00007ff821377000 	/System/Library/Frameworks/ApplicationServices.framework/Versions/A/Frameworks/SpeechSynthesis.framework/Versions/A/SpeechSynthesis
0x00007ff820323000 	/System/Library/Frameworks/ApplicationServices.framework/Versions/A/Frameworks/ATSUI.framework/Versions/A/ATSUI
0x00007ff821698000 	/usr/lib/libcups.2.dylib
0x00007ff821a5b000 	/System/Library/Frameworks/Kerberos.framework/Versions/A/Kerberos
0x00007ff821a6a000 	/System/Library/Frameworks/GSS.framework/Versions/A/GSS
0x00007ff8213f3000 	/usr/lib/libresolv.9.dylib
0x00007ff81f879000 	/System/Library/PrivateFrameworks/Heimdal.framework/Versions/A/Heimdal
0x00007ff828558000 	/System/Library/Frameworks/Kerberos.framework/Versions/A/Libraries/libHeimdalProxy.dylib
0x00007ff81a0d7000 	/System/Library/Frameworks/Network.framework/Versions/A/Network
0x00007ff81f2d0000 	/usr/lib/libheimdal-asn1.dylib
0x00007ff821ab6000 	/System/Library/PrivateFrameworks/CommonAuth.framework/Versions/A/CommonAuth
0x00007ff8212f4000 	/System/Library/PrivateFrameworks/AudioSession.framework/Versions/A/AudioSession
0x00007ff81f360000 	/System/Library/PrivateFrameworks/MediaExperience.framework/Versions/A/MediaExperience
0x00007ff821188000 	/System/Library/PrivateFrameworks/AudioSession.framework/libSessionUtility.dylib
0x00007ff821717000 	/System/Library/PrivateFrameworks/AudioResourceArbitration.framework/Versions/A/AudioResourceArbitration
0x00007ff825709000 	/System/Library/PrivateFrameworks/PowerLog.framework/Versions/A/PowerLog
0x00007ff81f2d9000 	/System/Library/PrivateFrameworks/IconFoundation.framework/Versions/A/IconFoundation
0x00007ff824523000 	/System/Library/PrivateFrameworks/SpeechRecognitionCore.framework/Versions/A/SpeechRecognitionCore
0x0000000100ff4000 	/Library/Java/JavaVirtualMachines/zulu-8.jdk/Contents/Home/jre/lib/server/libjvm.dylib
0x0000000100204000 	/Library/Java/JavaVirtualMachines/zulu-8.jdk/Contents/Home/jre/lib/libverify.dylib
0x0000000100258000 	/Library/Java/JavaVirtualMachines/zulu-8.jdk/Contents/Home/jre/lib/libjava.dylib
0x000000010029b000 	/Library/Java/JavaVirtualMachines/zulu-8.jdk/Contents/Home/jre/lib/libinstrument.dylib
0x00000001002cf000 	/Library/Java/JavaVirtualMachines/zulu-8.jdk/Contents/Home/jre/lib/libzip.dylib
0x0000000106419000 	/Library/Java/JavaVirtualMachines/zulu-8.jdk/Contents/Home/jre/lib/libnio.dylib
0x0000000106451000 	/Library/Java/JavaVirtualMachines/zulu-8.jdk/Contents/Home/jre/lib/libnet.dylib
0x0000000106508000 	/Library/Java/JavaVirtualMachines/zulu-8.jdk/Contents/Home/jre/lib/libprism_es2.dylib
0x00007ff816230000 	/System/Library/PrivateFrameworks/CoreServicesInternal.framework/Versions/A/CoreServicesInternal
0x00007ffa2b7f4000 	/System/Library/Frameworks/OpenGL.framework/Versions/A/Resources/GLEngine.bundle/GLEngine
0x00007ffa2b656000 	/System/Library/Frameworks/OpenGL.framework/Versions/A/Libraries/libGLProgrammability.dylib
0x00007ffa22424000 	/System/Library/Extensions/AppleIntelSKLGraphicsGLDriver.bundle/Contents/MacOS/AppleIntelSKLGraphicsGLDriver
0x00007ff922ffc000 	/System/Library/PrivateFrameworks/GPUSupport.framework/Versions/A/Libraries/libGPUSupportMercury.dylib
0x00007ffa2b983000 	/System/Library/Frameworks/OpenGL.framework/Versions/A/Resources/GLRendererFloat.bundle/GLRendererFloat
0x00000001185cd000 	/Library/Java/JavaVirtualMachines/zulu-8.jdk/Contents/Home/jre/lib/libglass.dylib
0x00007ff825cfa000 	/System/Library/Frameworks/FileProvider.framework/Versions/A/FileProvider
0x00007ff819eb6000 	/System/Library/Frameworks/Accounts.framework/Versions/A/Accounts
0x00007ff825e72000 	/System/Library/PrivateFrameworks/GenerationalStorage.framework/Versions/A/GenerationalStorage
0x00007ff826984000 	/System/Library/PrivateFrameworks/CoreSymbolication.framework/Versions/A/CoreSymbolication
0x00007ff8256fe000 	/System/Library/PrivateFrameworks/SymptomDiagnosticReporter.framework/Versions/A/SymptomDiagnosticReporter
0x00007ff8174f4000 	/System/Library/PrivateFrameworks/DesktopServicesPriv.framework/Versions/A/DesktopServicesPriv
0x00007ff816371000 	/usr/lib/libsandbox.1.dylib
0x00007ff81b1cc000 	/System/Library/PrivateFrameworks/UserManagement.framework/Versions/A/UserManagement
0x00007ff826949000 	/System/Library/PrivateFrameworks/DebugSymbols.framework/Versions/A/DebugSymbols
0x00007ff8216f8000 	/System/Library/PrivateFrameworks/NetAuth.framework/Versions/A/NetAuth
0x00007ff8225e7000 	/System/Library/PrivateFrameworks/Sharing.framework/Versions/A/Sharing
0x00007ff81b19f000 	/System/Library/PrivateFrameworks/login.framework/Versions/A/Frameworks/loginsupport.framework/Versions/A/loginsupport
0x00007ff827a8a000 	/System/Library/PrivateFrameworks/Apple80211.framework/Versions/A/Apple80211
0x00007ff81e388000 	/System/Library/PrivateFrameworks/AuthKit.framework/Versions/A/AuthKit
0x00007ff81d9de000 	/System/Library/PrivateFrameworks/CoreUtils.framework/Versions/A/CoreUtils
0x00007ff81d905000 	/System/Library/Frameworks/CoreWLAN.framework/Versions/A/CoreWLAN
0x00007ff822742000 	/System/Library/Frameworks/IOBluetooth.framework/Versions/A/IOBluetooth
0x00007ff827af2000 	/System/Library/PrivateFrameworks/CoreWiFi.framework/Versions/A/CoreWiFi
0x00007ff82651e000 	/System/Library/PrivateFrameworks/FrontBoardServices.framework/Versions/A/FrontBoardServices
0x00007ff8265b0000 	/System/Library/PrivateFrameworks/BoardServices.framework/Versions/A/BoardServices
0x00007ff81dbf8000 	/System/Library/PrivateFrameworks/AssertionServices.framework/Versions/A/AssertionServices
0x00007ff827c76000 	/System/Library/PrivateFrameworks/BackBoardServices.framework/Versions/A/BackBoardServices
0x00007ff821b45000 	/System/Library/PrivateFrameworks/CorePhoneNumbers.framework/Versions/A/CorePhoneNumbers
0x00007ff82581b000 	/System/Library/PrivateFrameworks/DiskManagement.framework/Versions/A/DiskManagement
0x00007ff82572f000 	/System/Library/PrivateFrameworks/AppleIDAuthSupport.framework/Versions/A/AppleIDAuthSupport
0x00007ffa32196000 	/System/Library/PrivateFrameworks/AAAFoundation.framework/Versions/A/AAAFoundation
0x00007ff821b26000 	/System/Library/PrivateFrameworks/KeychainCircle.framework/Versions/A/KeychainCircle
0x00007ff8257e7000 	/System/Library/PrivateFrameworks/MediaKit.framework/Versions/A/MediaKit
0x00007ff82573b000 	/System/Library/Frameworks/DiscRecording.framework/Versions/A/DiscRecording
0x00007ff81f1de000 	/usr/lib/libCoreStorage.dylib
0x00007ff827f65000 	/usr/lib/libcsfde.dylib
0x00007ff82280f000 	/System/Library/PrivateFrameworks/ProtectedCloudStorage.framework/Versions/A/ProtectedCloudStorage
0x00007ff827f61000 	/System/Library/PrivateFrameworks/EFILogin.framework/Versions/A/EFILogin
0x00007ff825e98000 	/System/Library/PrivateFrameworks/OctagonTrust.framework/Versions/A/OctagonTrust
0x00007ffb1688a000 	/System/Library/PrivateFrameworks/CoreUtilsExtras.framework/Versions/A/CoreUtilsExtras
0x00007ff825671000 	/System/Library/Frameworks/CoreBluetooth.framework/Versions/A/CoreBluetooth
0x00007ff8285dd000 	/System/Library/Frameworks/AudioUnit.framework/Versions/A/AudioUnit
0x00007ff81f1d6000 	/usr/lib/libMatch.1.dylib
0x00007ff91d57c000 	/System/Library/Frameworks/Accelerate.framework/Versions/A/Frameworks/vImage.framework/Versions/A/Libraries/libCGInterfaces.dylib
0x0000000119875000 	/usr/lib/libobjc-trampolines.dylib
0x00007ff81aec5000 	/System/Library/PrivateFrameworks/ViewBridge.framework/Versions/A/ViewBridge
0x00007ff81f933000 	/System/Library/PrivateFrameworks/login.framework/Versions/A/login
0x000000011c677000 	/Library/Java/JavaVirtualMachines/zulu-8.jdk/Contents/Home/jre/lib/libjavafx_iio.dylib
0x000000011c405000 	/Library/Java/JavaVirtualMachines/zulu-8.jdk/Contents/Home/jre/lib/libjavafx_font.dylib
0x0000000122351000 	/Library/Java/JavaVirtualMachines/zulu-8.jdk/Contents/Home/jre/lib/libprism_common.dylib
0x00007ffb294ff000 	/usr/lib/libRosetta.dylib
0x00007ff824bee000 	/System/Library/PrivateFrameworks/SystemAdministration.framework/Versions/A/SystemAdministration
0x00007ff82058a000 	/System/Library/Frameworks/MediaToolbox.framework/Versions/A/MediaToolbox
0x00007ff8244ef000 	/System/Library/Frameworks/DirectoryService.framework/Versions/A/DirectoryService
0x00007ff827e03000 	/System/Library/PrivateFrameworks/DiskImages.framework/Versions/A/DiskImages
0x00007ff81dca0000 	/System/Library/Frameworks/ServiceManagement.framework/Versions/A/ServiceManagement
0x00007ff827fdd000 	/System/Library/PrivateFrameworks/LoginUIKit.framework/Versions/A/Frameworks/LoginUICore.framework/Versions/A/LoginUICore
0x00007ff81fae1000 	/usr/lib/libodfde.dylib
0x00007ff825cca000 	/System/Library/PrivateFrameworks/CoreAVCHD.framework/Versions/A/CoreAVCHD
0x00007ff824bb2000 	/System/Library/Frameworks/MediaAccessibility.framework/Versions/A/MediaAccessibility
0x00007ff825cc6000 	/System/Library/PrivateFrameworks/Mangrove.framework/Versions/A/Mangrove
0x00007ff824bbd000 	/System/Library/PrivateFrameworks/AlgosScoreFramework.framework/Versions/A/AlgosScoreFramework
0x00007ffb13ccf000 	/System/Library/PrivateFrameworks/CMPhoto.framework/Versions/A/CMPhoto
0x00007ff82681f000 	/System/Library/PrivateFrameworks/AppleVPA.framework/Versions/A/AppleVPA
0x00007ff82590b000 	/System/Library/PrivateFrameworks/CoreAUC.framework/Versions/A/CoreAUC
0x00007ff827f71000 	/usr/lib/libcurl.4.dylib
0x00007ff827cce000 	/usr/lib/libcrypto.44.dylib
0x00007ff827dd6000 	/usr/lib/libssl.46.dylib
0x00007ff827c94000 	/System/Library/Frameworks/LDAP.framework/Versions/A/LDAP
0x00007ff827ccc000 	/System/Library/PrivateFrameworks/TrustEvaluationAgent.framework/Versions/A/TrustEvaluationAgent
0x00007ff82140c000 	/usr/lib/libsasl2.2.dylib
0x00007ff824be2000 	/System/Library/PrivateFrameworks/CoreDaemon.framework/Versions/B/CoreDaemon
0x00007ff824bdd000 	/System/Library/PrivateFrameworks/AppleSRP.framework/Versions/A/AppleSRP
0x000000011d02f000 	/Library/Java/JavaVirtualMachines/zulu-8.jdk/Contents/Home/jre/lib/libsunec.dylib
0x000000011d8c2000 	/Library/Java/JavaVirtualMachines/zulu-8.jdk/Contents/Home/jre/lib/libawt.dylib
0x000000011d978000 	/Library/Java/JavaVirtualMachines/zulu-8.jdk/Contents/Home/jre/lib/libmlib_image.dylib
0x00007ffa3013f000 	/System/Library/Frameworks/JavaNativeFoundation.framework/Versions/A/JavaNativeFoundation
0x00007ffa3014b000 	/System/Library/Frameworks/JavaRuntimeSupport.framework/Versions/A/JavaRuntimeSupport
0x00007ff9181cf000 	/System/Library/Frameworks/Carbon.framework/Versions/A/Carbon
0x00007ff82be1e000 	/System/Library/Frameworks/Carbon.framework/Versions/A/Frameworks/CommonPanels.framework/Versions/A/CommonPanels
0x00007ff827f5d000 	/System/Library/Frameworks/Carbon.framework/Versions/A/Frameworks/Help.framework/Versions/A/Help
0x00007ff82be22000 	/System/Library/Frameworks/Carbon.framework/Versions/A/Frameworks/ImageCapture.framework/Versions/A/ImageCapture
0x00007ff82bdf2000 	/System/Library/Frameworks/Carbon.framework/Versions/A/Frameworks/OpenScripting.framework/Versions/A/OpenScripting
0x00007ff82be1a000 	/System/Library/Frameworks/Carbon.framework/Versions/A/Frameworks/Ink.framework/Versions/A/Ink
0x00007ff9181cb000 	/System/Library/Frameworks/Carbon.framework/Versions/A/Frameworks/Print.framework/Versions/A/Print
0x00007ff82be16000 	/System/Library/Frameworks/Carbon.framework/Versions/A/Frameworks/SecurityHI.framework/Versions/A/SecurityHI
0x000000011dbe1000 	/Library/Java/JavaVirtualMachines/zulu-8.jdk/Contents/Home/jre/lib/libawt_lwawt.dylib
0x000000011d0c0000 	/Library/Java/JavaVirtualMachines/zulu-8.jdk/Contents/Home/jre/lib/libosxapp.dylib
0x00007ff917608000 	/System/Library/Frameworks/ExceptionHandling.framework/Versions/A/ExceptionHandling
0x00000001233a5000 	/Library/Java/JavaVirtualMachines/zulu-8.jdk/Contents/Home/jre/lib/libfontmanager.dylib
0x00000001247df000 	/Library/Java/JavaVirtualMachines/zulu-8.jdk/Contents/Home/jre/lib/libfreetype.dylib.6
0x00000001552e2000 	/Library/Java/JavaVirtualMachines/zulu-8.jdk/Contents/Home/jre/lib/libosxui.dylib

VM Arguments:
jvm_args: -javaagent:/Applications/IntelliJ IDEA.app/Contents/lib/idea_rt.jar=63747:/Applications/IntelliJ IDEA.app/Contents/bin -Dfile.encoding=UTF-8 
java_command: AppInitializer
java_class_path (initial): /Library/Java/JavaVirtualMachines/zulu-8.jdk/Contents/Home/jre/lib/charsets.jar:/Library/Java/JavaVirtualMachines/zulu-8.jdk/Contents/Home/jre/lib/crs-agent.jar:/Library/Java/JavaVirtualMachines/zulu-8.jdk/Contents/Home/jre/lib/ext/cldrdata.jar:/Library/Java/JavaVirtualMachines/zulu-8.jdk/Contents/Home/jre/lib/ext/dnsns.jar:/Library/Java/JavaVirtualMachines/zulu-8.jdk/Contents/Home/jre/lib/ext/jaccess.jar:/Library/Java/JavaVirtualMachines/zulu-8.jdk/Contents/Home/jre/lib/ext/jfxrt.jar:/Library/Java/JavaVirtualMachines/zulu-8.jdk/Contents/Home/jre/lib/ext/legacy8ujsse.jar:/Library/Java/JavaVirtualMachines/zulu-8.jdk/Contents/Home/jre/lib/ext/localedata.jar:/Library/Java/JavaVirtualMachines/zulu-8.jdk/Contents/Home/jre/lib/ext/nashorn.jar:/Library/Java/JavaVirtualMachines/zulu-8.jdk/Contents/Home/jre/lib/ext/openjsse.jar:/Library/Java/JavaVirtualMachines/zulu-8.jdk/Contents/Home/jre/lib/ext/sunec.jar:/Library/Java/JavaVirtualMachines/zulu-8.jdk/Contents/Home/jre/lib/ext/sunjce_provider.jar:/Library/Java/JavaVirtualMachines/zulu-8.jdk/Contents/Home/jre/lib/ext/sunpkcs11.jar:/Library/Java/JavaVirtualMachines/zulu-8.jdk/Contents/Home/jre/lib/ext/zipfs.jar:/Library/Java/JavaVirtualMachines/zulu-8.jdk/Contents/Home/jre/lib/jce.jar:/Library/Java/JavaVirtualMachines/zulu-8.jdk/Contents/Home/jre/lib/jfr.jar:/Library/Java/JavaVirtualMachines/zulu-8.jdk/Contents/Home/jre/lib/jfxswt.jar:/Library/Java/JavaVirtualMachines/zulu-8.jdk/Contents/Home/jre/lib/jsse.jar:/Library/Java/JavaVirtualMachines/zulu-8.jdk/Contents/Home/jre/lib/management-agent.jar:/Library/Java/JavaVirtualMachines/zulu-8.jdk/Contents/Home/jre/lib/resources.jar:/Library/Java/JavaVirtualMachines/zulu-8.jdk/Contents/Home/jre/lib/rt.jar:/Library/Java/JavaVirtualMachines/zulu-8.jdk/Contents/Home/lib/ant-javafx.jar:/Library/Java/JavaVirtualMachines/zulu-8.jdk/Contents/Home/lib/dt.jar:/Library/Java/JavaVirtualMachines/zulu-8.jdk/Contents/Home/lib/javafx-mx.jar:/Library/Java/JavaVirtualMachi
Launcher Type: SUN_STANDARD

Environment Variables:
PATH=/Users/kasunrachintha/opt/anaconda3/bin:/Library/Frameworks/Python.framework/Versions/3.9/bin:/usr/local/bin:/usr/bin:/bin:/usr/sbin:/sbin:/Applications/VMware Fusion.app/Contents/Public
SHELL=/bin/zsh

Signal Handlers:
SIGSEGV: [libjvm.dylib+0x5b2935], sa_mask[0]=11111111011111110111111111111111, sa_flags=SA_ONSTACK|SA_RESTART|SA_SIGINFO
SIGBUS: [libjvm.dylib+0x5b2935], sa_mask[0]=11111111011111110111111111111111, sa_flags=SA_RESTART|SA_SIGINFO
SIGFPE: [libjvm.dylib+0x4a1701], sa_mask[0]=11111111011111110111111111111111, sa_flags=SA_RESTART|SA_SIGINFO
SIGPIPE: [libjvm.dylib+0x4a1701], sa_mask[0]=11111111011111110111111111111111, sa_flags=SA_RESTART|SA_SIGINFO
SIGXFSZ: [libjvm.dylib+0x4a1701], sa_mask[0]=11111111011111110111111111111111, sa_flags=SA_RESTART|SA_SIGINFO
SIGILL: [libjvm.dylib+0x4a1701], sa_mask[0]=11111111011111110111111111111111, sa_flags=SA_RESTART|SA_SIGINFO
SIGUSR1: SIG_DFL, sa_mask[0]=00000000000000000000000000000000, sa_flags=none
SIGUSR2: [libjvm.dylib+0x4a1ff0], sa_mask[0]=00100000000000000000000000000000, sa_flags=SA_RESTART|SA_SIGINFO
SIGHUP: [libjvm.dylib+0x4a013f], sa_mask[0]=11111111011111110111111111111111, sa_flags=SA_RESTART|SA_SIGINFO
SIGINT: [libjvm.dylib+0x4a013f], sa_mask[0]=11111111011111110111111111111111, sa_flags=SA_RESTART|SA_SIGINFO
SIGTERM: [libjvm.dylib+0x4a013f], sa_mask[0]=11111111011111110111111111111111, sa_flags=SA_RESTART|SA_SIGINFO
SIGQUIT: [libjvm.dylib+0x4a013f], sa_mask[0]=11111111011111110111111111111111, sa_flags=SA_RESTART|SA_SIGINFO


---------------  S Y S T E M  ---------------

OS:Bsduname:Darwin 21.3.0 Darwin Kernel Version 21.3.0: Wed Jan  5 21:37:58 PST 2022; root:xnu-8019.80.24~20/RELEASE_X86_64 x86_64
rlimit: STACK 8192k, CORE 0k, NPROC 1392, NOFILE 10240, AS infinity
load average:3.59 3.52 2.73

CPU:total 4 (initial active 4) (2 cores per cpu, 2 threads per core) family 6 model 78 stepping 3, cmov, cx8, fxsr, mmx, sse, sse2, sse3, ssse3, sse4.1, sse4.2, popcnt, avx, avx2, aes, clmul, erms, 3dnowpref, lzcnt, ht, tsc, tscinvbit, bmi1, bmi2, adx

Memory: 4k page, physical 8388608k(18368k free)

/proc/meminfo:


vm_info: OpenJDK 64-Bit Server VM (25.312-b07) for bsd-amd64 JRE (Zulu 8.58.0.13-CA-macosx) (1.8.0_312-b07), built on Oct 11 2021 08:36:41 by "zulu_re" with gcc 4.2.1 Compatible Apple LLVM 11.0.0 (clang-1100.0.33.17)

time: Tue May 31 18:11:31 2022
timezone: +0530
elapsed time: 18.044762 seconds (0d 0h 0m 18s)

