#
# A fatal error has been detected by the Java Runtime Environment:
#
#  INVALID (0xe0000000) at pc=0x0000000000000000, pid=3797, tid=0x000000000000650f
#  fatal error: Illegal threadstate encountered: 4
#
# JRE version: OpenJDK Runtime Environment (Zulu 8.58.0.13-CA-macosx) (8.0_312-b07) (build 1.8.0_312-b07)
# Java VM: OpenJDK 64-Bit Server VM (25.312-b07 mixed mode bsd-amd64 compressed oops)
# Failed to write core dump. Core dumps have been disabled. To enable core dumping, try "ulimit -c unlimited" before starting Java again
#
# If you would like to submit a bug report, please visit:
#   http://www.azul.com/support/
# The crash happened outside the Java Virtual Machine in native code.
# See problematic frame for where to report the bug.
#

---------------  T H R E A D  ---------------

Current thread (0x00007fcc16984000):  JavaThread "Thread-1" daemon [_thread_in_native, id=25871, stack(0x00007000014ce000,0x00007000015ce000)]

Stack: [0x00007000014ce000,0x00007000015ce000],  sp=0x00007000015cd010,  free space=1020k
Native frames: (J=compiled Java code, j=interpreted, Vv=VM code, C=native code)
V  [libjvm.dylib+0x5b1e72]
V  [libjvm.dylib+0x1d77b3]
V  [libjvm.dylib+0x4fb301]
V  [libjvm.dylib+0x576b31]
V  [libjvm.dylib+0x30e798]
C  [libglass.dylib+0x9e88]  -[GlassRunnable dealloc]+0x28
C  [Foundation+0x80eab]  -[_NSThreadPerformInfo dealloc]+0x2a
C  [Foundation+0x4dcd7]  -[NSObject(NSThreadPerformAdditions) performSelectorOnMainThread:withObject:waitUntilDone:]+0x7c
J 3726  com.sun.glass.ui.mac.MacApplication._submitForLaterInvocation(Ljava/lang/Runnable;)V (0 bytes) @ 0x000000010e43533c [0x000000010e435280+0xbc]
J 3725 C1 com.sun.glass.ui.mac.MacApplication.submitForLaterInvocation(Ljava/lang/Runnable;)V (6 bytes) @ 0x000000010e436abc [0x000000010e436a40+0x7c]
j  com.sun.glass.ui.InvokeLaterDispatcher.run()V+82
v  ~StubRoutines::call_stub
V  [libjvm.dylib+0x2d7e24]
V  [libjvm.dylib+0x2d6c7e]
V  [libjvm.dylib+0x2d6e5f]
V  [libjvm.dylib+0x35324b]
V  [libjvm.dylib+0x57538a]
V  [libjvm.dylib+0x57523d]
V  [libjvm.dylib+0x49f1f7]
C  [libsystem_pthread.dylib+0x64f4]  _pthread_start+0x7d
C  [libsystem_pthread.dylib+0x200f]  thread_start+0xf
C  0x0000000000000000

Java frames: (J=compiled Java code, j=interpreted, Vv=VM code)
J 3726  com.sun.glass.ui.mac.MacApplication._submitForLaterInvocation(Ljava/lang/Runnable;)V (0 bytes) @ 0x000000010e4352cc [0x000000010e435280+0x4c]
J 3725 C1 com.sun.glass.ui.mac.MacApplication.submitForLaterInvocation(Ljava/lang/Runnable;)V (6 bytes) @ 0x000000010e436abc [0x000000010e436a40+0x7c]
j  com.sun.glass.ui.InvokeLaterDispatcher.run()V+82
v  ~StubRoutines::call_stub

---------------  P R O C E S S  ---------------

Java Threads: ( => current thread )
  0x00007fcc17cd8800 JavaThread "PulseTimer-CVDisplayLink thread" daemon [_thread_blocked, id=69391, stack(0x0000700000bb0000,0x0000700000c30000)]
  0x00007fcc17aef000 JavaThread "mysql-cj-abandoned-connection-cleanup" daemon [_thread_blocked, id=59407, stack(0x0000700001bec000,0x0000700001cec000)]
  0x00007fcc17a6c800 JavaThread "Prism Font Disposer" daemon [_thread_blocked, id=53255, stack(0x0000700001a66000,0x0000700001b66000)]
  0x00007fcc1717c000 JavaThread "Attach Listener" daemon [_thread_blocked, id=47623, stack(0x00007000015d1000,0x00007000016d1000)]
  0x00007fcc158ff800 JavaThread "JavaFX-Launcher" [_thread_blocked, id=49931, stack(0x00007000018e0000,0x00007000019e0000)]
  0x00007fcc16989800 JavaThread "JavaFX Application Thread" [_thread_in_native_trans, id=259, stack(0x00007ff7bd8f7000,0x00007ff7be0f7000)]
=>0x00007fcc16984000 JavaThread "Thread-1" daemon [_thread_in_native, id=25871, stack(0x00007000014ce000,0x00007000015ce000)]
  0x00007fcc17963800 JavaThread "QuantumRenderer-0" daemon [_thread_blocked, id=16387, stack(0x00007000013cb000,0x00007000014cb000)]
  0x00007fcc17036000 JavaThread "Service Thread" daemon [_thread_blocked, id=14339, stack(0x00007000011c5000,0x00007000012c5000)]
  0x00007fcc17021000 JavaThread "C1 CompilerThread2" daemon [_thread_blocked, id=17411, stack(0x00007000010c2000,0x00007000011c2000)]
  0x00007fcc168b9000 JavaThread "C2 CompilerThread1" daemon [_thread_blocked, id=17923, stack(0x0000700000fbf000,0x00007000010bf000)]
  0x00007fcc17848000 JavaThread "C2 CompilerThread0" daemon [_thread_blocked, id=13827, stack(0x0000700000ebc000,0x0000700000fbc000)]
  0x00007fcc17845000 JavaThread "Monitor Ctrl-Break" daemon [_thread_in_native, id=18179, stack(0x0000700000db9000,0x0000700000eb9000)]
  0x00007fcc17823800 JavaThread "Signal Dispatcher" daemon [_thread_blocked, id=18435, stack(0x0000700000cb6000,0x0000700000db6000)]
  0x00007fcc1701f000 JavaThread "Finalizer" daemon [_thread_blocked, id=12035, stack(0x0000700000aad000,0x0000700000bad000)]
  0x00007fcc17818800 JavaThread "Reference Handler" daemon [_thread_blocked, id=11523, stack(0x00007000009aa000,0x0000700000aaa000)]
  0x00007fcc1700a800 JavaThread "main" [_thread_blocked, id=5891, stack(0x0000700000398000,0x0000700000498000)]

Other Threads:
  0x00007fcc1701c800 VMThread [stack: 0x00007000008a7000,0x00007000009a7000] [id=20995]
  0x00007fcc17041000 WatcherThread [stack: 0x00007000012c8000,0x00007000013c8000] [id=16899]

VM state:synchronizing (normal execution)

VM Mutex/Monitor currently owned by a thread:  ([mutex/lock_event])
[0x00006000004dce80] Safepoint_lock - owner thread: 0x00007fcc1701c800
[0x00006000004dcf00] Threads_lock - owner thread: 0x00007fcc1701c800

heap address: 0x0000000740000000, size: 2048 MB, Compressed Oops mode: Zero based, Oop shift amount: 3
Narrow klass base: 0x0000000000000000, Narrow klass shift: 3
Compressed class space size: 1073741824 Address: 0x00000007c0000000

Heap:
 PSYoungGen      total 68608K, used 25176K [0x0000000795580000, 0x000000079a080000, 0x00000007c0000000)
  eden space 63488K, 31% used [0x0000000795580000,0x000000079691cfa8,0x0000000799380000)
  from space 5120K, 99% used [0x0000000799b80000,0x000000079a0793a0,0x000000079a080000)
  to   space 5120K, 0% used [0x0000000799680000,0x0000000799680000,0x0000000799b80000)
 ParOldGen       total 107520K, used 58041K [0x0000000740000000, 0x0000000746900000, 0x0000000795580000)
  object space 107520K, 53% used [0x0000000740000000,0x00000007438ae6d8,0x0000000746900000)
 Metaspace       used 28933K, capacity 30432K, committed 30640K, reserved 1075200K
  class space    used 3948K, capacity 4243K, committed 4272K, reserved 1048576K

Card table byte_map: [0x00000001023ec000,0x00000001027ed000] byte_map_base: 0x00000000fe9ec000

Marking Bits: (ParMarkBitMap*) 0x000000010346d948
 Begin Bits: [0x0000000103b7d000, 0x0000000105b7d000)
 End Bits:   [0x0000000105b7d000, 0x0000000107b7d000)

Polling page: 0x0000000101f41000

CodeCache: size=245760Kb used=13162Kb max_used=13162Kb free=232597Kb
 bounds [0x000000010d8f7000, 0x000000010e5e7000, 0x000000011c8f7000]
 total_blobs=5019 nmethods=4229 adapters=702
 compilation: enabled

Compilation events (10 events):
Event: 19.473 Thread 0x00007fcc17021000 nmethod 4254 0x000000010e5cd950 code [0x000000010e5cdaa0, 0x000000010e5cdbf0]
Event: 19.473 Thread 0x00007fcc17021000 4245       3       javafx.scene.layout.Region$StyleableProperties$9::isSettable (9 bytes)
Event: 19.473 Thread 0x00007fcc17021000 nmethod 4245 0x000000010e5d6590 code [0x000000010e5d6720, 0x000000010e5d6c50]
Event: 19.473 Thread 0x00007fcc17021000 4246       3       javafx.scene.layout.Region$StyleableProperties$9::isSettable (23 bytes)
Event: 19.473 Thread 0x00007fcc17021000 nmethod 4246 0x000000010e5d6dd0 code [0x000000010e5d6f40, 0x000000010e5d72b0]
Event: 19.473 Thread 0x00007fcc17021000 4255       3       javafx.scene.control.IndexedCell::getIndex (8 bytes)
Event: 19.474 Thread 0x00007fcc17021000 nmethod 4255 0x000000010e5d73d0 code [0x000000010e5d7540, 0x000000010e5d78a8]
Event: 19.474 Thread 0x00007fcc17021000 4258       3       javafx.scene.layout.Region::widthChanged (49 bytes)
Event: 19.475 Thread 0x00007fcc17021000 nmethod 4258 0x000000010e5d79d0 code [0x000000010e5d7c20, 0x000000010e5d8eb8]
Event: 19.475 Thread 0x00007fcc17021000 4261       3       javafx.scene.text.Text::impl_geomChanged (59 bytes)

GC Heap History (10 events):
Event: 2.197 GC heap before
{Heap before GC invocations=1 (full 0):
 PSYoungGen      total 38400K, used 33280K [0x0000000795580000, 0x0000000798000000, 0x00000007c0000000)
  eden space 33280K, 100% used [0x0000000795580000,0x0000000797600000,0x0000000797600000)
  from space 5120K, 0% used [0x0000000797b00000,0x0000000797b00000,0x0000000798000000)
  to   space 5120K, 0% used [0x0000000797600000,0x0000000797600000,0x0000000797b00000)
 ParOldGen       total 87552K, used 48847K [0x0000000740000000, 0x0000000745580000, 0x0000000795580000)
  object space 87552K, 55% used [0x0000000740000000,0x0000000742fb3eb8,0x0000000745580000)
 Metaspace       used 11880K, capacity 12326K, committed 12416K, reserved 1060864K
  class space    used 1532K, capacity 1664K, committed 1664K, reserved 1048576K
Event: 2.206 GC heap after
Heap after GC invocations=1 (full 0):
 PSYoungGen      total 38400K, used 5097K [0x0000000795580000, 0x0000000798000000, 0x00000007c0000000)
  eden space 33280K, 0% used [0x0000000795580000,0x0000000795580000,0x0000000797600000)
  from space 5120K, 99% used [0x0000000797600000,0x0000000797afa730,0x0000000797b00000)
  to   space 5120K, 0% used [0x0000000797b00000,0x0000000797b00000,0x0000000798000000)
 ParOldGen       total 87552K, used 51236K [0x0000000740000000, 0x0000000745580000, 0x0000000795580000)
  object space 87552K, 58% used [0x0000000740000000,0x0000000743209030,0x0000000745580000)
 Metaspace       used 11880K, capacity 12326K, committed 12416K, reserved 1060864K
  class space    used 1532K, capacity 1664K, committed 1664K, reserved 1048576K
}
Event: 13.806 GC heap before
{Heap before GC invocations=2 (full 0):
 PSYoungGen      total 38400K, used 38377K [0x0000000795580000, 0x0000000798000000, 0x00000007c0000000)
  eden space 33280K, 100% used [0x0000000795580000,0x0000000797600000,0x0000000797600000)
  from space 5120K, 99% used [0x0000000797600000,0x0000000797afa730,0x0000000797b00000)
  to   space 5120K, 0% used [0x0000000797b00000,0x0000000797b00000,0x0000000798000000)
 ParOldGen       total 87552K, used 51236K [0x0000000740000000, 0x0000000745580000, 0x0000000795580000)
  object space 87552K, 58% used [0x0000000740000000,0x0000000743209030,0x0000000745580000)
 Metaspace       used 19352K, capacity 20262K, committed 20480K, reserved 1067008K
  class space    used 2783K, capacity 3020K, committed 3072K, reserved 1048576K
Event: 13.817 GC heap after
Heap after GC invocations=2 (full 0):
 PSYoungGen      total 38400K, used 5105K [0x0000000795580000, 0x0000000798000000, 0x00000007c0000000)
  eden space 33280K, 0% used [0x0000000795580000,0x0000000795580000,0x0000000797600000)
  from space 5120K, 99% used [0x0000000797b00000,0x0000000797ffc570,0x0000000798000000)
  to   space 5120K, 0% used [0x0000000797600000,0x0000000797600000,0x0000000797b00000)
 ParOldGen       total 87552K, used 57809K [0x0000000740000000, 0x0000000745580000, 0x0000000795580000)
  object space 87552K, 66% used [0x0000000740000000,0x0000000743874468,0x0000000745580000)
 Metaspace       used 19352K, capacity 20262K, committed 20480K, reserved 1067008K
  class space    used 2783K, capacity 3020K, committed 3072K, reserved 1048576K
}
Event: 13.875 GC heap before
{Heap before GC invocations=3 (full 0):
 PSYoungGen      total 38400K, used 9012K [0x0000000795580000, 0x0000000798000000, 0x00000007c0000000)
  eden space 33280K, 11% used [0x0000000795580000,0x0000000795950c30,0x0000000797600000)
  from space 5120K, 99% used [0x0000000797b00000,0x0000000797ffc570,0x0000000798000000)
  to   space 5120K, 0% used [0x0000000797600000,0x0000000797600000,0x0000000797b00000)
 ParOldGen       total 87552K, used 57809K [0x0000000740000000, 0x0000000745580000, 0x0000000795580000)
  object space 87552K, 66% used [0x0000000740000000,0x0000000743874468,0x0000000745580000)
 Metaspace       used 20366K, capacity 21222K, committed 21296K, reserved 1067008K
  class space    used 2872K, capacity 3084K, committed 3120K, reserved 1048576K
Event: 13.881 GC heap after
Heap after GC invocations=3 (full 0):
 PSYoungGen      total 38400K, used 5117K [0x0000000795580000, 0x000000079a080000, 0x00000007c0000000)
  eden space 33280K, 0% used [0x0000000795580000,0x0000000795580000,0x0000000797600000)
  from space 5120K, 99% used [0x0000000797600000,0x0000000797aff488,0x0000000797b00000)
  to   space 5120K, 0% used [0x0000000799b80000,0x0000000799b80000,0x000000079a080000)
 ParOldGen       total 87552K, used 58442K [0x0000000740000000, 0x0000000745580000, 0x0000000795580000)
  object space 87552K, 66% used [0x0000000740000000,0x0000000743912a08,0x0000000745580000)
 Metaspace       used 20366K, capacity 21222K, committed 21296K, reserved 1067008K
  class space    used 2872K, capacity 3084K, committed 3120K, reserved 1048576K
}
Event: 13.881 GC heap before
{Heap before GC invocations=4 (full 1):
 PSYoungGen      total 38400K, used 5117K [0x0000000795580000, 0x000000079a080000, 0x00000007c0000000)
  eden space 33280K, 0% used [0x0000000795580000,0x0000000795580000,0x0000000797600000)
  from space 5120K, 99% used [0x0000000797600000,0x0000000797aff488,0x0000000797b00000)
  to   space 5120K, 0% used [0x0000000799b80000,0x0000000799b80000,0x000000079a080000)
 ParOldGen       total 87552K, used 58442K [0x0000000740000000, 0x0000000745580000, 0x0000000795580000)
  object space 87552K, 66% used [0x0000000740000000,0x0000000743912a08,0x0000000745580000)
 Metaspace       used 20366K, capacity 21222K, committed 21296K, reserved 1067008K
  class space    used 2872K, capacity 3084K, committed 3120K, reserved 1048576K
Event: 13.918 GC heap after
Heap after GC invocations=4 (full 1):
 PSYoungGen      total 38400K, used 0K [0x0000000795580000, 0x000000079a080000, 0x00000007c0000000)
  eden space 33280K, 0% used [0x0000000795580000,0x0000000795580000,0x0000000797600000)
  from space 5120K, 0% used [0x0000000797600000,0x0000000797600000,0x0000000797b00000)
  to   space 5120K, 0% used [0x0000000799b80000,0x0000000799b80000,0x000000079a080000)
 ParOldGen       total 107520K, used 57184K [0x0000000740000000, 0x0000000746900000, 0x0000000795580000)
  object space 107520K, 53% used [0x0000000740000000,0x00000007437d8288,0x0000000746900000)
 Metaspace       used 20366K, capacity 21222K, committed 21296K, reserved 1067008K
  class space    used 2872K, capacity 3084K, committed 3120K, reserved 1048576K
}
Event: 14.654 GC heap before
{Heap before GC invocations=5 (full 1):
 PSYoungGen      total 38400K, used 33280K [0x0000000795580000, 0x000000079a080000, 0x00000007c0000000)
  eden space 33280K, 100% used [0x0000000795580000,0x0000000797600000,0x0000000797600000)
  from space 5120K, 0% used [0x0000000797600000,0x0000000797600000,0x0000000797b00000)
  to   space 5120K, 0% used [0x0000000799b80000,0x0000000799b80000,0x000000079a080000)
 ParOldGen       total 107520K, used 57184K [0x0000000740000000, 0x0000000746900000, 0x0000000795580000)
  object space 107520K, 53% used [0x0000000740000000,0x00000007437d8288,0x0000000746900000)
 Metaspace       used 26990K, capacity 28274K, committed 28336K, reserved 1073152K
  class space    used 3714K, capacity 3958K, committed 4016K, reserved 1048576K
Event: 14.661 GC heap after
Heap after GC invocations=5 (full 1):
 PSYoungGen      total 68608K, used 5092K [0x0000000795580000, 0x000000079a080000, 0x00000007c0000000)
  eden space 63488K, 0% used [0x0000000795580000,0x0000000795580000,0x0000000799380000)
  from space 5120K, 99% used [0x0000000799b80000,0x000000079a0793a0,0x000000079a080000)
  to   space 5120K, 0% used [0x0000000799680000,0x0000000799680000,0x0000000799b80000)
 ParOldGen       total 107520K, used 58041K [0x0000000740000000, 0x0000000746900000, 0x0000000795580000)
  object space 107520K, 53% used [0x0000000740000000,0x00000007438ae6d8,0x0000000746900000)
 Metaspace       used 26990K, capacity 28274K, committed 28336K, reserved 1073152K
  class space    used 3714K, capacity 3958K, committed 4016K, reserved 1048576K
}

Deoptimization events (10 events):
Event: 18.614 Thread 0x00007fcc16989800 Uncommon trap: reason=array_check action=maybe_recompile pc=0x000000010e3c6168 method=com.sun.javafx.css.CompoundSelector.applies(Ljavafx/css/Styleable;[Ljava/util/Set;I)Z @ 128
Event: 18.614 Thread 0x00007fcc16989800 Uncommon trap: reason=array_check action=maybe_recompile pc=0x000000010e3c6168 method=com.sun.javafx.css.CompoundSelector.applies(Ljavafx/css/Styleable;[Ljava/util/Set;I)Z @ 128
Event: 18.675 Thread 0x00007fcc17963800 Uncommon trap: reason=unstable_if action=reinterpret pc=0x000000010e432cb8 method=com.sun.prism.impl.BaseGraphics.validateTransformAndPaint()V @ 20
Event: 19.407 Thread 0x00007fcc16989800 Uncommon trap: reason=predicate action=maybe_recompile pc=0x000000010e544d4c method=java.util.ArrayList.remove(Ljava/lang/Object;)Z @ 49
Event: 19.415 Thread 0x00007fcc16989800 Uncommon trap: reason=class_check action=maybe_recompile pc=0x000000010dcebb90 method=java.io.FilterInputStream.read()I @ 4
Event: 19.415 Thread 0x00007fcc16989800 Uncommon trap: reason=class_check action=maybe_recompile pc=0x000000010dcebb90 method=java.io.FilterInputStream.read()I @ 4
Event: 19.415 Thread 0x00007fcc16989800 Uncommon trap: reason=class_check action=maybe_recompile pc=0x000000010dcebb90 method=java.io.FilterInputStream.read()I @ 4
Event: 19.415 Thread 0x00007fcc16989800 Uncommon trap: reason=class_check action=maybe_recompile pc=0x000000010dcebb90 method=java.io.FilterInputStream.read()I @ 4
Event: 19.470 Thread 0x00007fcc16989800 Uncommon trap: reason=unstable_if action=reinterpret pc=0x000000010e539a38 method=javafx.scene.Node.updateBounds()V @ 37
Event: 19.470 Thread 0x00007fcc16989800 Uncommon trap: reason=unstable_if action=reinterpret pc=0x000000010e37401c method=javafx.scene.Node.updateBounds()V @ 37

Classes redefined (0 events):
No events

Internal exceptions (10 events):
Event: 0.293 Thread 0x00007fcc1700a800 Exception <a 'java/security/PrivilegedActionException'> (0x0000000795a6ec78) thrown at [/Users/tester/jenkins/workspace/zulu8-build-macosx/zulu-src/hotspot/src/share/vm/prims/jvm.cpp, line 1529]
Event: 0.293 Thread 0x00007fcc1700a800 Exception <a 'java/security/PrivilegedActionException'> (0x0000000795a71d60) thrown at [/Users/tester/jenkins/workspace/zulu8-build-macosx/zulu-src/hotspot/src/share/vm/prims/jvm.cpp, line 1529]
Event: 0.293 Thread 0x00007fcc1700a800 Exception <a 'java/security/PrivilegedActionException'> (0x0000000795a71f70) thrown at [/Users/tester/jenkins/workspace/zulu8-build-macosx/zulu-src/hotspot/src/share/vm/prims/jvm.cpp, line 1529]
Event: 0.294 Thread 0x00007fcc1700a800 Exception <a 'java/lang/NullPointerException'> (0x0000000795a72978) thrown at [/Users/tester/jenkins/workspace/zulu8-build-macosx/zulu-src/hotspot/src/share/vm/interpreter/linkResolver.cpp, line 1185]
Event: 1.039 Thread 0x00007fcc16989800 Exception <a 'java/lang/NullPointerException'> (0x0000000796b49a48) thrown at [/Users/tester/jenkins/workspace/zulu8-build-macosx/zulu-src/hotspot/src/share/vm/interpreter/linkResolver.cpp, line 1185]
Event: 1.039 Thread 0x00007fcc16989800 Exception <a 'java/lang/NullPointerException'> (0x0000000796b49a48) thrown at [/Users/tester/jenkins/workspace/zulu8-build-macosx/zulu-src/hotspot/src/share/vm/prims/jvm.cpp, line 1533]
Event: 1.202 Thread 0x00007fcc16989800 Exception <a 'java/io/FileNotFoundException'> (0x0000000796e79bb8) thrown at [/Users/tester/jenkins/workspace/zulu8-build-macosx/zulu-src/hotspot/src/share/vm/prims/jni.cpp, line 711]
Event: 12.842 Thread 0x00007fcc16989800 Exception <a 'java/io/FileNotFoundException'> (0x0000000796fb6548) thrown at [/Users/tester/jenkins/workspace/zulu8-build-macosx/zulu-src/hotspot/src/share/vm/prims/jni.cpp, line 711]
Event: 12.849 Thread 0x00007fcc16989800 Exception <a 'java/io/FileNotFoundException'> (0x0000000796ff5178) thrown at [/Users/tester/jenkins/workspace/zulu8-build-macosx/zulu-src/hotspot/src/share/vm/prims/jni.cpp, line 711]
Event: 13.797 Thread 0x00007fcc16989800 Implicit null exception at 0x000000010db78235 to 0x000000010db785f1

Events (10 events):
Event: 19.425 loading class java/util/TreeSet done
Event: 19.462 loading class com/sun/javafx/scene/traversal/ContainerTabOrder$1
Event: 19.462 loading class com/sun/javafx/scene/traversal/ContainerTabOrder$1 done
Event: 19.470 Thread 0x00007fcc16989800 Uncommon trap: trap_request=0xffffff65 fr.pc=0x000000010e539a38
Event: 19.470 Thread 0x00007fcc16989800 DEOPT PACKING pc=0x000000010e539a38 sp=0x00007ff7be0f0d20
Event: 19.470 Thread 0x00007fcc16989800 DEOPT UNPACKING pc=0x000000010d93c57a sp=0x00007ff7be0f0cf8 mode 2
Event: 19.470 Thread 0x00007fcc16989800 Uncommon trap: trap_request=0xffffff65 fr.pc=0x000000010e37401c
Event: 19.470 Thread 0x00007fcc16989800 DEOPT PACKING pc=0x000000010e37401c sp=0x00007ff7be0f0e30
Event: 19.470 Thread 0x00007fcc16989800 DEOPT UNPACKING pc=0x000000010d93c57a sp=0x00007ff7be0f0e10 mode 2
Event: 19.475 Executing VM operation: RevokeBias


Dynamic libraries:
0x00007ff81f88e000 	/System/Library/Frameworks/Cocoa.framework/Versions/A/Cocoa
0x00007ff80b6ff000 	/System/Library/Frameworks/AppKit.framework/Versions/C/AppKit
0x00007ff80ebfb000 	/System/Library/Frameworks/CoreData.framework/Versions/A/CoreData
0x00007ff809b16000 	/System/Library/Frameworks/Foundation.framework/Versions/C/Foundation
0x00007ff8139c3000 	/usr/lib/libSystem.B.dylib
0x00007ff80c591000 	/System/Library/PrivateFrameworks/UIFoundation.framework/Versions/A/UIFoundation
0x00007ff81983a000 	/System/Library/PrivateFrameworks/RemoteViewServices.framework/Versions/A/RemoteViewServices
0x00007ff811c25000 	/System/Library/PrivateFrameworks/XCTTargetBootstrap.framework/Versions/A/XCTTargetBootstrap
0x00007ff8157d3000 	/System/Library/PrivateFrameworks/InternationalSupport.framework/Versions/A/InternationalSupport
0x00007ff81585d000 	/System/Library/PrivateFrameworks/UserActivity.framework/Versions/A/UserActivity
0x00007ff814bb3000 	/usr/lib/libspindump.dylib
0x00007ff80c81f000 	/System/Library/Frameworks/UniformTypeIdentifiers.framework/Versions/A/UniformTypeIdentifiers
0x00007ff81035e000 	/usr/lib/libapp_launch_measurement.dylib
0x00007ff80f5c7000 	/System/Library/PrivateFrameworks/CoreAnalytics.framework/Versions/A/CoreAnalytics
0x00007ff810361000 	/System/Library/PrivateFrameworks/CoreAutoLayout.framework/Versions/A/CoreAutoLayout
0x00007ff811581000 	/System/Library/Frameworks/Metal.framework/Versions/A/Metal
0x00007ff81229b000 	/usr/lib/liblangid.dylib
0x00007ff811c29000 	/System/Library/PrivateFrameworks/CoreSVG.framework/Versions/A/CoreSVG
0x00007ff80dbe6000 	/System/Library/PrivateFrameworks/SkyLight.framework/Versions/A/SkyLight
0x00007ff80df7c000 	/System/Library/Frameworks/CoreGraphics.framework/Versions/A/CoreGraphics
0x00007ff819ea9000 	/System/Library/Frameworks/Accelerate.framework/Versions/A/Accelerate
0x00007ff81462e000 	/System/Library/PrivateFrameworks/IconServices.framework/Versions/A/IconServices
0x00007ff811566000 	/System/Library/Frameworks/IOSurface.framework/Versions/A/IOSurface
0x00007ff80f5f5000 	/usr/lib/libDiagnosticMessagesClient.dylib
0x00007ff8138e3000 	/usr/lib/libz.1.dylib
0x00007ff81d51a000 	/System/Library/Frameworks/ApplicationServices.framework/Versions/A/ApplicationServices
0x00007ff811c11000 	/System/Library/PrivateFrameworks/DFRFoundation.framework/Versions/A/DFRFoundation
0x00007ff80aff0000 	/usr/lib/libicucore.A.dylib
0x00007ff8164f8000 	/System/Library/Frameworks/AudioToolbox.framework/Versions/A/AudioToolbox
0x00007ff8157df000 	/System/Library/PrivateFrameworks/DataDetectorsCore.framework/Versions/A/DataDetectorsCore
0x00007ff911137000 	/System/Library/PrivateFrameworks/TextInput.framework/Versions/A/TextInput
0x00007ff80db6a000 	/usr/lib/libMobileGestalt.dylib
0x00007ff811919000 	/System/Library/Frameworks/Carbon.framework/Versions/A/Frameworks/HIToolbox.framework/Versions/A/HIToolbox
0x00007ff80fd8b000 	/System/Library/Frameworks/QuartzCore.framework/Versions/A/QuartzCore
0x00007ff80ac90000 	/System/Library/Frameworks/Security.framework/Versions/A/Security
0x00007ff819872000 	/System/Library/Frameworks/Carbon.framework/Versions/A/Frameworks/SpeechRecognition.framework/Versions/A/SpeechRecognition
0x00007ff8100be000 	/System/Library/PrivateFrameworks/CoreUI.framework/Versions/A/CoreUI
0x00007ff80a568000 	/System/Library/Frameworks/CoreAudio.framework/Versions/A/CoreAudio
0x00007ff80f6e3000 	/System/Library/Frameworks/DiskArbitration.framework/Versions/A/DiskArbitration
0x00007ff814f9a000 	/System/Library/PrivateFrameworks/MultitouchSupport.framework/Versions/A/MultitouchSupport
0x00007ff80db69000 	/usr/lib/libenergytrace.dylib
0x00007ff80b5eb000 	/System/Library/Frameworks/IOKit.framework/Versions/A/IOKit
0x00007ff819c5e000 	/System/Library/Frameworks/CoreServices.framework/Versions/A/CoreServices
0x00007ff8102f8000 	/System/Library/PrivateFrameworks/PerformanceAnalysis.framework/Versions/A/PerformanceAnalysis
0x00007ffa20907000 	/System/Library/Frameworks/OpenGL.framework/Versions/A/OpenGL
0x00007ff812f10000 	/System/Library/PrivateFrameworks/MobileKeyBag.framework/Versions/A/MobileKeyBag
0x00007ff808ad7000 	/usr/lib/libobjc.A.dylib
0x00007ff80e648000 	/System/Library/Frameworks/ColorSync.framework/Versions/A/ColorSync
0x00007ff808c90000 	/System/Library/Frameworks/CoreFoundation.framework/Versions/A/CoreFoundation
0x00007ff811ea2000 	/System/Library/Frameworks/CoreImage.framework/Versions/A/CoreImage
0x00007ff80a37e000 	/System/Library/Frameworks/CoreText.framework/Versions/A/CoreText
0x00007ff811c58000 	/System/Library/Frameworks/ImageIO.framework/Versions/A/ImageIO
0x00007ff8139c9000 	/System/Library/PrivateFrameworks/SoftLinking.framework/Versions/A/SoftLinking
0x00007ff8103a9000 	/usr/lib/libxml2.2.dylib
0x00007ff808b9d000 	/usr/lib/libc++.1.dylib
0x00007ff813c4d000 	/usr/lib/libcompression.dylib
0x00007ff815709000 	/System/Library/PrivateFrameworks/TextureIO.framework/Versions/A/TextureIO
0x00007ff814340000 	/usr/lib/libate.dylib
0x00007ff8139be000 	/usr/lib/system/libcache.dylib
0x00007ff81397a000 	/usr/lib/system/libcommonCrypto.dylib
0x00007ff8139a3000 	/usr/lib/system/libcompiler_rt.dylib
0x00007ff813999000 	/usr/lib/system/libcopyfile.dylib
0x00007ff8089d1000 	/usr/lib/system/libcorecrypto.dylib
0x00007ff808a90000 	/usr/lib/system/libdispatch.dylib
0x00007ff808c4f000 	/usr/lib/system/libdyld.dylib
0x00007ff8139b5000 	/usr/lib/system/libkeymgr.dylib
0x00007ff813958000 	/usr/lib/system/libmacho.dylib
0x00007ff812fe4000 	/usr/lib/system/libquarantine.dylib
0x00007ff8139b3000 	/usr/lib/system/libremovefile.dylib
0x00007ff80dbb6000 	/usr/lib/system/libsystem_asl.dylib
0x00007ff80897f000 	/usr/lib/system/libsystem_blocks.dylib
0x00007ff808b14000 	/usr/lib/system/libsystem_c.dylib
0x00007ff8139ab000 	/usr/lib/system/libsystem_collections.dylib
0x00007ff81228c000 	/usr/lib/system/libsystem_configuration.dylib
0x00007ff811549000 	/usr/lib/system/libsystem_containermanager.dylib
0x00007ff813695000 	/usr/lib/system/libsystem_coreservices.dylib
0x00007ff80b279000 	/usr/lib/system/libsystem_darwin.dylib
0x00007ff8139b6000 	/usr/lib/system/libsystem_dnssd.dylib
0x00007ff808b11000 	/usr/lib/system/libsystem_featureflags.dylib
0x00007ff808c65000 	/usr/lib/system/libsystem_info.dylib
0x00007ff8138f6000 	/usr/lib/system/libsystem_m.dylib
0x00007ff808a64000 	/usr/lib/system/libsystem_malloc.dylib
0x00007ff80db53000 	/usr/lib/system/libsystem_networkextension.dylib
0x00007ff80b6a1000 	/usr/lib/system/libsystem_notify.dylib
0x00007ff819b33000 	/usr/lib/system/libsystem_product_info_filter.dylib
0x00007ff812290000 	/usr/lib/system/libsystem_sandbox.dylib
0x00007ff8139b0000 	/usr/lib/system/libsystem_secinit.dylib
0x00007ff808c0c000 	/usr/lib/system/libsystem_kernel.dylib
0x00007ff808c5b000 	/usr/lib/system/libsystem_platform.dylib
0x00007ff808c43000 	/usr/lib/system/libsystem_pthread.dylib
0x00007ff80f40e000 	/usr/lib/system/libsystem_symptoms.dylib
0x00007ff8089b8000 	/usr/lib/system/libsystem_trace.dylib
0x00007ff813986000 	/usr/lib/system/libunwind.dylib
0x00007ff808981000 	/usr/lib/system/libxpc.dylib
0x00007ff808bf6000 	/usr/lib/libc++abi.dylib
0x00007ff813991000 	/usr/lib/liboah.dylib
0x00007ff81411e000 	/usr/lib/liblzma.5.dylib
0x00007ff809827000 	/System/Library/Frameworks/SystemConfiguration.framework/Versions/A/SystemConfiguration
0x00007ff8139c5000 	/usr/lib/libfakelink.dylib
0x00007ff80d6bc000 	/System/Library/Frameworks/CFNetwork.framework/Versions/A/CFNetwork
0x00007ff813b04000 	/usr/lib/libarchive.2.dylib
0x00007ff812297000 	/System/Library/PrivateFrameworks/AppleSystemInfo.framework/Versions/A/AppleSystemInfo
0x00007ff81300b000 	/usr/lib/libbsm.0.dylib
0x00007ff80ccf2000 	/usr/lib/libnetwork.dylib
0x00007ff81395e000 	/usr/lib/system/libkxld.dylib
0x00007ff812c39000 	/System/Library/PrivateFrameworks/IOMobileFramebuffer.framework/Versions/A/IOMobileFramebuffer
0x00007ffb1e72c000 	/usr/lib/libCoreEntitlements.dylib
0x00007ff813677000 	/System/Library/PrivateFrameworks/AppleFSCompression.framework/Versions/A/AppleFSCompression
0x00007ff812ff3000 	/usr/lib/libcoretls.dylib
0x00007ff814138000 	/usr/lib/libcoretls_cfhelpers.dylib
0x00007ff813c48000 	/usr/lib/libpam.2.dylib
0x00007ff80f030000 	/usr/lib/libsqlite3.dylib
0x00007ff8141a7000 	/usr/lib/libxar.1.dylib
0x00007ff813687000 	/usr/lib/libbz2.1.0.dylib
0x00007ff8139ca000 	/usr/lib/libpcap.A.dylib
0x00007ff80f405000 	/usr/lib/libdns_services.dylib
0x00007ff813c17000 	/usr/lib/libapple_nghttp2.dylib
0x00007ff813a01000 	/usr/lib/libiconv.2.dylib
0x00007ff813957000 	/usr/lib/libcharset.1.dylib
0x00007ff81032c000 	/System/Library/Frameworks/CoreServices.framework/Versions/A/Frameworks/FSEvents.framework/Versions/A/FSEvents
0x00007ff80b283000 	/System/Library/Frameworks/CoreServices.framework/Versions/A/Frameworks/CarbonCore.framework/Versions/A/CarbonCore
0x00007ff80f648000 	/System/Library/Frameworks/CoreServices.framework/Versions/A/Frameworks/Metadata.framework/Versions/A/Metadata
0x00007ff81369a000 	/System/Library/Frameworks/CoreServices.framework/Versions/A/Frameworks/OSServices.framework/Versions/A/OSServices
0x00007ff813b8b000 	/System/Library/Frameworks/CoreServices.framework/Versions/A/Frameworks/SearchKit.framework/Versions/A/SearchKit
0x00007ff80f397000 	/System/Library/Frameworks/CoreServices.framework/Versions/A/Frameworks/AE.framework/Versions/A/AE
0x00007ff809193000 	/System/Library/Frameworks/CoreServices.framework/Versions/A/Frameworks/LaunchServices.framework/Versions/A/LaunchServices
0x00007ff8140cf000 	/System/Library/Frameworks/CoreServices.framework/Versions/A/Frameworks/DictionaryServices.framework/Versions/A/DictionaryServices
0x00007ff810339000 	/System/Library/Frameworks/CoreServices.framework/Versions/A/Frameworks/SharedFileList.framework/Versions/A/SharedFileList
0x00007ff812fe7000 	/usr/lib/libCheckFix.dylib
0x00007ff80dbcd000 	/System/Library/PrivateFrameworks/TCC.framework/Versions/A/TCC
0x00007ff81229d000 	/System/Library/PrivateFrameworks/CoreNLP.framework/Versions/A/CoreNLP
0x00007ff80f5f8000 	/System/Library/PrivateFrameworks/MetadataUtilities.framework/Versions/A/MetadataUtilities
0x00007ff8098d7000 	/usr/lib/libmecabra.dylib
0x00007ff81301b000 	/usr/lib/libmecab.dylib
0x00007ff8098a2000 	/usr/lib/libCRFSuite.dylib
0x00007ff813078000 	/usr/lib/libgermantok.dylib
0x00007ff813bf2000 	/usr/lib/libThaiTokenizer.dylib
0x00007ff80f6ea000 	/System/Library/Frameworks/Accelerate.framework/Versions/A/Frameworks/vImage.framework/Versions/A/vImage
0x00007ff819c35000 	/System/Library/Frameworks/Accelerate.framework/Versions/A/Frameworks/vecLib.framework/Versions/A/vecLib
0x00007ff8141e8000 	/System/Library/Frameworks/Accelerate.framework/Versions/A/Frameworks/vecLib.framework/Versions/A/libvMisc.dylib
0x00007ff812a57000 	/System/Library/Frameworks/Accelerate.framework/Versions/A/Frameworks/vecLib.framework/Versions/A/libvDSP.dylib
0x00007ff80950b000 	/System/Library/Frameworks/Accelerate.framework/Versions/A/Frameworks/vecLib.framework/Versions/A/libBLAS.dylib
0x00007ff813d29000 	/System/Library/Frameworks/Accelerate.framework/Versions/A/Frameworks/vecLib.framework/Versions/A/libLAPACK.dylib
0x00007ff81307b000 	/System/Library/Frameworks/Accelerate.framework/Versions/A/Frameworks/vecLib.framework/Versions/A/libLinearAlgebra.dylib
0x00007ff813c30000 	/System/Library/Frameworks/Accelerate.framework/Versions/A/Frameworks/vecLib.framework/Versions/A/libSparseBLAS.dylib
0x00007ff813d23000 	/System/Library/Frameworks/Accelerate.framework/Versions/A/Frameworks/vecLib.framework/Versions/A/libQuadrature.dylib
0x00007ff812387000 	/System/Library/Frameworks/Accelerate.framework/Versions/A/Frameworks/vecLib.framework/Versions/A/libBNNS.dylib
0x00007ff8097b8000 	/System/Library/Frameworks/Accelerate.framework/Versions/A/Frameworks/vecLib.framework/Versions/A/libSparse.dylib
0x00007ff812380000 	/System/Library/PrivateFrameworks/LinguisticData.framework/Versions/A/LinguisticData
0x00007ff80976d000 	/System/Library/PrivateFrameworks/Lexicon.framework/Versions/A/Lexicon
0x00007ff8141e1000 	/usr/lib/libChineseTokenizer.dylib
0x00007ff809ed1000 	/System/Library/PrivateFrameworks/LanguageModeling.framework/Versions/A/LanguageModeling
0x00007ff813bf4000 	/System/Library/PrivateFrameworks/AppleSauce.framework/Versions/A/AppleSauce
0x00007ff812c27000 	/System/Library/PrivateFrameworks/CoreEmoji.framework/Versions/A/CoreEmoji
0x00007ff813af3000 	/usr/lib/libcmph.dylib
0x00007ff810310000 	/System/Library/Frameworks/OpenDirectory.framework/Versions/A/Frameworks/CFOpenDirectory.framework/Versions/A/CFOpenDirectory
0x00007ff810304000 	/System/Library/Frameworks/OpenDirectory.framework/Versions/A/OpenDirectory
0x00007ff81413a000 	/System/Library/PrivateFrameworks/APFS.framework/Versions/A/APFS
0x00007ff812f48000 	/System/Library/Frameworks/SecurityFoundation.framework/Versions/A/SecurityFoundation
0x00007ff8141b5000 	/usr/lib/libutil.dylib
0x00007ff80b5ae000 	/System/Library/PrivateFrameworks/CoreServicesStore.framework/Versions/A/CoreServicesStore
0x00007ff8141b9000 	/usr/lib/libxslt.1.dylib
0x00007ff812fd5000 	/System/Library/PrivateFrameworks/BackgroundTaskManagement.framework/Versions/A/BackgroundTaskManagement
0x00007ff815629000 	/System/Library/Frameworks/ImageIO.framework/Versions/A/Resources/libRadiance.dylib
0x00007ff815632000 	/System/Library/Frameworks/ImageIO.framework/Versions/A/Resources/libJPEG.dylib
0x00007ff815582000 	/System/Library/Frameworks/ImageIO.framework/Versions/A/Resources/libPng.dylib
0x00007ff8155a3000 	/System/Library/Frameworks/ImageIO.framework/Versions/A/Resources/libTIFF.dylib
0x00007ff815692000 	/System/Library/Frameworks/ImageIO.framework/Versions/A/Resources/libGIF.dylib
0x00007ff814eb3000 	/System/Library/Frameworks/ImageIO.framework/Versions/A/Resources/libJP2.dylib
0x00007ff8145f5000 	/usr/lib/libexpat.1.dylib
0x00007ff814e68000 	/System/Library/PrivateFrameworks/AppleJPEG.framework/Versions/A/AppleJPEG
0x00007ff8117dc000 	/System/Library/PrivateFrameworks/FontServices.framework/libFontParser.dylib
0x00007ff80f341000 	/System/Library/PrivateFrameworks/RunningBoardServices.framework/Versions/A/RunningBoardServices
0x00007ff81fe0a000 	/System/Library/PrivateFrameworks/IOSurfaceAccelerator.framework/Versions/A/IOSurfaceAccelerator
0x00007ff814f96000 	/System/Library/PrivateFrameworks/WatchdogClient.framework/Versions/A/WatchdogClient
0x00007ff809fc0000 	/System/Library/Frameworks/CoreDisplay.framework/Versions/A/CoreDisplay
0x00007ff8116db000 	/System/Library/Frameworks/CoreMedia.framework/Versions/A/CoreMedia
0x00007ff811578000 	/System/Library/PrivateFrameworks/IOAccelerator.framework/Versions/A/IOAccelerator
0x00007ff81048c000 	/System/Library/Frameworks/CoreVideo.framework/Versions/A/CoreVideo
0x00007ff813c46000 	/System/Library/Frameworks/MetalPerformanceShaders.framework/Versions/A/MetalPerformanceShaders
0x00007ff814fd1000 	/System/Library/Frameworks/VideoToolbox.framework/Versions/A/VideoToolbox
0x00007ff80f289000 	/System/Library/PrivateFrameworks/BaseBoard.framework/Versions/A/BaseBoard
0x00007ff80f016000 	/System/Library/PrivateFrameworks/ProtocolBuffer.framework/Versions/A/ProtocolBuffer
0x00007ff815622000 	/System/Library/PrivateFrameworks/GPUWrangler.framework/Versions/A/GPUWrangler
0x00007ff815605000 	/System/Library/PrivateFrameworks/IOPresentment.framework/Versions/A/IOPresentment
0x00007ff81562c000 	/System/Library/PrivateFrameworks/DSExternalDisplay.framework/Versions/A/DSExternalDisplay
0x00007ffa208fb000 	/System/Library/Frameworks/OpenGL.framework/Versions/A/Libraries/libCoreFSCache.dylib
0x00007ffb0c99c000 	/System/Library/PrivateFrameworks/GPUCompiler.framework/Versions/31001/Libraries/libGPUCompilerUtils.dylib
0x00007ff815697000 	/System/Library/PrivateFrameworks/CMCaptureCore.framework/Versions/A/CMCaptureCore
0x00007ff814ba1000 	/System/Library/PrivateFrameworks/AppServerSupport.framework/Versions/A/AppServerSupport
0x00007ff816d7e000 	/System/Library/PrivateFrameworks/perfdata.framework/Versions/A/perfdata
0x00007ff80a0ec000 	/System/Library/PrivateFrameworks/AudioToolboxCore.framework/Versions/A/AudioToolboxCore
0x00007ff8116b8000 	/System/Library/PrivateFrameworks/caulk.framework/Versions/A/caulk
0x00007ff8166a2000 	/usr/lib/libAudioStatistics.dylib
0x00007ff90d9c5000 	/System/Library/PrivateFrameworks/SystemPolicy.framework/Versions/A/SystemPolicy
0x00007ff8168f7000 	/usr/lib/libSMC.dylib
0x00007ff81f741000 	/System/Library/Frameworks/CoreMIDI.framework/Versions/A/CoreMIDI
0x00007ff815552000 	/usr/lib/libAudioToolboxUtility.dylib
0x00007ff909dd7000 	/System/Library/PrivateFrameworks/OSAServicesClient.framework/Versions/A/OSAServicesClient
0x00007ff816d8b000 	/usr/lib/libperfcheck.dylib
0x00007ff90e457000 	/usr/lib/libmis.dylib
0x00007ffa20957000 	/System/Library/Frameworks/OpenGL.framework/Versions/A/Libraries/libGLU.dylib
0x00007ffa2091a000 	/System/Library/Frameworks/OpenGL.framework/Versions/A/Libraries/libGFXShared.dylib
0x00007ffa20b28000 	/System/Library/Frameworks/OpenGL.framework/Versions/A/Libraries/libGL.dylib
0x00007ffa20923000 	/System/Library/Frameworks/OpenGL.framework/Versions/A/Libraries/libGLImage.dylib
0x00007ffa20917000 	/System/Library/Frameworks/OpenGL.framework/Versions/A/Libraries/libCVMSPluginSupport.dylib
0x00007ffa20902000 	/System/Library/Frameworks/OpenGL.framework/Versions/A/Libraries/libCoreVMClient.dylib
0x00007ff81221b000 	/System/Library/Frameworks/MetalPerformanceShaders.framework/Versions/A/Frameworks/MPSCore.framework/Versions/A/MPSCore
0x00007ff8135e2000 	/System/Library/Frameworks/MetalPerformanceShaders.framework/Versions/A/Frameworks/MPSImage.framework/Versions/A/MPSImage
0x00007ff813091000 	/System/Library/Frameworks/MetalPerformanceShaders.framework/Versions/A/Frameworks/MPSNeuralNetwork.framework/Versions/A/MPSNeuralNetwork
0x00007ff813506000 	/System/Library/Frameworks/MetalPerformanceShaders.framework/Versions/A/Frameworks/MPSMatrix.framework/Versions/A/MPSMatrix
0x00007ff8132c2000 	/System/Library/Frameworks/MetalPerformanceShaders.framework/Versions/A/Frameworks/MPSRayIntersector.framework/Versions/A/MPSRayIntersector
0x00007ff81353f000 	/System/Library/Frameworks/MetalPerformanceShaders.framework/Versions/A/Frameworks/MPSNDArray.framework/Versions/A/MPSNDArray
0x00007ffa2551c000 	/System/Library/Frameworks/MetalPerformanceShaders.framework/Versions/A/Frameworks/MPSFunctions.framework/Versions/A/MPSFunctions
0x00007ff8093ee000 	/System/Library/PrivateFrameworks/MetalTools.framework/Versions/A/MetalTools
0x00007ff812295000 	/System/Library/PrivateFrameworks/AggregateDictionary.framework/Versions/A/AggregateDictionary
0x00007ff8143d7000 	/usr/lib/libIOReport.dylib
0x00007ffa21f37000 	/System/Library/Frameworks/OpenCL.framework/Versions/A/OpenCL
0x00007ff81473b000 	/System/Library/PrivateFrameworks/FaceCore.framework/Versions/A/FaceCore
0x00007ff81472c000 	/System/Library/PrivateFrameworks/GraphVisualizer.framework/Versions/A/GraphVisualizer
0x00007ffb0c8a7000 	/System/Library/PrivateFrameworks/FontServices.framework/Versions/A/FontServices
0x00007ff814b58000 	/System/Library/PrivateFrameworks/OTSVG.framework/Versions/A/OTSVG
0x00007ff810074000 	/System/Library/Frameworks/ApplicationServices.framework/Versions/A/Frameworks/ATS.framework/Versions/A/Resources/libFontRegistry.dylib
0x00007ff814ba9000 	/System/Library/PrivateFrameworks/FontServices.framework/libhvf.dylib
0x00007ffb0c8a8000 	/System/Library/PrivateFrameworks/FontServices.framework/libXTFontStaticRegistryData.dylib
0x00007ff8145a5000 	/System/Library/PrivateFrameworks/AppleVA.framework/Versions/A/AppleVA
0x00007ff8166c6000 	/System/Library/Frameworks/ApplicationServices.framework/Versions/A/Frameworks/ATS.framework/Versions/A/ATS
0x00007ff80e744000 	/System/Library/Frameworks/ApplicationServices.framework/Versions/A/Frameworks/HIServices.framework/Versions/A/HIServices
0x00007ff8156a1000 	/System/Library/Frameworks/ApplicationServices.framework/Versions/A/Frameworks/PrintCore.framework/Versions/A/PrintCore
0x00007ff816a4a000 	/System/Library/Frameworks/ApplicationServices.framework/Versions/A/Frameworks/QD.framework/Versions/A/QD
0x00007ff816a42000 	/System/Library/Frameworks/ApplicationServices.framework/Versions/A/Frameworks/ColorSyncLegacy.framework/Versions/A/ColorSyncLegacy
0x00007ff8166b6000 	/System/Library/Frameworks/ApplicationServices.framework/Versions/A/Frameworks/SpeechSynthesis.framework/Versions/A/SpeechSynthesis
0x00007ff815662000 	/System/Library/Frameworks/ApplicationServices.framework/Versions/A/Frameworks/ATSUI.framework/Versions/A/ATSUI
0x00007ff8169d7000 	/usr/lib/libcups.2.dylib
0x00007ff816d9a000 	/System/Library/Frameworks/Kerberos.framework/Versions/A/Kerberos
0x00007ff816da9000 	/System/Library/Frameworks/GSS.framework/Versions/A/GSS
0x00007ff816732000 	/usr/lib/libresolv.9.dylib
0x00007ff814bb8000 	/System/Library/PrivateFrameworks/Heimdal.framework/Versions/A/Heimdal
0x00007ff81d897000 	/System/Library/Frameworks/Kerberos.framework/Versions/A/Libraries/libHeimdalProxy.dylib
0x00007ff80f416000 	/System/Library/Frameworks/Network.framework/Versions/A/Network
0x00007ff81460f000 	/usr/lib/libheimdal-asn1.dylib
0x00007ff816df5000 	/System/Library/PrivateFrameworks/CommonAuth.framework/Versions/A/CommonAuth
0x00007ff816633000 	/System/Library/PrivateFrameworks/AudioSession.framework/Versions/A/AudioSession
0x00007ff81469f000 	/System/Library/PrivateFrameworks/MediaExperience.framework/Versions/A/MediaExperience
0x00007ff8164c7000 	/System/Library/PrivateFrameworks/AudioSession.framework/libSessionUtility.dylib
0x00007ff816a56000 	/System/Library/PrivateFrameworks/AudioResourceArbitration.framework/Versions/A/AudioResourceArbitration
0x00007ff81aa48000 	/System/Library/PrivateFrameworks/PowerLog.framework/Versions/A/PowerLog
0x00007ff814618000 	/System/Library/PrivateFrameworks/IconFoundation.framework/Versions/A/IconFoundation
0x00007ff819862000 	/System/Library/PrivateFrameworks/SpeechRecognitionCore.framework/Versions/A/SpeechRecognitionCore
0x0000000102d42000 	/Library/Java/JavaVirtualMachines/zulu-8.jdk/Contents/Home/jre/lib/server/libjvm.dylib
0x0000000101f52000 	/Library/Java/JavaVirtualMachines/zulu-8.jdk/Contents/Home/jre/lib/libverify.dylib
0x0000000101fa6000 	/Library/Java/JavaVirtualMachines/zulu-8.jdk/Contents/Home/jre/lib/libjava.dylib
0x0000000101fe9000 	/Library/Java/JavaVirtualMachines/zulu-8.jdk/Contents/Home/jre/lib/libinstrument.dylib
0x000000010201d000 	/Library/Java/JavaVirtualMachines/zulu-8.jdk/Contents/Home/jre/lib/libzip.dylib
0x000000010a454000 	/Library/Java/JavaVirtualMachines/zulu-8.jdk/Contents/Home/jre/lib/libnio.dylib
0x000000010a48c000 	/Library/Java/JavaVirtualMachines/zulu-8.jdk/Contents/Home/jre/lib/libnet.dylib
0x000000010a46c000 	/Library/Java/JavaVirtualMachines/zulu-8.jdk/Contents/Home/jre/lib/libprism_es2.dylib
0x00007ff80b56f000 	/System/Library/PrivateFrameworks/CoreServicesInternal.framework/Versions/A/CoreServicesInternal
0x00007ffa20b33000 	/System/Library/Frameworks/OpenGL.framework/Versions/A/Resources/GLEngine.bundle/GLEngine
0x00007ffa20995000 	/System/Library/Frameworks/OpenGL.framework/Versions/A/Libraries/libGLProgrammability.dylib
0x00007ffa17763000 	/System/Library/Extensions/AppleIntelSKLGraphicsGLDriver.bundle/Contents/MacOS/AppleIntelSKLGraphicsGLDriver
0x00007ff91833b000 	/System/Library/PrivateFrameworks/GPUSupport.framework/Versions/A/Libraries/libGPUSupportMercury.dylib
0x00007ffa20cc2000 	/System/Library/Frameworks/OpenGL.framework/Versions/A/Resources/GLRendererFloat.bundle/GLRendererFloat
0x000000010b058000 	/Library/Java/JavaVirtualMachines/zulu-8.jdk/Contents/Home/jre/lib/libglass.dylib
0x00007ff81b039000 	/System/Library/Frameworks/FileProvider.framework/Versions/A/FileProvider
0x00007ff80f1f5000 	/System/Library/Frameworks/Accounts.framework/Versions/A/Accounts
0x00007ff81b1b1000 	/System/Library/PrivateFrameworks/GenerationalStorage.framework/Versions/A/GenerationalStorage
0x00007ff81bcc3000 	/System/Library/PrivateFrameworks/CoreSymbolication.framework/Versions/A/CoreSymbolication
0x00007ff81aa3d000 	/System/Library/PrivateFrameworks/SymptomDiagnosticReporter.framework/Versions/A/SymptomDiagnosticReporter
0x00007ff80c833000 	/System/Library/PrivateFrameworks/DesktopServicesPriv.framework/Versions/A/DesktopServicesPriv
0x00007ff80b6b0000 	/usr/lib/libsandbox.1.dylib
0x00007ff81050b000 	/System/Library/PrivateFrameworks/UserManagement.framework/Versions/A/UserManagement
0x00007ff81bc88000 	/System/Library/PrivateFrameworks/DebugSymbols.framework/Versions/A/DebugSymbols
0x00007ff816a37000 	/System/Library/PrivateFrameworks/NetAuth.framework/Versions/A/NetAuth
0x00007ff817926000 	/System/Library/PrivateFrameworks/Sharing.framework/Versions/A/Sharing
0x00007ff8104de000 	/System/Library/PrivateFrameworks/login.framework/Versions/A/Frameworks/loginsupport.framework/Versions/A/loginsupport
0x00007ff81cdc9000 	/System/Library/PrivateFrameworks/Apple80211.framework/Versions/A/Apple80211
0x00007ff8136c7000 	/System/Library/PrivateFrameworks/AuthKit.framework/Versions/A/AuthKit
0x00007ff812d1d000 	/System/Library/PrivateFrameworks/CoreUtils.framework/Versions/A/CoreUtils
0x00007ff812c44000 	/System/Library/Frameworks/CoreWLAN.framework/Versions/A/CoreWLAN
0x00007ff817a81000 	/System/Library/Frameworks/IOBluetooth.framework/Versions/A/IOBluetooth
0x00007ff81ce31000 	/System/Library/PrivateFrameworks/CoreWiFi.framework/Versions/A/CoreWiFi
0x00007ff81b85d000 	/System/Library/PrivateFrameworks/FrontBoardServices.framework/Versions/A/FrontBoardServices
0x00007ff81b8ef000 	/System/Library/PrivateFrameworks/BoardServices.framework/Versions/A/BoardServices
0x00007ff812f37000 	/System/Library/PrivateFrameworks/AssertionServices.framework/Versions/A/AssertionServices
0x00007ff81cfb5000 	/System/Library/PrivateFrameworks/BackBoardServices.framework/Versions/A/BackBoardServices
0x00007ff816e84000 	/System/Library/PrivateFrameworks/CorePhoneNumbers.framework/Versions/A/CorePhoneNumbers
0x00007ff81ab5a000 	/System/Library/PrivateFrameworks/DiskManagement.framework/Versions/A/DiskManagement
0x00007ff81aa6e000 	/System/Library/PrivateFrameworks/AppleIDAuthSupport.framework/Versions/A/AppleIDAuthSupport
0x00007ffa274d5000 	/System/Library/PrivateFrameworks/AAAFoundation.framework/Versions/A/AAAFoundation
0x00007ff816e65000 	/System/Library/PrivateFrameworks/KeychainCircle.framework/Versions/A/KeychainCircle
0x00007ff81ab26000 	/System/Library/PrivateFrameworks/MediaKit.framework/Versions/A/MediaKit
0x00007ff81aa7a000 	/System/Library/Frameworks/DiscRecording.framework/Versions/A/DiscRecording
0x00007ff81451d000 	/usr/lib/libCoreStorage.dylib
0x00007ff81d2a4000 	/usr/lib/libcsfde.dylib
0x00007ff817b4e000 	/System/Library/PrivateFrameworks/ProtectedCloudStorage.framework/Versions/A/ProtectedCloudStorage
0x00007ff81d2a0000 	/System/Library/PrivateFrameworks/EFILogin.framework/Versions/A/EFILogin
0x00007ff81b1d7000 	/System/Library/PrivateFrameworks/OctagonTrust.framework/Versions/A/OctagonTrust
0x00007ffb0bbc9000 	/System/Library/PrivateFrameworks/CoreUtilsExtras.framework/Versions/A/CoreUtilsExtras
0x00007ff81a9b0000 	/System/Library/Frameworks/CoreBluetooth.framework/Versions/A/CoreBluetooth
0x00007ff81d91c000 	/System/Library/Frameworks/AudioUnit.framework/Versions/A/AudioUnit
0x00007ff814515000 	/usr/lib/libMatch.1.dylib
0x00007ff9128bb000 	/System/Library/Frameworks/Accelerate.framework/Versions/A/Frameworks/vImage.framework/Versions/A/Libraries/libCGInterfaces.dylib
0x000000010c529000 	/usr/lib/libobjc-trampolines.dylib
0x00007ff810204000 	/System/Library/PrivateFrameworks/ViewBridge.framework/Versions/A/ViewBridge
0x00007ff814c72000 	/System/Library/PrivateFrameworks/login.framework/Versions/A/login
0x000000011dd50000 	/Library/Java/JavaVirtualMachines/zulu-8.jdk/Contents/Home/jre/lib/libjavafx_iio.dylib
0x000000011dd12000 	/Library/Java/JavaVirtualMachines/zulu-8.jdk/Contents/Home/jre/lib/libjavafx_font.dylib
0x0000000123a6a000 	/Library/Java/JavaVirtualMachines/zulu-8.jdk/Contents/Home/jre/lib/libprism_common.dylib
0x00007ffb1e83e000 	/usr/lib/libRosetta.dylib
0x00007ff819f2d000 	/System/Library/PrivateFrameworks/SystemAdministration.framework/Versions/A/SystemAdministration
0x00007ff8158c9000 	/System/Library/Frameworks/MediaToolbox.framework/Versions/A/MediaToolbox
0x00007ff81982e000 	/System/Library/Frameworks/DirectoryService.framework/Versions/A/DirectoryService
0x00007ff81d142000 	/System/Library/PrivateFrameworks/DiskImages.framework/Versions/A/DiskImages
0x00007ff812fdf000 	/System/Library/Frameworks/ServiceManagement.framework/Versions/A/ServiceManagement
0x00007ff81d31c000 	/System/Library/PrivateFrameworks/LoginUIKit.framework/Versions/A/Frameworks/LoginUICore.framework/Versions/A/LoginUICore
0x00007ff814e20000 	/usr/lib/libodfde.dylib
0x00007ff81b009000 	/System/Library/PrivateFrameworks/CoreAVCHD.framework/Versions/A/CoreAVCHD
0x00007ff819ef1000 	/System/Library/Frameworks/MediaAccessibility.framework/Versions/A/MediaAccessibility
0x00007ff81b005000 	/System/Library/PrivateFrameworks/Mangrove.framework/Versions/A/Mangrove
0x00007ff819efc000 	/System/Library/PrivateFrameworks/AlgosScoreFramework.framework/Versions/A/AlgosScoreFramework
0x00007ffb0900e000 	/System/Library/PrivateFrameworks/CMPhoto.framework/Versions/A/CMPhoto
0x00007ff81bb5e000 	/System/Library/PrivateFrameworks/AppleVPA.framework/Versions/A/AppleVPA
0x00007ff81ac4a000 	/System/Library/PrivateFrameworks/CoreAUC.framework/Versions/A/CoreAUC
0x00007ff81d2b0000 	/usr/lib/libcurl.4.dylib
0x00007ff81d00d000 	/usr/lib/libcrypto.44.dylib
0x00007ff81d115000 	/usr/lib/libssl.46.dylib
0x00007ff81cfd3000 	/System/Library/Frameworks/LDAP.framework/Versions/A/LDAP
0x00007ff81d00b000 	/System/Library/PrivateFrameworks/TrustEvaluationAgent.framework/Versions/A/TrustEvaluationAgent
0x00007ff81674b000 	/usr/lib/libsasl2.2.dylib
0x00007ff819f21000 	/System/Library/PrivateFrameworks/CoreDaemon.framework/Versions/B/CoreDaemon
0x00007ff819f1c000 	/System/Library/PrivateFrameworks/AppleSRP.framework/Versions/A/AppleSRP
0x000000011f115000 	/Library/Java/JavaVirtualMachines/zulu-8.jdk/Contents/Home/jre/lib/libsunec.dylib

VM Arguments:
jvm_args: -javaagent:/Applications/IntelliJ IDEA.app/Contents/lib/idea_rt.jar=62877:/Applications/IntelliJ IDEA.app/Contents/bin -Dfile.encoding=UTF-8 
java_command: AppInitializer
java_class_path (initial): /Library/Java/JavaVirtualMachines/zulu-8.jdk/Contents/Home/jre/lib/charsets.jar:/Library/Java/JavaVirtualMachines/zulu-8.jdk/Contents/Home/jre/lib/crs-agent.jar:/Library/Java/JavaVirtualMachines/zulu-8.jdk/Contents/Home/jre/lib/ext/cldrdata.jar:/Library/Java/JavaVirtualMachines/zulu-8.jdk/Contents/Home/jre/lib/ext/dnsns.jar:/Library/Java/JavaVirtualMachines/zulu-8.jdk/Contents/Home/jre/lib/ext/jaccess.jar:/Library/Java/JavaVirtualMachines/zulu-8.jdk/Contents/Home/jre/lib/ext/jfxrt.jar:/Library/Java/JavaVirtualMachines/zulu-8.jdk/Contents/Home/jre/lib/ext/legacy8ujsse.jar:/Library/Java/JavaVirtualMachines/zulu-8.jdk/Contents/Home/jre/lib/ext/localedata.jar:/Library/Java/JavaVirtualMachines/zulu-8.jdk/Contents/Home/jre/lib/ext/nashorn.jar:/Library/Java/JavaVirtualMachines/zulu-8.jdk/Contents/Home/jre/lib/ext/openjsse.jar:/Library/Java/JavaVirtualMachines/zulu-8.jdk/Contents/Home/jre/lib/ext/sunec.jar:/Library/Java/JavaVirtualMachines/zulu-8.jdk/Contents/Home/jre/lib/ext/sunjce_provider.jar:/Library/Java/JavaVirtualMachines/zulu-8.jdk/Contents/Home/jre/lib/ext/sunpkcs11.jar:/Library/Java/JavaVirtualMachines/zulu-8.jdk/Contents/Home/jre/lib/ext/zipfs.jar:/Library/Java/JavaVirtualMachines/zulu-8.jdk/Contents/Home/jre/lib/jce.jar:/Library/Java/JavaVirtualMachines/zulu-8.jdk/Contents/Home/jre/lib/jfr.jar:/Library/Java/JavaVirtualMachines/zulu-8.jdk/Contents/Home/jre/lib/jfxswt.jar:/Library/Java/JavaVirtualMachines/zulu-8.jdk/Contents/Home/jre/lib/jsse.jar:/Library/Java/JavaVirtualMachines/zulu-8.jdk/Contents/Home/jre/lib/management-agent.jar:/Library/Java/JavaVirtualMachines/zulu-8.jdk/Contents/Home/jre/lib/resources.jar:/Library/Java/JavaVirtualMachines/zulu-8.jdk/Contents/Home/jre/lib/rt.jar:/Library/Java/JavaVirtualMachines/zulu-8.jdk/Contents/Home/lib/ant-javafx.jar:/Library/Java/JavaVirtualMachines/zulu-8.jdk/Contents/Home/lib/dt.jar:/Library/Java/JavaVirtualMachines/zulu-8.jdk/Contents/Home/lib/javafx-mx.jar:/Library/Java/JavaVirtualMachi
Launcher Type: SUN_STANDARD

Environment Variables:
PATH=/Users/kasunrachintha/opt/anaconda3/bin:/Library/Frameworks/Python.framework/Versions/3.9/bin:/usr/local/bin:/usr/bin:/bin:/usr/sbin:/sbin:/Applications/VMware Fusion.app/Contents/Public
SHELL=/bin/zsh

Signal Handlers:
SIGSEGV: [libjvm.dylib+0x5b2935], sa_mask[0]=11111111011111110111111111111111, sa_flags=SA_ONSTACK|SA_RESTART|SA_SIGINFO
SIGBUS: [libjvm.dylib+0x5b2935], sa_mask[0]=11111111011111110111111111111111, sa_flags=SA_RESTART|SA_SIGINFO
SIGFPE: [libjvm.dylib+0x4a1701], sa_mask[0]=11111111011111110111111111111111, sa_flags=SA_RESTART|SA_SIGINFO
SIGPIPE: [libjvm.dylib+0x4a1701], sa_mask[0]=11111111011111110111111111111111, sa_flags=SA_RESTART|SA_SIGINFO
SIGXFSZ: [libjvm.dylib+0x4a1701], sa_mask[0]=11111111011111110111111111111111, sa_flags=SA_RESTART|SA_SIGINFO
SIGILL: [libjvm.dylib+0x4a1701], sa_mask[0]=11111111011111110111111111111111, sa_flags=SA_RESTART|SA_SIGINFO
SIGUSR1: SIG_DFL, sa_mask[0]=00000000000000000000000000000000, sa_flags=none
SIGUSR2: [libjvm.dylib+0x4a1ff0], sa_mask[0]=00100000000000000000000000000000, sa_flags=SA_RESTART|SA_SIGINFO
SIGHUP: [libjvm.dylib+0x4a013f], sa_mask[0]=11111111011111110111111111111111, sa_flags=SA_RESTART|SA_SIGINFO
SIGINT: [libjvm.dylib+0x4a013f], sa_mask[0]=11111111011111110111111111111111, sa_flags=SA_RESTART|SA_SIGINFO
SIGTERM: [libjvm.dylib+0x4a013f], sa_mask[0]=11111111011111110111111111111111, sa_flags=SA_RESTART|SA_SIGINFO
SIGQUIT: [libjvm.dylib+0x4a013f], sa_mask[0]=11111111011111110111111111111111, sa_flags=SA_RESTART|SA_SIGINFO


---------------  S Y S T E M  ---------------

OS:Bsduname:Darwin 21.3.0 Darwin Kernel Version 21.3.0: Wed Jan  5 21:37:58 PST 2022; root:xnu-8019.80.24~20/RELEASE_X86_64 x86_64
rlimit: STACK 8192k, CORE 0k, NPROC 1392, NOFILE 10240, AS infinity
load average:3.49 3.05 2.94

CPU:total 4 (initial active 4) (2 cores per cpu, 2 threads per core) family 6 model 78 stepping 3, cmov, cx8, fxsr, mmx, sse, sse2, sse3, ssse3, sse4.1, sse4.2, popcnt, avx, avx2, aes, clmul, erms, 3dnowpref, lzcnt, ht, tsc, tscinvbit, bmi1, bmi2, adx

Memory: 4k page, physical 8388608k(158440k free)

/proc/meminfo:


vm_info: OpenJDK 64-Bit Server VM (25.312-b07) for bsd-amd64 JRE (Zulu 8.58.0.13-CA-macosx) (1.8.0_312-b07), built on Oct 11 2021 08:36:41 by "zulu_re" with gcc 4.2.1 Compatible Apple LLVM 11.0.0 (clang-1100.0.33.17)

time: Mon May 23 15:54:14 2022
timezone: +0530
elapsed time: 19.513859 seconds (0d 0h 0m 19s)

